Copyright 1986-2021 Xilinx, Inc. All Rights Reserved.
------------------------------------------------------------------------------------
| Tool Version : Vivado v.2021.2 (lin64) Build 3367213 Tue Oct 19 02:47:39 MDT 2021
| Date         : Thu Dec  2 10:27:58 2021
| Host         : srv-b1b07-10-01.cern.ch running 64-bit unknown
| Command      : upgrade_ip
| Device       : xc7vx690tffg1927-2
------------------------------------------------------------------------------------

Upgrade Log for IP 'dp_mem_4096x32'

1. Summary
----------

SUCCESS in the upgrade of dp_mem_4096x32 (xilinx.com:ip:blk_mem_gen:8.4) from (Rev. 2) to (Rev. 5)






Copyright 1986-2021 Xilinx, Inc. All Rights Reserved.
------------------------------------------------------------------------------------
| Tool Version : Vivado v.2021.2 (lin64) Build 3367213 Tue Oct 19 02:47:39 MDT 2021
| Date         : Thu Dec  2 08:43:47 2021
| Host         : srv-b1b07-10-01.cern.ch running 64-bit unknown
| Command      : upgrade_ip
| Device       : xc7vx690tffg1927-2
------------------------------------------------------------------------------------

Upgrade Log for IP 'rom_lut_muon_inv_dr_sq_6'

1. Summary
----------

SUCCESS in the upgrade of rom_lut_muon_inv_dr_sq_6 (xilinx.com:ip:blk_mem_gen:8.4) from (Rev. 4) to (Rev. 5)






Copyright 1986-2021 Xilinx, Inc. All Rights Reserved.
------------------------------------------------------------------------------------
| Tool Version : Vivado v.2021.2 (lin64) Build 3367213 Tue Oct 19 02:47:39 MDT 2021
| Date         : Thu Dec  2 08:41:26 2021
| Host         : srv-b1b07-10-01.cern.ch running 64-bit unknown
| Command      : upgrade_ip
| Device       : xc7vx690tffg1927-2
------------------------------------------------------------------------------------

Upgrade Log for IP 'rom_lut_muon_inv_dr_sq_5'

1. Summary
----------

SUCCESS in the upgrade of rom_lut_muon_inv_dr_sq_5 (xilinx.com:ip:blk_mem_gen:8.4) from (Rev. 4) to (Rev. 5)






Copyright 1986-2021 Xilinx, Inc. All Rights Reserved.
------------------------------------------------------------------------------------
| Tool Version : Vivado v.2021.2 (lin64) Build 3367213 Tue Oct 19 02:47:39 MDT 2021
| Date         : Thu Dec  2 08:39:07 2021
| Host         : srv-b1b07-10-01.cern.ch running 64-bit unknown
| Command      : upgrade_ip
| Device       : xc7vx690tffg1927-2
------------------------------------------------------------------------------------

Upgrade Log for IP 'rom_lut_muon_inv_dr_sq_4'

1. Summary
----------

SUCCESS in the upgrade of rom_lut_muon_inv_dr_sq_4 (xilinx.com:ip:blk_mem_gen:8.4) from (Rev. 4) to (Rev. 5)






Copyright 1986-2021 Xilinx, Inc. All Rights Reserved.
------------------------------------------------------------------------------------
| Tool Version : Vivado v.2021.2 (lin64) Build 3367213 Tue Oct 19 02:47:39 MDT 2021
| Date         : Thu Dec  2 08:36:44 2021
| Host         : srv-b1b07-10-01.cern.ch running 64-bit unknown
| Command      : upgrade_ip
| Device       : xc7vx690tffg1927-2
------------------------------------------------------------------------------------

Upgrade Log for IP 'rom_lut_muon_inv_dr_sq_3'

1. Summary
----------

SUCCESS in the upgrade of rom_lut_muon_inv_dr_sq_3 (xilinx.com:ip:blk_mem_gen:8.4) from (Rev. 4) to (Rev. 5)






Copyright 1986-2021 Xilinx, Inc. All Rights Reserved.
------------------------------------------------------------------------------------
| Tool Version : Vivado v.2021.2 (lin64) Build 3367213 Tue Oct 19 02:47:39 MDT 2021
| Date         : Thu Dec  2 08:33:38 2021
| Host         : srv-b1b07-10-01.cern.ch running 64-bit unknown
| Command      : upgrade_ip
| Device       : xc7vx690tffg1927-2
------------------------------------------------------------------------------------

Upgrade Log for IP 'rom_lut_muon_inv_dr_sq_2'

1. Summary
----------

SUCCESS in the upgrade of rom_lut_muon_inv_dr_sq_2 (xilinx.com:ip:blk_mem_gen:8.4) from (Rev. 4) to (Rev. 5)






Copyright 1986-2021 Xilinx, Inc. All Rights Reserved.
------------------------------------------------------------------------------------
| Tool Version : Vivado v.2021.2 (lin64) Build 3367213 Tue Oct 19 02:47:39 MDT 2021
| Date         : Thu Dec  2 08:30:38 2021
| Host         : srv-b1b07-10-01.cern.ch running 64-bit unknown
| Command      : upgrade_ip
| Device       : xc7vx690tffg1927-2
------------------------------------------------------------------------------------

Upgrade Log for IP 'rom_lut_muon_inv_dr_sq_1'

1. Summary
----------

SUCCESS in the upgrade of rom_lut_muon_inv_dr_sq_1 (xilinx.com:ip:blk_mem_gen:8.4) from (Rev. 4) to (Rev. 5)

