This is pdfTeX, Version 3.1415926-2.5-1.40.14 (TeX Live 2013/Debian) (format=pdflatex 2018.10.12)  3 DEC 2020 10:34
entering extended mode
 \write18 enabled.
 %&-line parsing enabled.
**gtl_4_emulator
(./gtl_4_emulator.tex
LaTeX2e <2011/06/27>
Babel <3.9h> and hyphenation patterns for 2 languages loaded.
(/usr/share/texlive/texmf-dist/tex/latex/base/article.cls
Document Class: article 2007/10/19 v1.4h Standard LaTeX document class
(/usr/share/texlive/texmf-dist/tex/latex/base/size11.clo
File: size11.clo 2007/10/19 v1.4h Standard LaTeX file (size option)
)
\c@part=\count79
\c@section=\count80
\c@subsection=\count81
\c@subsubsection=\count82
\c@paragraph=\count83
\c@subparagraph=\count84
\c@figure=\count85
\c@table=\count86
\abovecaptionskip=\skip41
\belowcaptionskip=\skip42
\bibindent=\dimen102
)
(/home/bergauer/GlobalTriggerUpgrade/utils/latex/gtupgrade.sty
(/usr/share/texlive/texmf-dist/tex/latex/base/fontenc.sty
Package: fontenc 2005/09/27 v1.99g Standard LaTeX package

(/usr/share/texlive/texmf-dist/tex/latex/base/t1enc.def
File: t1enc.def 2005/09/27 v1.99g Standard LaTeX file
LaTeX Font Info:    Redeclaring font encoding T1 on input line 43.
))
(/usr/share/texlive/texmf-dist/tex/latex/base/inputenc.sty
Package: inputenc 2008/03/30 v1.1d Input encoding file
\inpenc@prehook=\toks14
\inpenc@posthook=\toks15

(/usr/share/texlive/texmf-dist/tex/latex/ucs/utf8x.def
File: utf8x.def 2004/10/17 UCS: Input encoding UTF-8
))
(/usr/share/texlive/texmf-dist/tex/latex/ucs/ucs.sty
Package: ucs 2013/05/11 v2.2 UCS: Unicode input support

(/usr/share/texlive/texmf-dist/tex/latex/ucs/data/uni-global.def
File: uni-global.def 2013/05/13 UCS: Unicode global data
)
\uc@secondtry=\count87
\uc@combtoks=\toks16
\uc@combtoksb=\toks17
\uc@temptokena=\toks18
)
(/usr/share/texlive/texmf-dist/tex/generic/babel/babel.sty
Package: babel 2013/12/03 3.9h The Babel package

(/usr/share/texlive/texmf-dist/tex/generic/babel-english/english.ldf
Language: english 2012/08/20 v3.3p English support from the babel system

(/usr/share/texlive/texmf-dist/tex/generic/babel/babel.def
File: babel.def 2013/12/03 3.9h Babel common definitions
\babel@savecnt=\count88
\U@D=\dimen103
)
\l@british = a dialect from \language\l@english 
\l@UKenglish = a dialect from \language\l@english 
\l@canadian = a dialect from \language\l@american 
\l@australian = a dialect from \language\l@british 
\l@newzealand = a dialect from \language\l@british 
))
(/usr/share/texlive/texmf-dist/tex/latex/tools/xspace.sty
Package: xspace 2009/10/20 v1.13 Space after command names (DPC,MH)
)
(/usr/share/texmf/tex/latex/lm/lmodern.sty
Package: lmodern 2009/10/30 v1.6 Latin Modern Fonts
LaTeX Font Info:    Overwriting symbol font `operators' in version `normal'
(Font)                  OT1/cmr/m/n --> OT1/lmr/m/n on input line 22.
LaTeX Font Info:    Overwriting symbol font `letters' in version `normal'
(Font)                  OML/cmm/m/it --> OML/lmm/m/it on input line 23.
LaTeX Font Info:    Overwriting symbol font `symbols' in version `normal'
(Font)                  OMS/cmsy/m/n --> OMS/lmsy/m/n on input line 24.
LaTeX Font Info:    Overwriting symbol font `largesymbols' in version `normal'
(Font)                  OMX/cmex/m/n --> OMX/lmex/m/n on input line 25.
LaTeX Font Info:    Overwriting symbol font `operators' in version `bold'
(Font)                  OT1/cmr/bx/n --> OT1/lmr/bx/n on input line 26.
LaTeX Font Info:    Overwriting symbol font `letters' in version `bold'
(Font)                  OML/cmm/b/it --> OML/lmm/b/it on input line 27.
LaTeX Font Info:    Overwriting symbol font `symbols' in version `bold'
(Font)                  OMS/cmsy/b/n --> OMS/lmsy/b/n on input line 28.
LaTeX Font Info:    Overwriting symbol font `largesymbols' in version `bold'
(Font)                  OMX/cmex/m/n --> OMX/lmex/m/n on input line 29.
LaTeX Font Info:    Overwriting math alphabet `\mathbf' in version `normal'
(Font)                  OT1/cmr/bx/n --> OT1/lmr/bx/n on input line 31.
LaTeX Font Info:    Overwriting math alphabet `\mathsf' in version `normal'
(Font)                  OT1/cmss/m/n --> OT1/lmss/m/n on input line 32.
LaTeX Font Info:    Overwriting math alphabet `\mathit' in version `normal'
(Font)                  OT1/cmr/m/it --> OT1/lmr/m/it on input line 33.
LaTeX Font Info:    Overwriting math alphabet `\mathtt' in version `normal'
(Font)                  OT1/cmtt/m/n --> OT1/lmtt/m/n on input line 34.
LaTeX Font Info:    Overwriting math alphabet `\mathbf' in version `bold'
(Font)                  OT1/cmr/bx/n --> OT1/lmr/bx/n on input line 35.
LaTeX Font Info:    Overwriting math alphabet `\mathsf' in version `bold'
(Font)                  OT1/cmss/bx/n --> OT1/lmss/bx/n on input line 36.
LaTeX Font Info:    Overwriting math alphabet `\mathit' in version `bold'
(Font)                  OT1/cmr/bx/it --> OT1/lmr/bx/it on input line 37.
LaTeX Font Info:    Overwriting math alphabet `\mathtt' in version `bold'
(Font)                  OT1/cmtt/m/n --> OT1/lmtt/m/n on input line 38.
)
(/usr/share/texlive/texmf-dist/tex/latex/psnfss/courier.sty
Package: courier 2005/04/12 PSNFSS-v9.2a (WaS) 
)
(/usr/share/texlive/texmf-dist/tex/latex/a4wide/a4wide.sty
Package: a4wide 1994/08/30

(/usr/share/texlive/texmf-dist/tex/latex/ntgclass/a4.sty
Package: a4 2004/04/15 v1.2g A4 based page layout
))
(/usr/share/texlive/texmf-dist/tex/latex/graphics/color.sty
Package: color 2005/11/14 v1.0j Standard LaTeX Color (DPC)

(/usr/share/texlive/texmf-dist/tex/latex/latexconfig/color.cfg
File: color.cfg 2007/01/18 v1.5 color configuration of teTeX/TeXLive
)
Package color Info: Driver file: pdftex.def on input line 130.

(/usr/share/texlive/texmf-dist/tex/latex/pdftex-def/pdftex.def
File: pdftex.def 2011/05/27 v0.06d Graphics/color for pdfTeX

(/usr/share/texlive/texmf-dist/tex/generic/oberdiek/infwarerr.sty
Package: infwarerr 2010/04/08 v1.3 Providing info/warning/error messages (HO)
)
(/usr/share/texlive/texmf-dist/tex/generic/oberdiek/ltxcmds.sty
Package: ltxcmds 2011/11/09 v1.22 LaTeX kernel commands for general use (HO)
)
\Gread@gobject=\count89
))
(/usr/share/texlive/texmf-dist/tex/latex/graphics/graphicx.sty
Package: graphicx 1999/02/16 v1.0f Enhanced LaTeX Graphics (DPC,SPQR)

(/usr/share/texlive/texmf-dist/tex/latex/graphics/keyval.sty
Package: keyval 1999/03/16 v1.13 key=value parser (DPC)
\KV@toks@=\toks19
)
(/usr/share/texlive/texmf-dist/tex/latex/graphics/graphics.sty
Package: graphics 2009/02/05 v1.0o Standard LaTeX Graphics (DPC,SPQR)

(/usr/share/texlive/texmf-dist/tex/latex/graphics/trig.sty
Package: trig 1999/03/16 v1.09 sin cos tan (DPC)
)
(/usr/share/texlive/texmf-dist/tex/latex/latexconfig/graphics.cfg
File: graphics.cfg 2010/04/23 v1.9 graphics configuration of TeX Live
)
Package graphics Info: Driver file: pdftex.def on input line 91.
)
\Gin@req@height=\dimen104
\Gin@req@width=\dimen105
)
(/usr/share/texlive/texmf-dist/tex/latex/tools/tabularx.sty
Package: tabularx 1999/01/07 v2.07 `tabularx' package (DPC)

(/usr/share/texlive/texmf-dist/tex/latex/tools/array.sty
Package: array 2008/09/09 v2.4c Tabular extension package (FMi)
\col@sep=\dimen106
\extrarowheight=\dimen107
\NC@list=\toks20
\extratabsurround=\skip43
\backup@length=\skip44
)
\TX@col@width=\dimen108
\TX@old@table=\dimen109
\TX@old@col=\dimen110
\TX@target=\dimen111
\TX@delta=\dimen112
\TX@cols=\count90
\TX@ftn=\toks21
)
(/usr/share/texlive/texmf-dist/tex/latex/hyphenat/hyphenat.sty
Package: hyphenat 2009/09/02 v2.3c hyphenation utilities
\langwohyphens=\language3
LaTeX Info: Redefining \_ on input line 43.
)
(/usr/share/texlive/texmf-dist/tex/latex/lastpage/lastpage.sty
Package: lastpage 2013/01/28 v1.2l Refers to last page's name (HMM; JPG)
)
(/usr/share/texlive/texmf-dist/tex/latex/listings/listings.sty
\lst@mode=\count91
\lst@gtempboxa=\box26
\lst@token=\toks22
\lst@length=\count92
\lst@currlwidth=\dimen113
\lst@column=\count93
\lst@pos=\count94
\lst@lostspace=\dimen114
\lst@width=\dimen115
\lst@newlines=\count95
\lst@lineno=\count96
\lst@maxwidth=\dimen116

(/usr/share/texlive/texmf-dist/tex/latex/listings/lstmisc.sty
File: lstmisc.sty 2013/08/26 1.5b (Carsten Heinz)
\c@lstnumber=\count97
\lst@skipnumbers=\count98
\lst@framebox=\box27
)
(/usr/share/texlive/texmf-dist/tex/latex/listings/listings.cfg
File: listings.cfg 2013/08/26 1.5b listings configuration
))
Package: listings 2013/08/26 1.5b (Carsten Heinz)

(/usr/share/texlive/texmf-dist/tex/latex/graphics/lscape.sty
Package: lscape 2000/10/22 v3.01 Landscape Pages (DPC)
)
(/usr/share/texlive/texmf-dist/tex/latex/base/textcomp.sty
Package: textcomp 2005/09/27 v1.99g Standard LaTeX package
Package textcomp Info: Sub-encoding information:
(textcomp)               5 = only ISO-Adobe without \textcurrency
(textcomp)               4 = 5 + \texteuro
(textcomp)               3 = 4 + \textohm
(textcomp)               2 = 3 + \textestimated + \textcurrency
(textcomp)               1 = TS1 - \textcircled - \t
(textcomp)               0 = TS1 (full)
(textcomp)             Font families with sub-encoding setting implement
(textcomp)             only a restricted character set as indicated.
(textcomp)             Family '?' is the default used for unknown fonts.
(textcomp)             See the documentation for details.
Package textcomp Info: Setting ? sub-encoding to TS1/1 on input line 71.

(/usr/share/texlive/texmf-dist/tex/latex/base/ts1enc.def
File: ts1enc.def 2001/06/05 v3.0e (jk/car/fm) Standard LaTeX file
)
LaTeX Info: Redefining \oldstylenums on input line 266.
Package textcomp Info: Setting cmr sub-encoding to TS1/0 on input line 281.
Package textcomp Info: Setting cmss sub-encoding to TS1/0 on input line 282.
Package textcomp Info: Setting cmtt sub-encoding to TS1/0 on input line 283.
Package textcomp Info: Setting cmvtt sub-encoding to TS1/0 on input line 284.
Package textcomp Info: Setting cmbr sub-encoding to TS1/0 on input line 285.
Package textcomp Info: Setting cmtl sub-encoding to TS1/0 on input line 286.
Package textcomp Info: Setting ccr sub-encoding to TS1/0 on input line 287.
Package textcomp Info: Setting ptm sub-encoding to TS1/4 on input line 288.
Package textcomp Info: Setting pcr sub-encoding to TS1/4 on input line 289.
Package textcomp Info: Setting phv sub-encoding to TS1/4 on input line 290.
Package textcomp Info: Setting ppl sub-encoding to TS1/3 on input line 291.
Package textcomp Info: Setting pag sub-encoding to TS1/4 on input line 292.
Package textcomp Info: Setting pbk sub-encoding to TS1/4 on input line 293.
Package textcomp Info: Setting pnc sub-encoding to TS1/4 on input line 294.
Package textcomp Info: Setting pzc sub-encoding to TS1/4 on input line 295.
Package textcomp Info: Setting bch sub-encoding to TS1/4 on input line 296.
Package textcomp Info: Setting put sub-encoding to TS1/5 on input line 297.
Package textcomp Info: Setting uag sub-encoding to TS1/5 on input line 298.
Package textcomp Info: Setting ugq sub-encoding to TS1/5 on input line 299.
Package textcomp Info: Setting ul8 sub-encoding to TS1/4 on input line 300.
Package textcomp Info: Setting ul9 sub-encoding to TS1/4 on input line 301.
Package textcomp Info: Setting augie sub-encoding to TS1/5 on input line 302.
Package textcomp Info: Setting dayrom sub-encoding to TS1/3 on input line 303.
Package textcomp Info: Setting dayroms sub-encoding to TS1/3 on input line 304.

Package textcomp Info: Setting pxr sub-encoding to TS1/0 on input line 305.
Package textcomp Info: Setting pxss sub-encoding to TS1/0 on input line 306.
Package textcomp Info: Setting pxtt sub-encoding to TS1/0 on input line 307.
Package textcomp Info: Setting txr sub-encoding to TS1/0 on input line 308.
Package textcomp Info: Setting txss sub-encoding to TS1/0 on input line 309.
Package textcomp Info: Setting txtt sub-encoding to TS1/0 on input line 310.
Package textcomp Info: Setting lmr sub-encoding to TS1/0 on input line 311.
Package textcomp Info: Setting lmdh sub-encoding to TS1/0 on input line 312.
Package textcomp Info: Setting lmss sub-encoding to TS1/0 on input line 313.
Package textcomp Info: Setting lmssq sub-encoding to TS1/0 on input line 314.
Package textcomp Info: Setting lmvtt sub-encoding to TS1/0 on input line 315.
Package textcomp Info: Setting qhv sub-encoding to TS1/0 on input line 316.
Package textcomp Info: Setting qag sub-encoding to TS1/0 on input line 317.
Package textcomp Info: Setting qbk sub-encoding to TS1/0 on input line 318.
Package textcomp Info: Setting qcr sub-encoding to TS1/0 on input line 319.
Package textcomp Info: Setting qcs sub-encoding to TS1/0 on input line 320.
Package textcomp Info: Setting qpl sub-encoding to TS1/0 on input line 321.
Package textcomp Info: Setting qtm sub-encoding to TS1/0 on input line 322.
Package textcomp Info: Setting qzc sub-encoding to TS1/0 on input line 323.
Package textcomp Info: Setting qhvc sub-encoding to TS1/0 on input line 324.
Package textcomp Info: Setting futs sub-encoding to TS1/4 on input line 325.
Package textcomp Info: Setting futx sub-encoding to TS1/4 on input line 326.
Package textcomp Info: Setting futj sub-encoding to TS1/4 on input line 327.
Package textcomp Info: Setting hlh sub-encoding to TS1/3 on input line 328.
Package textcomp Info: Setting hls sub-encoding to TS1/3 on input line 329.
Package textcomp Info: Setting hlst sub-encoding to TS1/3 on input line 330.
Package textcomp Info: Setting hlct sub-encoding to TS1/5 on input line 331.
Package textcomp Info: Setting hlx sub-encoding to TS1/5 on input line 332.
Package textcomp Info: Setting hlce sub-encoding to TS1/5 on input line 333.
Package textcomp Info: Setting hlcn sub-encoding to TS1/5 on input line 334.
Package textcomp Info: Setting hlcw sub-encoding to TS1/5 on input line 335.
Package textcomp Info: Setting hlcf sub-encoding to TS1/5 on input line 336.
Package textcomp Info: Setting pplx sub-encoding to TS1/3 on input line 337.
Package textcomp Info: Setting pplj sub-encoding to TS1/3 on input line 338.
Package textcomp Info: Setting ptmx sub-encoding to TS1/4 on input line 339.
Package textcomp Info: Setting ptmj sub-encoding to TS1/4 on input line 340.
)
(/usr/share/texlive/texmf-dist/tex/latex/titlesec/titlesec.sty
Package: titlesec 2011/12/15 v2.10.0 Sectioning titles
\ttl@box=\box28
\beforetitleunit=\skip45
\aftertitleunit=\skip46
\ttl@plus=\dimen117
\ttl@minus=\dimen118
\ttl@toksa=\toks23
\titlewidth=\dimen119
\titlewidthlast=\dimen120
\titlewidthfirst=\dimen121
)
(/usr/share/texlive/texmf-dist/tex/latex/upquote/upquote.sty
Package: upquote 2012/04/19 v1.3 upright-quote and grave-accent glyphs in verba
tim
)
(/usr/share/texlive/texmf-dist/tex/latex/url/url.sty
\Urlmuskip=\muskip10
Package: url 2013/09/16  ver 3.4  Verb mode for urls, etc.
)
(/usr/share/texlive/texmf-dist/tex/latex/tools/longtable.sty
Package: longtable 2004/02/01 v4.11 Multi-page Table package (DPC)
\LTleft=\skip47
\LTright=\skip48
\LTpre=\skip49
\LTpost=\skip50
\LTchunksize=\count99
\LTcapwidth=\dimen122
\LT@head=\box29
\LT@firsthead=\box30
\LT@foot=\box31
\LT@lastfoot=\box32
\LT@cols=\count100
\LT@rows=\count101
\c@LT@tables=\count102
\c@LT@chunks=\count103
\LT@p@ftn=\toks24
)
(/usr/share/texlive/texmf-dist/tex/latex/amsmath/amsmath.sty
Package: amsmath 2013/01/14 v2.14 AMS math features
\@mathmargin=\skip51

For additional information on amsmath, use the `?' option.
(/usr/share/texlive/texmf-dist/tex/latex/amsmath/amstext.sty
Package: amstext 2000/06/29 v2.01

(/usr/share/texlive/texmf-dist/tex/latex/amsmath/amsgen.sty
File: amsgen.sty 1999/11/30 v2.0
\@emptytoks=\toks25
\ex@=\dimen123
))
(/usr/share/texlive/texmf-dist/tex/latex/amsmath/amsbsy.sty
Package: amsbsy 1999/11/29 v1.2d
\pmbraise@=\dimen124
)
(/usr/share/texlive/texmf-dist/tex/latex/amsmath/amsopn.sty
Package: amsopn 1999/12/14 v2.01 operator names
)
\inf@bad=\count104
LaTeX Info: Redefining \frac on input line 210.
\uproot@=\count105
\leftroot@=\count106
LaTeX Info: Redefining \overline on input line 306.
\classnum@=\count107
\DOTSCASE@=\count108
LaTeX Info: Redefining \ldots on input line 378.
LaTeX Info: Redefining \dots on input line 381.
LaTeX Info: Redefining \cdots on input line 466.
\Mathstrutbox@=\box33
\strutbox@=\box34
\big@size=\dimen125
LaTeX Font Info:    Redeclaring font encoding OML on input line 566.
LaTeX Font Info:    Redeclaring font encoding OMS on input line 567.
\macc@depth=\count109
\c@MaxMatrixCols=\count110
\dotsspace@=\muskip11
\c@parentequation=\count111
\dspbrk@lvl=\count112
\tag@help=\toks26
\row@=\count113
\column@=\count114
\maxfields@=\count115
\andhelp@=\toks27
\eqnshift@=\dimen126
\alignsep@=\dimen127
\tagshift@=\dimen128
\tagwidth@=\dimen129
\totwidth@=\dimen130
\lineht@=\dimen131
\@envbody=\toks28
\multlinegap=\skip52
\multlinetaggap=\skip53
\mathdisplay@stack=\toks29
LaTeX Info: Redefining \[ on input line 2665.
LaTeX Info: Redefining \] on input line 2666.
)
(/usr/share/texlive/texmf-dist/tex/latex/register/register.sty
Package: register 2011/01/11 v1.6 Register macros with hyperref/LyX support

(/usr/share/texlive/texmf-dist/tex/latex/base/ifthen.sty
Package: ifthen 2001/05/26 v1.1c Standard LaTeX ifthen package (DPC)
)
(/usr/share/texlive/texmf-dist/tex/latex/float/float.sty
Package: float 2001/11/08 v1.3d Float enhancements (AL)
\c@float@type=\count116
\float@exts=\toks30
\float@box=\box35
\@float@everytoks=\toks31
\@floatcapt=\box36
)
(/usr/share/texlive/texmf-dist/tex/latex/tools/calc.sty
Package: calc 2007/08/22 v4.3 Infix arithmetic (KKT,FJ)
\calc@Acount=\count117
\calc@Bcount=\count118
\calc@Adimen=\dimen132
\calc@Bdimen=\dimen133
\calc@Askip=\skip54
\calc@Bskip=\skip55
LaTeX Info: Redefining \setlength on input line 76.
LaTeX Info: Redefining \addtolength on input line 77.
\calc@Ccount=\count119
\calc@Cskip=\skip56
)
\@float@every@Regfloat=\toks32
\c@Regfloat=\count120
\regWidth=\skip57
\regFieldLen=\skip58
\regLabelAdjust=\skip59
\regResetHeight=\skip60
\regResetDepth=\skip61
\regResetDrop=\skip62
\regDescSkip=\skip63
\regdescsep=\skip64
\oldregdescsep=\skip65
\Label=\box37
\RotatedLabel=\box38
\c@upperbit=\count121
\c@lowerbit=\count122
\c@T@peReleaseTag=\count123
\TRwidth=\skip66
\T@peReleaseDepth=\skip67
)
\@float@every@table=\toks33

(/home/bergauer/GlobalTriggerUpgrade/utils/latex/acronyms.sty)
(/home/bergauer/GlobalTriggerUpgrade/utils/latex/bytefield.sty
Package: bytefield 2011/06/19 v2.1 Network protocol diagrams
\bytefield@height=\skip68
\bytefield@height@increment=\skip69
\entire@bytefield@picture=\box39
\bf@bitwidth=\skip70
\bf@bitheight=\skip71
\units@wide=\skip72
\units@tall=\skip73
\units@high=\skip74
\header@xpos=\skip75
\c@header@val=\count124
\c@max@header@val=\count125
\curly@box=\box40
\wordlabelr@start=\skip76
\wordlabelr@end=\skip77
\wordlabell@start=\skip78
\wordlabell@end=\skip79
\total@lbox@width=\skip80
\label@box@width=\skip81
\label@box@height=\skip82
\word@label@box=\box41
)
(/home/bergauer/GlobalTriggerUpgrade/utils/latex/multirow.sty
\bigstrutjot=\dimen134
)
(/home/bergauer/GlobalTriggerUpgrade/utils/latex/booktabs.sty
Package: booktabs 2005/04/14 v1.61803 publication quality tables
\heavyrulewidth=\dimen135
\lightrulewidth=\dimen136
\cmidrulewidth=\dimen137
\belowrulesep=\dimen138
\belowbottomsep=\dimen139
\aboverulesep=\dimen140
\abovetopsep=\dimen141
\cmidrulesep=\dimen142
\cmidrulekern=\dimen143
\defaultaddspace=\dimen144
\@cmidla=\count126
\@cmidlb=\count127
\@aboverulesep=\dimen145
\@belowrulesep=\dimen146
\@thisruleclass=\count128
\@lastruleclass=\count129
\@thisrulewidth=\dimen147
)
(/usr/share/texlive/texmf-dist/tex/latex/acronym/acronym.sty
Package: acronym 2012/10/29 v1.38 Support for acronyms (Tobias Oetiker)

(/usr/share/texlive/texmf-dist/tex/latex/bigfoot/suffix.sty
Package: suffix 2006/07/15 1.5 Variant command support
)
(/usr/share/texlive/texmf-dist/tex/generic/xstring/xstring.sty
(/usr/share/texlive/texmf-dist/tex/generic/xstring/xstring.tex
\@xs@message=\write3
\integerpart=\count130
\decimalpart=\count131
)
Package: xstring 2013/10/13  v1.7c  String manipulations (C Tellechea)
)
\AC@clearlist=\toks34
)
(/usr/share/texlive/texmf-dist/tex/latex/fancyhdr/fancyhdr.sty
\fancy@headwidth=\skip83
\f@ncyO@elh=\skip84
\f@ncyO@erh=\skip85
\f@ncyO@olh=\skip86
\f@ncyO@orh=\skip87
\f@ncyO@elf=\skip88
\f@ncyO@erf=\skip89
\f@ncyO@olf=\skip90
\f@ncyO@orf=\skip91
)
(/usr/share/texlive/texmf-dist/tex/latex/oberdiek/epstopdf.sty
Package: epstopdf 2010/02/09 v2.5 Conversion with epstopdf on the fly (HO)

(/usr/share/texlive/texmf-dist/tex/latex/oberdiek/epstopdf-base.sty
Package: epstopdf-base 2010/02/09 v2.5 Base part for package epstopdf

(/usr/share/texlive/texmf-dist/tex/latex/oberdiek/grfext.sty
Package: grfext 2010/08/19 v1.1 Manage graphics extensions (HO)

(/usr/share/texlive/texmf-dist/tex/generic/oberdiek/kvdefinekeys.sty
Package: kvdefinekeys 2011/04/07 v1.3 Define keys (HO)
))
(/usr/share/texlive/texmf-dist/tex/latex/oberdiek/kvoptions.sty
Package: kvoptions 2011/06/30 v3.11 Key value format for package options (HO)

(/usr/share/texlive/texmf-dist/tex/generic/oberdiek/kvsetkeys.sty
Package: kvsetkeys 2012/04/25 v1.16 Key value parser (HO)

(/usr/share/texlive/texmf-dist/tex/generic/oberdiek/etexcmds.sty
Package: etexcmds 2011/02/16 v1.5 Avoid name clashes with e-TeX commands (HO)

(/usr/share/texlive/texmf-dist/tex/generic/oberdiek/ifluatex.sty
Package: ifluatex 2010/03/01 v1.3 Provides the ifluatex switch (HO)
Package ifluatex Info: LuaTeX not detected.
)
Package etexcmds Info: Could not find \expanded.
(etexcmds)             That can mean that you are not using pdfTeX 1.50 or
(etexcmds)             that some package has redefined \expanded.
(etexcmds)             In the latter case, load this package earlier.
)))
(/usr/share/texlive/texmf-dist/tex/generic/oberdiek/pdftexcmds.sty
Package: pdftexcmds 2011/11/29 v0.20 Utility functions of pdfTeX for LuaTeX (HO
)

(/usr/share/texlive/texmf-dist/tex/generic/oberdiek/ifpdf.sty
Package: ifpdf 2011/01/30 v2.3 Provides the ifpdf switch (HO)
Package ifpdf Info: pdfTeX in PDF mode is detected.
)
Package pdftexcmds Info: LuaTeX not detected.
Package pdftexcmds Info: \pdf@primitive is available.
Package pdftexcmds Info: \pdf@ifprimitive is available.
Package pdftexcmds Info: \pdfdraftmode found.
)
Package grfext Info: Graphics extension search list:
(grfext)             [.png,.pdf,.jpg,.mps,.jpeg,.jbig2,.jb2,.PNG,.PDF,.JPG,.JPE
G,.JBIG2,.JB2,.eps]
(grfext)             \AppendGraphicsExtensions on input line 452.

(/usr/share/texlive/texmf-dist/tex/latex/latexconfig/epstopdf-sys.cfg
File: epstopdf-sys.cfg 2010/07/13 v1.3 Configuration of (r)epstopdf for TeX Liv
e
)))
(/usr/share/texlive/texmf-dist/tex/latex/base/makeidx.sty
Package: makeidx 2000/03/29 v1.0m Standard LaTeX package
)
\@indexfile=\write4
\openout4 = `gtl_4_emulator.idx'.


Writing index file gtl_4_emulator.idx
(/usr/share/texlive/texmf-dist/tex/latex/hyperref/hyperref.sty
Package: hyperref 2012/11/06 v6.83m Hypertext links for LaTeX

(/usr/share/texlive/texmf-dist/tex/generic/oberdiek/hobsub-hyperref.sty
Package: hobsub-hyperref 2012/05/28 v1.13 Bundle oberdiek, subset hyperref (HO)


(/usr/share/texlive/texmf-dist/tex/generic/oberdiek/hobsub-generic.sty
Package: hobsub-generic 2012/05/28 v1.13 Bundle oberdiek, subset generic (HO)
Package: hobsub 2012/05/28 v1.13 Construct package bundles (HO)
Package hobsub Info: Skipping package `infwarerr' (already loaded).
Package hobsub Info: Skipping package `ltxcmds' (already loaded).
Package hobsub Info: Skipping package `ifluatex' (already loaded).
Package: ifvtex 2010/03/01 v1.5 Detect VTeX and its facilities (HO)
Package ifvtex Info: VTeX not detected.
Package: intcalc 2007/09/27 v1.1 Expandable calculations with integers (HO)
Package hobsub Info: Skipping package `ifpdf' (already loaded).
Package hobsub Info: Skipping package `etexcmds' (already loaded).
Package hobsub Info: Skipping package `kvsetkeys' (already loaded).
Package hobsub Info: Skipping package `kvdefinekeys' (already loaded).
Package hobsub Info: Skipping package `pdftexcmds' (already loaded).
Package: pdfescape 2011/11/25 v1.13 Implements pdfTeX's escape features (HO)
Package: bigintcalc 2012/04/08 v1.3 Expandable calculations on big integers (HO
)
Package: bitset 2011/01/30 v1.1 Handle bit-vector datatype (HO)
Package: uniquecounter 2011/01/30 v1.2 Provide unlimited unique counter (HO)
)
Package hobsub Info: Skipping package `hobsub' (already loaded).
Package: letltxmacro 2010/09/02 v1.4 Let assignment for LaTeX macros (HO)
Package: hopatch 2012/05/28 v1.2 Wrapper for package hooks (HO)
Package: xcolor-patch 2011/01/30 xcolor patch
Package: atveryend 2011/06/30 v1.8 Hooks at the very end of document (HO)
Package atveryend Info: \enddocument detected (standard20110627).
Package: atbegshi 2011/10/05 v1.16 At begin shipout hook (HO)
Package: refcount 2011/10/16 v3.4 Data extraction from label references (HO)
Package: hycolor 2011/01/30 v1.7 Color options for hyperref/bookmark (HO)
)
(/usr/share/texlive/texmf-dist/tex/generic/ifxetex/ifxetex.sty
Package: ifxetex 2010/09/12 v0.6 Provides ifxetex conditional
)
(/usr/share/texlive/texmf-dist/tex/latex/oberdiek/auxhook.sty
Package: auxhook 2011/03/04 v1.3 Hooks for auxiliary files (HO)
)
\@linkdim=\dimen148
\Hy@linkcounter=\count132
\Hy@pagecounter=\count133

(/usr/share/texlive/texmf-dist/tex/latex/hyperref/pd1enc.def
File: pd1enc.def 2012/11/06 v6.83m Hyperref: PDFDocEncoding definition (HO)
)
\Hy@SavedSpaceFactor=\count134

(/usr/share/texlive/texmf-dist/tex/latex/latexconfig/hyperref.cfg
File: hyperref.cfg 2002/06/06 v1.2 hyperref configuration of TeXLive
)

Package hyperref Warning: Option `a4paper' is no longer used.

Package hyperref Info: Option `pdfusetitle' set `true' on input line 4319.
Package hyperref Info: Option `unicode' set `true' on input line 4319.
(/usr/share/texlive/texmf-dist/tex/latex/hyperref/puenc.def
File: puenc.def 2012/11/06 v6.83m Hyperref: PDF Unicode definition (HO)
)
Package hyperref Info: Option `bookmarks' set `true' on input line 4319.
Package hyperref Info: Option `pdfnewwindow' set `true' on input line 4319.
Package hyperref Info: Option `colorlinks' set `true' on input line 4319.
Package hyperref Info: Option `bookmarksnumbered' set `true' on input line 4319
.
Package hyperref Info: Option `bookmarksopen' set `true' on input line 4319.
Package hyperref Info: Option `breaklinks' set `false' on input line 4319.


Package hyperref Warning: Invalid value `000'
(hyperref)                for option `pdfborder'.
(hyperref)                Option setting is ignored on input line 4319.

Package hyperref Info: Hyper figures OFF on input line 4443.
Package hyperref Info: Link nesting OFF on input line 4448.
Package hyperref Info: Hyper index ON on input line 4451.
Package hyperref Info: Plain pages OFF on input line 4458.
Package hyperref Info: Backreferencing ON on input line 4461.
Package hyperref Info: Implicit mode ON; LaTeX internals redefined.
Package hyperref Info: Bookmarks ON on input line 4688.
(/usr/share/texlive/texmf-dist/tex/latex/hyperref/backref.sty
Package: backref 2012/07/25 v1.38 Bibliographical back referencing

(/usr/share/texlive/texmf-dist/tex/latex/oberdiek/rerunfilecheck.sty
Package: rerunfilecheck 2011/04/15 v1.7 Rerun checks for auxiliary files (HO)
Package uniquecounter Info: New unique counter `rerunfilecheck' on input line 2
82.
))
\c@Hy@tempcnt=\count135
LaTeX Info: Redefining \url on input line 5041.
\XeTeXLinkMargin=\dimen149
\Fld@menulength=\count136
\Field@Width=\dimen150
\Fld@charsize=\dimen151
Package hyperref Info: Hyper figures OFF on input line 6295.
Package hyperref Info: Link nesting OFF on input line 6300.
Package hyperref Info: Hyper index ON on input line 6303.
Package hyperref Info: backreferencing ON on input line 6308.
Package hyperref Info: Link coloring ON on input line 6313.
Package hyperref Info: Link coloring with OCG OFF on input line 6320.
Package hyperref Info: PDF/A mode OFF on input line 6325.
LaTeX Info: Redefining \ref on input line 6365.
LaTeX Info: Redefining \pageref on input line 6369.
\Hy@abspage=\count137
\c@Item=\count138
\c@Hfootnote=\count139
)

Package hyperref Message: Driver (autodetected): hpdftex.

(/usr/share/texlive/texmf-dist/tex/latex/hyperref/hpdftex.def
File: hpdftex.def 2012/11/06 v6.83m Hyperref driver for pdfTeX
\Fld@listcount=\count140
\c@bookmark@seq@number=\count141
\Hy@SectionHShift=\skip92
))
(./gtl_4_emulator.aux

LaTeX Warning: Label `tab:gtl:calo_eta_scale' multiply defined.


LaTeX Warning: Label `tab:gtl:muon_iso_bits' multiply defined.


LaTeX Warning: Label `sec:gtl:delta_r_calculation' multiply defined.

)
\openout1 = `gtl_4_emulator.aux'.

LaTeX Font Info:    Checking defaults for OML/cmm/m/it on input line 36.
LaTeX Font Info:    ... okay on input line 36.
LaTeX Font Info:    Checking defaults for T1/cmr/m/n on input line 36.
LaTeX Font Info:    ... okay on input line 36.
LaTeX Font Info:    Checking defaults for OT1/cmr/m/n on input line 36.
LaTeX Font Info:    ... okay on input line 36.
LaTeX Font Info:    Checking defaults for OMS/cmsy/m/n on input line 36.
LaTeX Font Info:    ... okay on input line 36.
LaTeX Font Info:    Checking defaults for OMX/cmex/m/n on input line 36.
LaTeX Font Info:    ... okay on input line 36.
LaTeX Font Info:    Checking defaults for U/cmr/m/n on input line 36.
LaTeX Font Info:    ... okay on input line 36.
LaTeX Font Info:    Checking defaults for TS1/cmr/m/n on input line 36.
LaTeX Font Info:    Try loading font information for TS1+cmr on input line 36.
 (/usr/share/texlive/texmf-dist/tex/latex/base/ts1cmr.fd
File: ts1cmr.fd 1999/05/25 v2.5h Standard LaTeX font definitions
)
LaTeX Font Info:    ... okay on input line 36.
LaTeX Font Info:    Checking defaults for PD1/pdf/m/n on input line 36.
LaTeX Font Info:    ... okay on input line 36.
LaTeX Font Info:    Checking defaults for PU/pdf/m/n on input line 36.
LaTeX Font Info:    ... okay on input line 36.
LaTeX Font Info:    Try loading font information for T1+lmr on input line 36.

(/usr/share/texmf/tex/latex/lm/t1lmr.fd
File: t1lmr.fd 2009/10/30 v1.6 Font defs for Latin Modern
)
(/usr/share/texlive/texmf-dist/tex/latex/ucs/ucsencs.def
File: ucsencs.def 2011/01/21 Fixes to fontencodings LGR, T3
)
(/usr/share/texlive/texmf-dist/tex/context/base/supp-pdf.mkii
[Loading MPS to PDF converter (version 2006.09.02).]
\scratchcounter=\count142
\scratchdimen=\dimen152
\scratchbox=\box42
\nofMPsegments=\count143
\nofMParguments=\count144
\everyMPshowfont=\toks35
\MPscratchCnt=\count145
\MPscratchDim=\dimen153
\MPnumerator=\count146
\makeMPintoPDFobject=\count147
\everyMPtoPDFconversion=\toks36
)
Package lastpage Info: Please have a look at the pageslts package at
(lastpage)             http://www.ctan.org/tex-archive/ 
(lastpage)             macros/latex/contrib/pageslts/ 
(lastpage)             or
(lastpage)             http://www.ctan.org/tex-archive/ 
(lastpage)             install/macros/latex/contrib/pageslts.tds.zip
(lastpage)             ! on input line 36.
\c@lstlisting=\count148
\AtBeginShipoutBox=\box43
Package hyperref Info: Link coloring ON on input line 36.
 (/usr/share/texlive/texmf-dist/tex/latex/hyperref/nameref.sty
Package: nameref 2012/10/27 v2.43 Cross-referencing by name of section

(/usr/share/texlive/texmf-dist/tex/generic/oberdiek/gettitlestring.sty
Package: gettitlestring 2010/12/03 v1.4 Cleanup title references (HO)
)
\c@section@level=\count149
)
LaTeX Info: Redefining \ref on input line 36.
LaTeX Info: Redefining \pageref on input line 36.
LaTeX Info: Redefining \nameref on input line 36.

(./gtl_4_emulator.out) (./gtl_4_emulator.out)
\@outlinefile=\write5
\openout5 = `gtl_4_emulator.out'.


<figures/cmslogo.pdf, id=225, 68.255pt x 68.255pt>
File: figures/cmslogo.pdf Graphic file (type pdf)
 <use figures/cmslogo.pdf>
Package pdftex.def Info: figures/cmslogo.pdf used on input line 39.
(pdftex.def)             Requested size: 88.52939pt x 88.53462pt.
LaTeX Font Info:    Try loading font information for OT1+lmr on input line 39.

(/usr/share/texmf/tex/latex/lm/ot1lmr.fd
File: ot1lmr.fd 2009/10/30 v1.6 Font defs for Latin Modern
)
LaTeX Font Info:    Try loading font information for OML+lmm on input line 39.

(/usr/share/texmf/tex/latex/lm/omllmm.fd
File: omllmm.fd 2009/10/30 v1.6 Font defs for Latin Modern
)
LaTeX Font Info:    Try loading font information for OMS+lmsy on input line 39.


(/usr/share/texmf/tex/latex/lm/omslmsy.fd
File: omslmsy.fd 2009/10/30 v1.6 Font defs for Latin Modern
)
LaTeX Font Info:    Try loading font information for OMX+lmex on input line 39.


(/usr/share/texmf/tex/latex/lm/omxlmex.fd
File: omxlmex.fd 2009/10/30 v1.6 Font defs for Latin Modern
)
LaTeX Font Info:    External font `lmex10' loaded for size
(Font)              <12> on input line 39.
LaTeX Font Info:    External font `lmex10' loaded for size
(Font)              <8> on input line 39.
LaTeX Font Info:    External font `lmex10' loaded for size
(Font)              <6> on input line 39.


Package hyperref Warning: Token not allowed in a PDF string (Unicode):
(hyperref)                removing `\begingroup' on input line 39.


Package hyperref Warning: Token not allowed in a PDF string (Unicode):
(hyperref)                removing `\catcode' on input line 39.


Package hyperref Warning: Token not allowed in a PDF string (Unicode):
(hyperref)                removing `\active' on input line 39.


Package hyperref Warning: Token not allowed in a PDF string (Unicode):
(hyperref)                removing `\<def>-command' on input line 39.


Package hyperref Warning: Token not allowed in a PDF string (Unicode):
(hyperref)                removing `\csname\endcsname' on input line 39.


Package hyperref Warning: Token not allowed in a PDF string (Unicode):
(hyperref)                removing `\catcode' on input line 39.


Package hyperref Warning: Token not allowed in a PDF string (Unicode):
(hyperref)                removing `\active' on input line 39.


Package hyperref Warning: Token not allowed in a PDF string (Unicode):
(hyperref)                removing `\<let>-command' on input line 39.


Package hyperref Warning: Token not allowed in a PDF string (Unicode):
(hyperref)                removing `\csname\endcsname' on input line 39.


Package hyperref Warning: Token not allowed in a PDF string (Unicode):
(hyperref)                removing `\<let>-command' on input line 39.


Package hyperref Warning: Token not allowed in a PDF string (Unicode):
(hyperref)                removing `\%' on input line 39.


Package hyperref Warning: Token not allowed in a PDF string (Unicode):
(hyperref)                removing `\catcode' on input line 39.


Package hyperref Warning: Token not allowed in a PDF string (Unicode):
(hyperref)                removing `\active' on input line 39.


Package hyperref Warning: Token not allowed in a PDF string (Unicode):
(hyperref)                removing `\<def>-command' on input line 39.


Package hyperref Warning: Token not allowed in a PDF string (Unicode):
(hyperref)                removing `\csname\endcsname' on input line 39.


Package hyperref Warning: Token not allowed in a PDF string (Unicode):
(hyperref)                removing `\<def>-command' on input line 39.


Package hyperref Warning: Token not allowed in a PDF string (Unicode):
(hyperref)                removing `\#' on input line 39.


Package hyperref Warning: Token not allowed in a PDF string (Unicode):
(hyperref)                removing `\catcode' on input line 39.


Package hyperref Warning: Token not allowed in a PDF string (Unicode):
(hyperref)                removing `\<def>-command' on input line 39.


Package hyperref Warning: Token not allowed in a PDF string (Unicode):
(hyperref)                removing `\csname\endcsname' on input line 39.


Package hyperref Warning: Token not allowed in a PDF string (Unicode):
(hyperref)                removing `\<def>-command' on input line 39.


Package hyperref Warning: Token not allowed in a PDF string (Unicode):
(hyperref)                removing `\&' on input line 39.


Package hyperref Warning: Token not allowed in a PDF string (Unicode):
(hyperref)                removing `\<def>-command' on input line 39.


Package hyperref Warning: Token not allowed in a PDF string (Unicode):
(hyperref)                removing `\textunderscore' on input line 39.


Package hyperref Warning: Token not allowed in a PDF string (Unicode):
(hyperref)                removing `\<let>-command' on input line 39.


Package hyperref Warning: Token not allowed in a PDF string (Unicode):
(hyperref)                removing `\_' on input line 39.


Package hyperref Warning: Token not allowed in a PDF string (Unicode):
(hyperref)                removing `\catcode' on input line 39.


Package hyperref Warning: Token not allowed in a PDF string (Unicode):
(hyperref)                removing `\active' on input line 39.


Package hyperref Warning: Token not allowed in a PDF string (Unicode):
(hyperref)                removing `\<let>-command' on input line 39.


Package hyperref Warning: Token not allowed in a PDF string (Unicode):
(hyperref)                removing `\csname\endcsname' on input line 39.


Package hyperref Warning: Token not allowed in a PDF string (Unicode):
(hyperref)                removing `\<let>-command' on input line 39.


Package hyperref Warning: Token not allowed in a PDF string (Unicode):
(hyperref)                removing `\csname\endcsname' on input line 39.


Package hyperref Warning: Token not allowed in a PDF string (Unicode):
(hyperref)                removing `\<let>-command' on input line 39.


Package hyperref Warning: Token not allowed in a PDF string (Unicode):
(hyperref)                removing `\~' on input line 39.


Package hyperref Warning: Token not allowed in a PDF string (Unicode):
(hyperref)                removing `\<let>-command' on input line 39.


Package hyperref Warning: Token not allowed in a PDF string (Unicode):
(hyperref)                removing `\textasciitilde' on input line 39.


Package hyperref Warning: Token not allowed in a PDF string (Unicode):
(hyperref)                removing `\<let>-command' on input line 39.


Package hyperref Warning: Token not allowed in a PDF string (Unicode):
(hyperref)                removing `\\' on input line 39.


Package hyperref Warning: Token not allowed in a PDF string (Unicode):
(hyperref)                removing `\<def>-command' on input line 39.


Package hyperref Warning: Token not allowed in a PDF string (Unicode):
(hyperref)                removing `\csname\endcsname' on input line 39.


Package hyperref Warning: Token not allowed in a PDF string (Unicode):
(hyperref)                removing `\<def>-command' on input line 39.


Package hyperref Warning: Token not allowed in a PDF string (Unicode):
(hyperref)                removing `\Hy@tempa' on input line 39.


Package hyperref Warning: Token not allowed in a PDF string (Unicode):
(hyperref)                removing `\<def>-command' on input line 39.


Package hyperref Warning: Token not allowed in a PDF string (Unicode):
(hyperref)                removing `\Hy@tempa' on input line 39.


Package hyperref Warning: Token not allowed in a PDF string (Unicode):
(hyperref)                removing `\begingroup' on input line 39.


Package hyperref Warning: Token not allowed in a PDF string (Unicode):
(hyperref)                removing `\catcode' on input line 39.


Package hyperref Warning: Token not allowed in a PDF string (Unicode):
(hyperref)                removing `\active' on input line 39.


Package hyperref Warning: Token not allowed in a PDF string (Unicode):
(hyperref)                removing `\<def>-command' on input line 39.


Package hyperref Warning: Token not allowed in a PDF string (Unicode):
(hyperref)                removing `\csname\endcsname' on input line 39.


Package hyperref Warning: Token not allowed in a PDF string (Unicode):
(hyperref)                removing `\catcode' on input line 39.


Package hyperref Warning: Token not allowed in a PDF string (Unicode):
(hyperref)                removing `\active' on input line 39.


Package hyperref Warning: Token not allowed in a PDF string (Unicode):
(hyperref)                removing `\<let>-command' on input line 39.


Package hyperref Warning: Token not allowed in a PDF string (Unicode):
(hyperref)                removing `\csname\endcsname' on input line 39.


Package hyperref Warning: Token not allowed in a PDF string (Unicode):
(hyperref)                removing `\<let>-command' on input line 39.


Package hyperref Warning: Token not allowed in a PDF string (Unicode):
(hyperref)                removing `\%' on input line 39.


Package hyperref Warning: Token not allowed in a PDF string (Unicode):
(hyperref)                removing `\catcode' on input line 39.


Package hyperref Warning: Token not allowed in a PDF string (Unicode):
(hyperref)                removing `\active' on input line 39.


Package hyperref Warning: Token not allowed in a PDF string (Unicode):
(hyperref)                removing `\<def>-command' on input line 39.


Package hyperref Warning: Token not allowed in a PDF string (Unicode):
(hyperref)                removing `\csname\endcsname' on input line 39.


Package hyperref Warning: Token not allowed in a PDF string (Unicode):
(hyperref)                removing `\<def>-command' on input line 39.


Package hyperref Warning: Token not allowed in a PDF string (Unicode):
(hyperref)                removing `\#' on input line 39.


Package hyperref Warning: Token not allowed in a PDF string (Unicode):
(hyperref)                removing `\catcode' on input line 39.


Package hyperref Warning: Token not allowed in a PDF string (Unicode):
(hyperref)                removing `\<def>-command' on input line 39.


Package hyperref Warning: Token not allowed in a PDF string (Unicode):
(hyperref)                removing `\csname\endcsname' on input line 39.


Package hyperref Warning: Token not allowed in a PDF string (Unicode):
(hyperref)                removing `\<def>-command' on input line 39.


Package hyperref Warning: Token not allowed in a PDF string (Unicode):
(hyperref)                removing `\&' on input line 39.


Package hyperref Warning: Token not allowed in a PDF string (Unicode):
(hyperref)                removing `\<def>-command' on input line 39.


Package hyperref Warning: Token not allowed in a PDF string (Unicode):
(hyperref)                removing `\textunderscore' on input line 39.


Package hyperref Warning: Token not allowed in a PDF string (Unicode):
(hyperref)                removing `\<let>-command' on input line 39.


Package hyperref Warning: Token not allowed in a PDF string (Unicode):
(hyperref)                removing `\_' on input line 39.


Package hyperref Warning: Token not allowed in a PDF string (Unicode):
(hyperref)                removing `\catcode' on input line 39.


Package hyperref Warning: Token not allowed in a PDF string (Unicode):
(hyperref)                removing `\active' on input line 39.


Package hyperref Warning: Token not allowed in a PDF string (Unicode):
(hyperref)                removing `\<let>-command' on input line 39.


Package hyperref Warning: Token not allowed in a PDF string (Unicode):
(hyperref)                removing `\csname\endcsname' on input line 39.


Package hyperref Warning: Token not allowed in a PDF string (Unicode):
(hyperref)                removing `\<let>-command' on input line 39.


Package hyperref Warning: Token not allowed in a PDF string (Unicode):
(hyperref)                removing `\csname\endcsname' on input line 39.


Package hyperref Warning: Token not allowed in a PDF string (Unicode):
(hyperref)                removing `\<let>-command' on input line 39.


Package hyperref Warning: Token not allowed in a PDF string (Unicode):
(hyperref)                removing `\~' on input line 39.


Package hyperref Warning: Token not allowed in a PDF string (Unicode):
(hyperref)                removing `\<let>-command' on input line 39.


Package hyperref Warning: Token not allowed in a PDF string (Unicode):
(hyperref)                removing `\textasciitilde' on input line 39.


Package hyperref Warning: Token not allowed in a PDF string (Unicode):
(hyperref)                removing `\<let>-command' on input line 39.


Package hyperref Warning: Token not allowed in a PDF string (Unicode):
(hyperref)                removing `\\' on input line 39.


Package hyperref Warning: Token not allowed in a PDF string (Unicode):
(hyperref)                removing `\<def>-command' on input line 39.


Package hyperref Warning: Token not allowed in a PDF string (Unicode):
(hyperref)                removing `\csname\endcsname' on input line 39.


Package hyperref Warning: Token not allowed in a PDF string (Unicode):
(hyperref)                removing `\<def>-command' on input line 39.


Package hyperref Warning: Token not allowed in a PDF string (Unicode):
(hyperref)                removing `\Hy@tempa' on input line 39.


Package hyperref Warning: Token not allowed in a PDF string (Unicode):
(hyperref)                removing `\<def>-command' on input line 39.


Package hyperref Warning: Token not allowed in a PDF string (Unicode):
(hyperref)                removing `\Hy@tempa' on input line 39.

[1

{/var/lib/texmf/fonts/map/pdftex/updmap/pdftex.map}

 </home/bergauer/GlobalTriggerUpgrade/utils/latex/figures/cmslogo.pdf>] (./cont
ent/revision_history.tex
LaTeX Font Info:    External font `lmex10' loaded for size
(Font)              <10.95> on input line 34.
pdfTeX warning (ext4): destination with the same identifier (name{page.1}) has 
been already used, duplicate ignored
<to be read again> 
                   \relax 
l.60 \end{longtable}
                     [1] [2]) (./gtl_4_emulator.toc [3

]
Overfull \hbox (5.87001pt too wide) in paragraph at lines 52--52
 [][] [][][]\T1/lmr/m/n/10.95 Muon Cor-re-la-tion con-di-tion mod-ule for In-va
ri-ant Mass 
 []

)
\tf@toc=\write6
\openout6 = `gtl_4_emulator.toc'.

 [4] (./gtl_4_emulator.lof)
\tf@lof=\write7
\openout7 = `gtl_4_emulator.lof'.

 [5

] (./gtl_4_emulator.lot)
\tf@lot=\write8
\openout8 = `gtl_4_emulator.lot'.

 [6

] (./content/gtl.tex
LaTeX Font Info:    Try loading font information for T1+pcr on input line 2.

(/usr/share/texlive/texmf-dist/tex/latex/psnfss/t1pcr.fd
File: t1pcr.fd 2001/06/04 font definitions for T1/pcr.
)
(/usr/share/texlive/texmf-dist/tex/latex/listings/lstlang1.sty
File: lstlang1.sty 2013/08/26 1.5b listings language file
)
(./interfaces/lhc_data_t.vhd
LaTeX Font Info:    Font shape `T1/pcr/bx/n' in size <9> not available
(Font)              Font shape `T1/pcr/b/n' tried instead on input line 1.
) [7

]
Underfull \hbox (badness 10000) in paragraph at lines 12--14

 []

Package epstopdf Info: Source file: <figures/mGTL_firmware.eps>
(epstopdf)                    date: 2020-12-03 10:34:48
(epstopdf)                    size: 237733 bytes
(epstopdf)             Output file: <figures/mGTL_firmware-eps-converted-to.pdf
>
(epstopdf)                    date: 2020-12-03 10:34:52
(epstopdf)                    size: 97022 bytes
(epstopdf)             Command: <epstopdf --outfile=figures/mGTL_firmware-eps-c
onverted-to.pdf figures/mGTL_firmware.eps>
(epstopdf)             \includegraphics on input line 19.
Package epstopdf Info: Output file is already uptodate.


pdfTeX warning: pdflatex (file ./figures/mGTL_firmware-eps-converted-to.pdf): P
DF inclusion: found PDF version <1.7>, but at most version <1.5> allowed

<figures/mGTL_firmware-eps-converted-to.pdf, id=455, 684.5575pt x 304.13625pt>
File: figures/mGTL_firmware-eps-converted-to.pdf Graphic file (type pdf)

<use figures/mGTL_firmware-eps-converted-to.pdf>
Package pdftex.def Info: figures/mGTL_firmware-eps-converted-to.pdf used on inp
ut line 19.
(pdftex.def)             Requested size: 426.79134pt x 189.6206pt.
LaTeX Font Info:    External font `lmex10' loaded for size
(Font)              <14.4> on input line 24.
LaTeX Font Info:    External font `lmex10' loaded for size
(Font)              <10> on input line 24.
LaTeX Font Info:    External font `lmex10' loaded for size
(Font)              <7> on input line 24.


Package hyperref Warning: Token not allowed in a PDF string (Unicode):
(hyperref)                removing `\mu' on input line 24.

LaTeX Font Info:    Try loading font information for TS1+lmr on input line 29.
(/usr/share/texmf/tex/latex/lm/ts1lmr.fd
File: ts1lmr.fd 2009/10/30 v1.6 Font defs for Latin Modern
) [8

 <./figures/mGTL_firmware-eps-converted-to.pdf>]
Overfull \hbox (4.8916pt too wide) in paragraph at lines 52--54
\T1/lmr/m/n/10.95 in-puts to $\OML/lmm/m/it/10.95 ^^V$\T1/lmr/m/n/10.95 GT" (se
e ac-tual ver-sion in [][]$https : / / raw . githubusercontent . com / cms-[]l1
-[]globaltrigger /
 []


LaTeX Warning: Reference `tab:framework:tab_configuration_optical_conn' on page
 9 undefined on input line 58.


Underfull \hbox (badness 10000) in paragraph at lines 58--60

 []

\height=\dimen154 (locally)
\depth=\dimen155 (locally)
\totalheight=\dimen156 (locally)
\width=\dimen157 (locally)
LaTeX Font Info:    Font shape `T1/pcr/m/it' in size <10.95> not available
(Font)              Font shape `T1/pcr/m/sl' tried instead on input line 65.
\height=\dimen154 (locally)
\depth=\dimen155 (locally)
\totalheight=\dimen156 (locally)
\width=\dimen157 (locally)
\height=\dimen154 (locally)
\depth=\dimen155 (locally)
\totalheight=\dimen156 (locally)
\width=\dimen157 (locally)
\height=\dimen154 (locally)
\depth=\dimen155 (locally)
\totalheight=\dimen156 (locally)
\width=\dimen157 (locally)
\height=\dimen154 (locally)
\depth=\dimen155 (locally)
\totalheight=\dimen156 (locally)
\width=\dimen157 (locally)
\height=\dimen154 (locally)
\depth=\dimen155 (locally)
\totalheight=\dimen156 (locally)
\width=\dimen157 (locally)
\height=\dimen154 (locally)
\depth=\dimen155 (locally)
\totalheight=\dimen156 (locally)
\width=\dimen157 (locally)
\height=\dimen154 (locally)
\depth=\dimen155 (locally)
\totalheight=\dimen156 (locally)
\width=\dimen157 (locally)
\height=\dimen154 (locally)
\depth=\dimen155 (locally)
\totalheight=\dimen156 (locally)
\width=\dimen157 (locally)
\height=\dimen154 (locally)
\depth=\dimen155 (locally)
\totalheight=\dimen156 (locally)
\width=\dimen157 (locally)
\height=\dimen154 (locally)
\depth=\dimen155 (locally)
\totalheight=\dimen156 (locally)
\width=\dimen157 (locally)
\height=\dimen154 (locally)
\depth=\dimen155 (locally)
\totalheight=\dimen156 (locally)
\width=\dimen157 (locally)
\height=\dimen154 (locally)
\depth=\dimen155 (locally)
\totalheight=\dimen156 (locally)
\width=\dimen157 (locally)
\height=\dimen154 (locally)
\depth=\dimen155 (locally)
\totalheight=\dimen156 (locally)
\width=\dimen157 (locally)
\height=\dimen154 (locally)
\depth=\dimen155 (locally)
\totalheight=\dimen156 (locally)
\width=\dimen157 (locally)
\height=\dimen154 (locally)
\depth=\dimen155 (locally)
\totalheight=\dimen156 (locally)
\width=\dimen157 (locally)
\height=\dimen154 (locally)
\depth=\dimen155 (locally)
\totalheight=\dimen156 (locally)
\width=\dimen157 (locally)
\height=\dimen154 (locally)
\depth=\dimen155 (locally)
\totalheight=\dimen156 (locally)
\width=\dimen157 (locally)
\height=\dimen154 (locally)
\depth=\dimen155 (locally)
\totalheight=\dimen156 (locally)
\width=\dimen157 (locally)
\height=\dimen154 (locally)
\depth=\dimen155 (locally)
\totalheight=\dimen156 (locally)
\width=\dimen157 (locally)
\height=\dimen154 (locally)
\depth=\dimen155 (locally)
\totalheight=\dimen156 (locally)
\width=\dimen157 (locally)
\height=\dimen154 (locally)
\depth=\dimen155 (locally)
\totalheight=\dimen156 (locally)
\width=\dimen157 (locally)
[9]
\height=\dimen154 (locally)
\depth=\dimen155 (locally)
\totalheight=\dimen156 (locally)
\width=\dimen157 (locally)
\height=\dimen154 (locally)
\depth=\dimen155 (locally)
\totalheight=\dimen156 (locally)
\width=\dimen157 (locally)
\height=\dimen154 (locally)
\depth=\dimen155 (locally)
\totalheight=\dimen156 (locally)
\width=\dimen157 (locally)
\height=\dimen154 (locally)
\depth=\dimen155 (locally)
\totalheight=\dimen156 (locally)
\width=\dimen157 (locally)
\height=\dimen154 (locally)
\depth=\dimen155 (locally)
\totalheight=\dimen156 (locally)
\width=\dimen157 (locally)
\height=\dimen154 (locally)
\depth=\dimen155 (locally)
\totalheight=\dimen156 (locally)
\width=\dimen157 (locally)
\height=\dimen154 (locally)
\depth=\dimen155 (locally)
\totalheight=\dimen156 (locally)
\width=\dimen157 (locally)
\height=\dimen154 (locally)
\depth=\dimen155 (locally)
\totalheight=\dimen156 (locally)
\width=\dimen157 (locally)
\height=\dimen154 (locally)
\depth=\dimen155 (locally)
\totalheight=\dimen156 (locally)
\width=\dimen157 (locally)
LaTeX Font Info:    Font shape `T1/pcr/m/it' in size <10> not available
(Font)              Font shape `T1/pcr/m/sl' tried instead on input line 144.

Overfull \hbox (1.44019pt too wide) in paragraph at lines 144--144
 []\T1/pcr/m/sl/10 [CENT3:0] 
 []

\height=\dimen154 (locally)
\depth=\dimen155 (locally)
\totalheight=\dimen156 (locally)
\width=\dimen157 (locally)
\height=\dimen154 (locally)
\depth=\dimen155 (locally)
\totalheight=\dimen156 (locally)
\width=\dimen157 (locally)
\height=\dimen154 (locally)
\depth=\dimen155 (locally)
\totalheight=\dimen156 (locally)
\width=\dimen157 (locally)
\height=\dimen154 (locally)
\depth=\dimen155 (locally)
\totalheight=\dimen156 (locally)
\width=\dimen157 (locally)

Overfull \hbox (1.44019pt too wide) in paragraph at lines 155--155
 []\T1/pcr/m/sl/10 CENT[7:4] 
 []

\height=\dimen154 (locally)
\depth=\dimen155 (locally)
\totalheight=\dimen156 (locally)
\width=\dimen157 (locally)
\height=\dimen154 (locally)
\depth=\dimen155 (locally)
\totalheight=\dimen156 (locally)
\width=\dimen157 (locally)
\height=\dimen154 (locally)
\depth=\dimen155 (locally)
\totalheight=\dimen156 (locally)
\width=\dimen157 (locally)
\height=\dimen154 (locally)
\depth=\dimen155 (locally)
\totalheight=\dimen156 (locally)
\width=\dimen157 (locally)
\height=\dimen154 (locally)
\depth=\dimen155 (locally)
\totalheight=\dimen156 (locally)
\width=\dimen157 (locally)
\height=\dimen154 (locally)
\depth=\dimen155 (locally)
\totalheight=\dimen156 (locally)
\width=\dimen157 (locally)
\height=\dimen154 (locally)
\depth=\dimen155 (locally)
\totalheight=\dimen156 (locally)
\width=\dimen157 (locally)
\height=\dimen154 (locally)
\depth=\dimen155 (locally)
\totalheight=\dimen156 (locally)
\width=\dimen157 (locally)
\height=\dimen154 (locally)
\depth=\dimen155 (locally)
\totalheight=\dimen156 (locally)
\width=\dimen157 (locally)
\height=\dimen154 (locally)
\depth=\dimen155 (locally)
\totalheight=\dimen156 (locally)
\width=\dimen157 (locally)
\height=\dimen154 (locally)
\depth=\dimen155 (locally)
\totalheight=\dimen156 (locally)
\width=\dimen157 (locally)
\height=\dimen154 (locally)
\depth=\dimen155 (locally)
\totalheight=\dimen156 (locally)
\width=\dimen157 (locally)
\height=\dimen154 (locally)
\depth=\dimen155 (locally)
\totalheight=\dimen156 (locally)
\width=\dimen157 (locally)
\height=\dimen154 (locally)
\depth=\dimen155 (locally)
\totalheight=\dimen156 (locally)
\width=\dimen157 (locally)
[10]
Overfull \hbox (25.51822pt too wide) in paragraph at lines 193--197
\T1/lmr/m/n/10.95 VHDL snip-pets files (\T1/pcr/m/n/10.95 algo_-index.vhd\T1/lm
r/m/n/10.95 , \T1/pcr/m/n/10.95 gtl_-module_-instances.vhd\T1/lmr/m/n/10.95 , \
T1/pcr/m/n/10.95 gtl_-module_-
 []


Overfull \hbox (10.1895pt too wide) in paragraph at lines 193--197
\T1/pcr/m/n/10.95 gtl_-module.vhd \T1/lmr/m/n/10.95 ([][]\T1/pcr/m/n/10.95 gtl_
-module_-tpl.vhd[][]\T1/lmr/m/n/10.95 ) and \T1/pcr/m/n/10.95 gtl_-pkg.vhd \T1/
lmr/m/n/10.95 ([][]\T1/pcr/m/n/10.95 gtl_-pkg_-tpl.vhd[][]\T1/lmr/m/n/10.95 )
 []


Underfull \hbox (badness 10000) in paragraph at lines 207--210

 []

(./interfaces/gtl_module_tpl.vhd
LaTeX Font Info:    Font shape `T1/pcr/m/it' in size <9> not available
(Font)              Font shape `T1/pcr/m/sl' tried instead on input line 11.

Overfull \hbox (52.55109pt too wide) in paragraph at lines 11--12
[][][][] 
 []

[11

]
Overfull \hbox (52.55109pt too wide) in paragraph at lines 23--24
[][][][] 
 []

) [12]

Package hyperref Warning: Token not allowed in a PDF string (Unicode):
(hyperref)                removing `\mu' on input line 235.


Package hyperref Warning: Token not allowed in a PDF string (Unicode):
(hyperref)                removing `math shift' on input line 238.


Package hyperref Warning: Token not allowed in a PDF string (Unicode):
(hyperref)                removing `\pm' on input line 238.


Package hyperref Warning: Token not allowed in a PDF string (Unicode):
(hyperref)                removing `math shift' on input line 238.

Package epstopdf Info: Source file: <figures/gtl_pipeline.eps>
(epstopdf)                    date: 2020-12-03 10:34:46
(epstopdf)                    size: 247789 bytes
(epstopdf)             Output file: <figures/gtl_pipeline-eps-converted-to.pdf>

(epstopdf)                    date: 2020-12-03 10:34:52
(epstopdf)                    size: 95770 bytes
(epstopdf)             Command: <epstopdf --outfile=figures/gtl_pipeline-eps-co
nverted-to.pdf figures/gtl_pipeline.eps>
(epstopdf)             \includegraphics on input line 249.
Package epstopdf Info: Output file is already uptodate.


pdfTeX warning: pdflatex (file ./figures/gtl_pipeline-eps-converted-to.pdf): PD
F inclusion: found PDF version <1.7>, but at most version <1.5> allowed
<figures/gtl_pipeline-eps-converted-to.pdf, id=522, 498.86375pt x 437.635pt>
File: figures/gtl_pipeline-eps-converted-to.pdf Graphic file (type pdf)

<use figures/gtl_pipeline-eps-converted-to.pdf>
Package pdftex.def Info: figures/gtl_pipeline-eps-converted-to.pdf used on inpu
t line 249.
(pdftex.def)             Requested size: 426.79134pt x 374.42221pt.


Package hyperref Warning: Token not allowed in a PDF string (Unicode):
(hyperref)                removing `math shift' on input line 254.


Package hyperref Warning: Token not allowed in a PDF string (Unicode):
(hyperref)                removing `\eta' on input line 254.


Package hyperref Warning: Token not allowed in a PDF string (Unicode):
(hyperref)                removing `math shift' on input line 254.


Package hyperref Warning: Token not allowed in a PDF string (Unicode):
(hyperref)                removing `math shift' on input line 254.


Package hyperref Warning: Token not allowed in a PDF string (Unicode):
(hyperref)                removing `\varphi' on input line 254.


Package hyperref Warning: Token not allowed in a PDF string (Unicode):
(hyperref)                removing `math shift' on input line 254.

[13

 <./figures/gtl_pipeline-eps-converted-to.pdf>]
Underfull \hbox (badness 10000) in paragraph at lines 276--277

 []

(/usr/share/texlive/texmf-dist/tex/latex/ucs/data/uni-0.def
File: uni-0.def 2013/05/13 UCS: Unicode data U+0000..U+00FF
)
\height=\dimen154 (locally)
\depth=\dimen155 (locally)
\totalheight=\dimen156 (locally)
\width=\dimen157 (locally)
\height=\dimen154 (locally)
\depth=\dimen155 (locally)
\totalheight=\dimen156 (locally)
\width=\dimen157 (locally)
\height=\dimen154 (locally)
\depth=\dimen155 (locally)
\totalheight=\dimen156 (locally)
\width=\dimen157 (locally)
\height=\dimen154 (locally)
\depth=\dimen155 (locally)
\totalheight=\dimen156 (locally)
\width=\dimen157 (locally)
\height=\dimen154 (locally)
\depth=\dimen155 (locally)
\totalheight=\dimen156 (locally)
\width=\dimen157 (locally)
 [14]
\height=\dimen154 (locally)
\depth=\dimen155 (locally)
\totalheight=\dimen156 (locally)
\width=\dimen157 (locally)
\height=\dimen154 (locally)
\depth=\dimen155 (locally)
\totalheight=\dimen156 (locally)
\width=\dimen157 (locally)
\height=\dimen154 (locally)
\depth=\dimen155 (locally)
\totalheight=\dimen156 (locally)
\width=\dimen157 (locally)
\height=\dimen154 (locally)
\depth=\dimen155 (locally)
\totalheight=\dimen156 (locally)
\width=\dimen157 (locally)
\height=\dimen154 (locally)
\depth=\dimen155 (locally)
\totalheight=\dimen156 (locally)
\width=\dimen157 (locally)
\height=\dimen154 (locally)
\depth=\dimen155 (locally)
\totalheight=\dimen156 (locally)
\width=\dimen157 (locally)
\height=\dimen154 (locally)
\depth=\dimen155 (locally)
\totalheight=\dimen156 (locally)
\width=\dimen157 (locally)
\height=\dimen154 (locally)
\depth=\dimen155 (locally)
\totalheight=\dimen156 (locally)
\width=\dimen157 (locally)
\height=\dimen154 (locally)
\depth=\dimen155 (locally)
\totalheight=\dimen156 (locally)
\width=\dimen157 (locally)

Underfull \hbox (badness 10000) in paragraph at lines 342--343

 []


Underfull \hbox (badness 10000) in paragraph at lines 380--381

 []


Underfull \hbox (badness 10000) in paragraph at lines 396--397

 []

[15] [16] [17]
LaTeX Font Info:    External font `lmex10' loaded for size
(Font)              <9> on input line 441.
LaTeX Font Info:    External font `lmex10' loaded for size
(Font)              <5> on input line 441.


LaTeX Warning: Reference `lst:calo_conditions_vhd' on page 18 undefined on inpu
t line 454.

[18

]
LaTeX Font Info:    Try loading font information for TS1+pcr on input line 477.

 (/usr/share/texlive/texmf-dist/tex/latex/psnfss/ts1pcr.fd
File: ts1pcr.fd 2001/06/04 font definitions for TS1/pcr.
)

LaTeX Warning: `h' float specifier changed to `ht'.

[19]
Package epstopdf Info: Source file: <figures/phi_windows_comparator.eps>
(epstopdf)                    date: 2020-12-03 10:34:49
(epstopdf)                    size: 86720 bytes
(epstopdf)             Output file: <figures/phi_windows_comparator-eps-convert
ed-to.pdf>
(epstopdf)                    date: 2020-12-03 10:34:53
(epstopdf)                    size: 34804 bytes
(epstopdf)             Command: <epstopdf --outfile=figures/phi_windows_compara
tor-eps-converted-to.pdf figures/phi_windows_comparator.eps>
(epstopdf)             \includegraphics on input line 517.
Package epstopdf Info: Output file is already uptodate.


pdfTeX warning: pdflatex (file ./figures/phi_windows_comparator-eps-converted-t
o.pdf): PDF inclusion: found PDF version <1.7>, but at most version <1.5> allow
ed

<figures/phi_windows_comparator-eps-converted-to.pdf, id=577, 684.5575pt x 274.
02374pt>
File: figures/phi_windows_comparator-eps-converted-to.pdf Graphic file (type pd
f)
 <use figures/phi_windows_comparator-eps-converted-to.pdf>
Package pdftex.def Info: figures/phi_windows_comparator-eps-converted-to.pdf us
ed on input line 517.
(pdftex.def)             Requested size: 426.79134pt x 170.84628pt.
 [20]
[21 <./figures/phi_windows_comparator-eps-converted-to.pdf>]
\height=\dimen154 (locally)
\depth=\dimen155 (locally)
\totalheight=\dimen156 (locally)
\width=\dimen157 (locally)
\height=\dimen154 (locally)
\depth=\dimen155 (locally)
\totalheight=\dimen156 (locally)
\width=\dimen157 (locally)
\height=\dimen154 (locally)
\depth=\dimen155 (locally)
\totalheight=\dimen156 (locally)
\width=\dimen157 (locally)
\height=\dimen154 (locally)
\depth=\dimen155 (locally)
\totalheight=\dimen156 (locally)
\width=\dimen157 (locally)
 [22

]
\height=\dimen154 (locally)
\depth=\dimen155 (locally)
\totalheight=\dimen156 (locally)
\width=\dimen157 (locally)
\height=\dimen154 (locally)
\depth=\dimen155 (locally)
\totalheight=\dimen156 (locally)
\width=\dimen157 (locally)
\height=\dimen154 (locally)
\depth=\dimen155 (locally)
\totalheight=\dimen156 (locally)
\width=\dimen157 (locally)
\height=\dimen154 (locally)
\depth=\dimen155 (locally)
\totalheight=\dimen156 (locally)
\width=\dimen157 (locally)

Overfull \hbox (11.14815pt too wide) in paragraph at lines 578--579
[]\T1/lmr/m/n/10.95 Frame2: The data struc-ture of "miss-ing Et" ($\OML/lmm/m/i
t/10.95 ET[]$\T1/lmr/m/n/10.95 ) quan-tity [in-clud-ing "Asym-me-try" ASYMET
 []

\height=\dimen154 (locally)
\depth=\dimen155 (locally)
\totalheight=\dimen156 (locally)
\width=\dimen157 (locally)
\height=\dimen154 (locally)
\depth=\dimen155 (locally)
\totalheight=\dimen156 (locally)
\width=\dimen157 (locally)
\height=\dimen154 (locally)
\depth=\dimen155 (locally)
\totalheight=\dimen156 (locally)
\width=\dimen157 (locally)
\height=\dimen154 (locally)
\depth=\dimen155 (locally)
\totalheight=\dimen156 (locally)
\width=\dimen157 (locally)

Overfull \hbox (13.9466pt too wide) in paragraph at lines 589--590
[]\T1/lmr/m/n/10.95 Frame3: The data struc-ture of "miss-ing Ht" ($\OML/lmm/m/i
t/10.95 HT[]$\T1/lmr/m/n/10.95 ) quan-tity [in-clud-ing "Asym-me-try" ASYMHT
 []

\height=\dimen154 (locally)
\depth=\dimen155 (locally)
\totalheight=\dimen156 (locally)
\width=\dimen157 (locally)
\height=\dimen154 (locally)
\depth=\dimen155 (locally)
\totalheight=\dimen156 (locally)
\width=\dimen157 (locally)
\height=\dimen154 (locally)
\depth=\dimen155 (locally)
\totalheight=\dimen156 (locally)
\width=\dimen157 (locally)
\height=\dimen154 (locally)
\depth=\dimen155 (locally)
\totalheight=\dimen156 (locally)
\width=\dimen157 (locally)
\height=\dimen154 (locally)
\depth=\dimen155 (locally)
\totalheight=\dimen156 (locally)
\width=\dimen157 (locally)

Overfull \hbox (1.44019pt too wide) in paragraph at lines 604--604
 []\T1/pcr/m/sl/10 CENT[3:0] 
 []

\height=\dimen154 (locally)
\depth=\dimen155 (locally)
\totalheight=\dimen156 (locally)
\width=\dimen157 (locally)
\height=\dimen154 (locally)
\depth=\dimen155 (locally)
\totalheight=\dimen156 (locally)
\width=\dimen157 (locally)
\height=\dimen154 (locally)
\depth=\dimen155 (locally)
\totalheight=\dimen156 (locally)
\width=\dimen157 (locally)
\height=\dimen154 (locally)
\depth=\dimen155 (locally)
\totalheight=\dimen156 (locally)
\width=\dimen157 (locally)

Overfull \hbox (1.44019pt too wide) in paragraph at lines 615--615
 []\T1/pcr/m/sl/10 CENT[7:4] 
 []

\height=\dimen154 (locally)
\depth=\dimen155 (locally)
\totalheight=\dimen156 (locally)
\width=\dimen157 (locally)
\height=\dimen154 (locally)
\depth=\dimen155 (locally)
\totalheight=\dimen156 (locally)
\width=\dimen157 (locally)
\height=\dimen154 (locally)
\depth=\dimen155 (locally)
\totalheight=\dimen156 (locally)
\width=\dimen157 (locally)
[23] [24]
\height=\dimen154 (locally)
\depth=\dimen155 (locally)
\totalheight=\dimen156 (locally)
\width=\dimen157 (locally)
\height=\dimen154 (locally)
\depth=\dimen155 (locally)
\totalheight=\dimen156 (locally)
\width=\dimen157 (locally)
\height=\dimen154 (locally)
\depth=\dimen155 (locally)
\totalheight=\dimen156 (locally)
\width=\dimen157 (locally)
\height=\dimen154 (locally)
\depth=\dimen155 (locally)
\totalheight=\dimen156 (locally)
\width=\dimen157 (locally)
\height=\dimen154 (locally)
\depth=\dimen155 (locally)
\totalheight=\dimen156 (locally)
\width=\dimen157 (locally)
\height=\dimen154 (locally)
\depth=\dimen155 (locally)
\totalheight=\dimen156 (locally)
\width=\dimen157 (locally)
\height=\dimen154 (locally)
\depth=\dimen155 (locally)
\totalheight=\dimen156 (locally)
\width=\dimen157 (locally)
\height=\dimen154 (locally)
\depth=\dimen155 (locally)
\totalheight=\dimen156 (locally)
\width=\dimen157 (locally)
\height=\dimen154 (locally)
\depth=\dimen155 (locally)
\totalheight=\dimen156 (locally)
\width=\dimen157 (locally)
\height=\dimen154 (locally)
\depth=\dimen155 (locally)
\totalheight=\dimen156 (locally)
\width=\dimen157 (locally)
\height=\dimen154 (locally)
\depth=\dimen155 (locally)
\totalheight=\dimen156 (locally)
\width=\dimen157 (locally)

Underfull \hbox (badness 10000) in paragraph at lines 702--705

 []


Underfull \hbox (badness 10000) in paragraph at lines 725--726

 []

[25]
Underfull \hbox (badness 10000) in paragraph at lines 741--742

 []


Underfull \hbox (badness 10000) in paragraph at lines 769--770

 []


Underfull \hbox (badness 10000) in paragraph at lines 785--786

 []

[26] [27]
Underfull \hbox (badness 10000) in paragraph at lines 806--814

 []

[28

] [29]
Underfull \hbox (badness 10000) in paragraph at lines 935--937

 []

[30

]
Overfull \hbox (5.20491pt too wide) in paragraph at lines 947--952
\T1/lmr/m/n/10.95 strained $\OML/lmm/m/it/10.95 p[]$ \T1/lmr/m/n/10.95 and a th
resh-old (upt_-thresh-old), a com-par-i-son in $\OML/lmm/m/it/10.95 ^^Q$ \T1/lm
r/m/n/10.95 with five "window"-comparators
 []


Underfull \hbox (badness 10000) in paragraph at lines 959--961

 []


Underfull \hbox (badness 10000) in paragraph at lines 982--983

 []

[31] [32]
Underfull \hbox (badness 10000) in paragraph at lines 1015--1016

 []

Package epstopdf Info: Source file: <figures/scheme_vhdl_cuts_correllation_cond
ition.eps>
(epstopdf)                    date: 2020-12-03 10:34:50
(epstopdf)                    size: 220382 bytes
(epstopdf)             Output file: <figures/scheme_vhdl_cuts_correllation_cond
ition-eps-converted-to.pdf>
(epstopdf)                    date: 2020-12-03 10:34:53
(epstopdf)                    size: 89792 bytes
(epstopdf)             Command: <epstopdf --outfile=figures/scheme_vhdl_cuts_co
rrellation_condition-eps-converted-to.pdf figures/scheme_vhdl_cuts_correllation
_condition.eps>
(epstopdf)             \includegraphics on input line 1039.
Package epstopdf Info: Output file is already uptodate.


pdfTeX warning: pdflatex (file ./figures/scheme_vhdl_cuts_correllation_conditio
n-eps-converted-to.pdf): PDF inclusion: found PDF version <1.7>, but at most ve
rsion <1.5> allowed

<figures/scheme_vhdl_cuts_correllation_condition-eps-converted-to.pdf, id=661, 
684.5575pt x 380.42125pt>
File: figures/scheme_vhdl_cuts_correllation_condition-eps-converted-to.pdf Grap
hic file (type pdf)

<use figures/scheme_vhdl_cuts_correllation_condition-eps-converted-to.pdf>
Package pdftex.def Info: figures/scheme_vhdl_cuts_correllation_condition-eps-co
nverted-to.pdf used on input line 1039.
(pdftex.def)             Requested size: 426.79134pt x 237.1822pt.


Package hyperref Warning: Token not allowed in a PDF string (Unicode):
(hyperref)                removing `math shift' on input line 1049.


Package hyperref Warning: Token not allowed in a PDF string (Unicode):
(hyperref)                removing `\Delta' on input line 1049.


Package hyperref Warning: Token not allowed in a PDF string (Unicode):
(hyperref)                removing `math shift' on input line 1049.


Underfull \hbox (badness 10000) in paragraph at lines 1052--1053

 []


Underfull \hbox (badness 10000) in paragraph at lines 1054--1055

 []


Underfull \hbox (badness 10000) in paragraph at lines 1063--1064

 []


Underfull \hbox (badness 10000) in paragraph at lines 1065--1066

 []

[33

]
Underfull \hbox (badness 10000) in paragraph at lines 1073--1074

 []


Underfull \hbox (badness 10000) in paragraph at lines 1075--1076

 []


Underfull \hbox (badness 10000) in paragraph at lines 1083--1084

 []

[34 <./figures/scheme_vhdl_cuts_correllation_condition-eps-converted-to.pdf>]
Underfull \hbox (badness 10000) in paragraph at lines 1085--1086

 []


Package hyperref Warning: Token not allowed in a PDF string (Unicode):
(hyperref)                removing `math shift' on input line 1090.


Package hyperref Warning: Token not allowed in a PDF string (Unicode):
(hyperref)                removing `\Delta' on input line 1090.


Package hyperref Warning: Token not allowed in a PDF string (Unicode):
(hyperref)                removing `math shift' on input line 1090.


Underfull \hbox (badness 10000) in paragraph at lines 1093--1094

 []


Underfull \hbox (badness 10000) in paragraph at lines 1095--1096

 []


Underfull \hbox (badness 10000) in paragraph at lines 1097--1098

 []


Underfull \hbox (badness 10000) in paragraph at lines 1099--1102

 []


Overfull \hbox (3.25952pt too wide) in paragraph at lines 1114--1116
\T1/lmr/m/n/10.95 ([][]\T1/pcr/m/n/10.95 calo_-calo_-correlation_-condition.vhd
[][]\T1/lmr/m/n/10.95 : electron/$\OML/lmm/m/it/10.95 ^^M$\T1/lmr/m/n/10.95 -el
ectron/$\OML/lmm/m/it/10.95 ^^M$\T1/lmr/m/n/10.95 , electron/$\OML/lmm/m/it/10.
95 ^^M$\T1/lmr/m/n/10.95 -jet,
 []

[35]
Overfull \hbox (3.25952pt too wide) in paragraph at lines 1116--1118
\T1/lmr/m/n/10.95 ([][]\T1/pcr/m/n/10.95 calo_-calo_-mass_-div_-dr_-condition.v
hd[][]\T1/lmr/m/n/10.95 : electron/$\OML/lmm/m/it/10.95 ^^M$\T1/lmr/m/n/10.95 -
electron/$\OML/lmm/m/it/10.95 ^^M$\T1/lmr/m/n/10.95 , electron/$\OML/lmm/m/it/1
0.95 ^^M$\T1/lmr/m/n/10.95 -jet,
 []


Overfull \hbox (4.94235pt too wide) in paragraph at lines 1118--1120
[]\T1/lmr/m/n/10.95 Correlation con-di-tion with calorime-ter ob-jects and en-e
rgy sum quan-ti-ties ($\OML/lmm/m/it/10.95 ET[]$\T1/lmr/m/n/10.95 , ET$[]$
 []

[36] [37]
Underfull \hbox (badness 10000) in paragraph at lines 1240--1245

 []

[38]
Overfull \hbox (38.6895pt too wide) in paragraph at lines 1263--1264
[]\T1/lmr/m/n/10.95 Overlap Re-mover Cor-re-la-tion con-di-tions [][]\T1/pcr/m/
n/10.95 calo_-calo_-calo_-correlation_-orm_-condition.vhd[][]
 []


Package hyperref Warning: Token not allowed in a PDF string (Unicode):
(hyperref)                removing `math shift' on input line 1265.


Package hyperref Warning: Token not allowed in a PDF string (Unicode):
(hyperref)                removing `\Delta' on input line 1265.


Package hyperref Warning: Token not allowed in a PDF string (Unicode):
(hyperref)                removing `math shift' on input line 1265.

[39]
Overfull \hbox (13.96008pt too wide) in paragraph at lines 1285--1292
\T1/lmr/m/n/10.95 The calo es-ums cor-re-la-tion con-di-tion mod-ule ([][]\T1/p
cr/m/n/10.95 calo_-esums_-correlation_-condition.vhd[][]\T1/lmr/m/n/10.95 )
 []


Underfull \hbox (badness 10000) in paragraph at lines 1285--1292

 []

[40]
Overfull \hbox (5.13899pt too wide) in paragraph at lines 1307--1321
\T1/lmr/m/n/10.95 The calo muon cor-re-la-tion con-di-tion mod-ule ([][]\T1/pcr
/m/n/10.95 calo_-muon_-correlation_-condition.vhd[][]\T1/lmr/m/n/10.95 )
 []


Underfull \hbox (badness 10000) in paragraph at lines 1307--1321

 []


Underfull \hbox (badness 10000) in paragraph at lines 1307--1321

 []

Package epstopdf Info: Source file: <figures/convert_scheme_calo_2_muon_eta_phi
.eps>
(epstopdf)                    date: 2020-12-03 10:34:45
(epstopdf)                    size: 240902 bytes
(epstopdf)             Output file: <figures/convert_scheme_calo_2_muon_eta_phi
-eps-converted-to.pdf>
(epstopdf)                    date: 2020-12-03 10:34:53
(epstopdf)                    size: 94518 bytes
(epstopdf)             Command: <epstopdf --outfile=figures/convert_scheme_calo
_2_muon_eta_phi-eps-converted-to.pdf figures/convert_scheme_calo_2_muon_eta_phi
.eps>
(epstopdf)             \includegraphics on input line 1336.
Package epstopdf Info: Output file is already uptodate.


pdfTeX warning: pdflatex (file ./figures/convert_scheme_calo_2_muon_eta_phi-eps
-converted-to.pdf): PDF inclusion: found PDF version <1.7>, but at most version
 <1.5> allowed

<figures/convert_scheme_calo_2_muon_eta_phi-eps-converted-to.pdf, id=746, 632.3
625pt x 437.635pt>
File: figures/convert_scheme_calo_2_muon_eta_phi-eps-converted-to.pdf Graphic f
ile (type pdf)

<use figures/convert_scheme_calo_2_muon_eta_phi-eps-converted-to.pdf>
Package pdftex.def Info: figures/convert_scheme_calo_2_muon_eta_phi-eps-convert
ed-to.pdf used on input line 1336.
(pdftex.def)             Requested size: 426.79134pt x 295.37083pt.

Underfull \hbox (badness 1210) in paragraph at lines 1341--1341
\T1/pcr/m/n/10 ETA_-CONV_-2_-MUON_-ETA_-LUT \T1/lmr/m/n/9 ..." and "\T1/pcr/m/n
/9 constant \T1/pcr/m/n/10 EG_-PHI_-CONV_-2_-MUON_-PHI_-LUT \T1/lmr/m/n/9 ..." 
in file
 []

[41]
Underfull \hbox (badness 10000) in paragraph at lines 1349--1355

 []

[42 <./figures/convert_scheme_calo_2_muon_eta_phi-eps-converted-to.pdf>]

Package hyperref Warning: Token not allowed in a PDF string (Unicode):
(hyperref)                removing `math shift' on input line 1371.


Package hyperref Warning: Token not allowed in a PDF string (Unicode):
(hyperref)                removing `\Delta' on input line 1371.


Package hyperref Warning: Token not allowed in a PDF string (Unicode):
(hyperref)                removing `math shift' on input line 1371.

[43]
Overfull \hbox (21.56366pt too wide) in paragraph at lines 1391--1405
\T1/lmr/m/n/10.95 The muon es-ums cor-re-la-tion con-di-tion mod-ule ([][]\T1/p
cr/m/n/10.95 muon_-esums_-correlation_-condition.vhd[][]\T1/lmr/m/n/10.95 )
 []


Underfull \hbox (badness 10000) in paragraph at lines 1391--1405

 []


Underfull \hbox (badness 10000) in paragraph at lines 1391--1405

 []

[44]
Underfull \hbox (badness 2617) in paragraph at lines 1419--1419
[][][]\T1/lmr/m/n/9 Definition of "\T1/pcr/m/n/9 constant \T1/pcr/m/n/10 MU_-ET
M_-COSH_-COS_-PRECISION \T1/lmr/m/n/9 ..." and "\T1/pcr/m/n/9 constant \T1/pcr/
m/n/10 CALO_-PHI_-
 []

[45]) (./content/glossary.tex
Overfull \hbox (21.71692pt too wide) in paragraph at lines 11--12
[]\T1/lmr/m/n/10.95 = Min-i-mum bias HF bits (VHDL: MBT0HFP, MBT0HFM, MBT1HFP, 
MBT1HFM) 
 []

[46

]) (./content/acronyms.tex) 
AED: lastpage setting LastPage
[47

]
Package atveryend Info: Empty hook `BeforeClearDocument' on input line 69.
Package atveryend Info: Empty hook `AfterLastShipout' on input line 69.
 (./gtl_4_emulator.aux)
Package atveryend Info: Executing hook `AtVeryEndDocument' on input line 69.
Package atveryend Info: Executing hook `AtEndAfterFileList' on input line 69.
Package rerunfilecheck Info: File `gtl_4_emulator.out' has not changed.
(rerunfilecheck)             Checksum: 88E8B1B2E44FEAE7DB5ACA32EC69C6B9;14774.


LaTeX Warning: There were undefined references.


LaTeX Warning: There were multiply-defined labels.

Package atveryend Info: Empty hook `AtVeryVeryEnd' on input line 69.
 ) 
Here is how much of TeX's memory you used:
 14984 strings out of 495028
 212079 string characters out of 6181496
 392974 words of memory out of 5000000
 17673 multiletter control sequences out of 15000+600000
 97317 words of font info for 79 fonts, out of 8000000 for 9000
 14 hyphenation exceptions out of 8191
 49i,14n,45p,1139b,1920s stack positions out of 5000i,500n,10000p,200000b,80000s
{/usr/share/texmf/fonts/enc/dvips/lm/lm-mathit.enc}{/usr/share/texmf/fonts/en
c/dvips/lm/lm-rm.enc}{/usr/share/texmf/fonts/enc/dvips/lm/lm-mathsy.enc}{/usr/s
hare/texmf/fonts/enc/dvips/lm/lm-mathex.enc}{/usr/share/texmf/fonts/enc/dvips/l
m/lm-ec.enc}{/usr/share/texlive/texmf-dist/fonts/enc/dvips/base/8r.enc}{/usr/sh
are/texmf/fonts/enc/dvips/lm/lm-ts1.enc}</usr/share/texmf/fonts/type1/public/lm
/lmbx10.pfb></usr/share/texmf/fonts/type1/public/lm/lmbx12.pfb></usr/share/texm
f/fonts/type1/public/lm/lmex10.pfb></usr/share/texmf/fonts/type1/public/lm/lmmi
10.pfb></usr/share/texmf/fonts/type1/public/lm/lmmi12.pfb></usr/share/texmf/fon
ts/type1/public/lm/lmmi6.pfb></usr/share/texmf/fonts/type1/public/lm/lmmi7.pfb>
</usr/share/texmf/fonts/type1/public/lm/lmmi8.pfb></usr/share/texmf/fonts/type1
/public/lm/lmr10.pfb></usr/share/texmf/fonts/type1/public/lm/lmr12.pfb></usr/sh
are/texmf/fonts/type1/public/lm/lmr5.pfb></usr/share/texmf/fonts/type1/public/l
m/lmr6.pfb></usr/share/texmf/fonts/type1/public/lm/lmr7.pfb></usr/share/texmf/f
onts/type1/public/lm/lmr8.pfb></usr/share/texmf/fonts/type1/public/lm/lmr9.pfb>
</usr/share/texmf/fonts/type1/public/lm/lmri10.pfb></usr/share/texmf/fonts/type
1/public/lm/lmsy10.pfb></usr/share/texmf/fonts/type1/public/lm/lmsy7.pfb></usr/
share/texlive/texmf-dist/fonts/type1/urw/courier/ucrb8a.pfb></usr/share/texlive
/texmf-dist/fonts/type1/urw/courier/ucrr8a.pfb></usr/share/texlive/texmf-dist/f
onts/type1/urw/courier/ucrro8a.pfb>
Output written on gtl_4_emulator.pdf (48 pages, 853016 bytes).
PDF statistics:
 940 PDF objects out of 1000 (max. 8388607)
 854 compressed objects within 9 object streams
 196 named destinations out of 1000 (max. 500000)
 471 words of extra memory for PDF output out of 10000 (max. 10000000)

