\BOOKMARK [1][-]{section*.1}{\376\377\000L\000i\000s\000t\000\040\000o\000f\000\040\000F\000i\000g\000u\000r\000e\000s}{}% 1
\BOOKMARK [1][-]{section*.2}{\376\377\000L\000i\000s\000t\000\040\000o\000f\000\040\000T\000a\000b\000l\000e\000s}{}% 2
\BOOKMARK [1][-]{section.1}{\376\377\0001\000\040\000P\000a\000c\000k\000a\000g\000e\000:\000\040\000l\000h\000c\000\137\000d\000a\000t\000a\000\137\000p\000k\000g}{}% 3
\BOOKMARK [1][-]{section.2}{\376\377\0002\000\040\000G\000l\000o\000b\000a\000l\000\040\000T\000r\000i\000g\000g\000e\000r\000\040\000L\000o\000g\000i\000c}{}% 4
\BOOKMARK [2][-]{subsection.2.1}{\376\377\0002\000.\0001\000\040\000G\000T\000L\000\040\000I\000n\000t\000e\000r\000f\000a\000c\000e}{section.2}% 5
\BOOKMARK [2][-]{subsection.2.2}{\376\377\0002\000.\0002\000\040\000D\000e\000f\000i\000n\000i\000t\000i\000o\000n\000\040\000o\000f\000\040\000o\000p\000t\000i\000c\000a\000l\000\040\000i\000n\000t\000e\000r\000f\000a\000c\000e\000s}{section.2}% 6
\BOOKMARK [3][-]{subsubsection.2.2.1}{\376\377\0002\000.\0002\000.\0001\000\040\000C\000a\000l\000o\000-\000L\000a\000y\000e\000r\0002\000\040\000o\000p\000t\000i\000c\000a\000l\000\040\000i\000n\000t\000e\000r\000f\000a\000c\000e\000s}{subsection.2.2}% 7
\BOOKMARK [3][-]{subsubsection.2.2.2}{\376\377\0002\000.\0002\000.\0002\000\040\000G\000l\000o\000b\000a\000l\000\040\000M\000u\000o\000n\000\040\000T\000r\000i\000g\000g\000e\000r\000\040\000o\000p\000t\000i\000c\000a\000l\000\040\000i\000n\000t\000e\000r\000f\000a\000c\000e\000s}{subsection.2.2}% 8
\BOOKMARK [2][-]{subsection.2.3}{\376\377\0002\000.\0003\000\040\000I\000m\000p\000l\000e\000m\000e\000n\000t\000a\000t\000i\000o\000n\000\040\000i\000n\000\040\000f\000i\000r\000m\000w\000a\000r\000e}{section.2}% 9
\BOOKMARK [3][-]{subsubsection.2.3.1}{\376\377\0002\000.\0003\000.\0001\000\040\000T\000o\000p\000-\000o\000f\000-\000h\000i\000e\000r\000a\000r\000c\000h\000y\000\040\000m\000o\000d\000u\000l\000e}{subsection.2.3}% 10
\BOOKMARK [3][-]{subsubsection.2.3.2}{\376\377\0002\000.\0003\000.\0002\000\040\000P\000a\000c\000k\000a\000g\000e\000\040\000m\000o\000d\000u\000l\000e}{subsection.2.3}% 11
\BOOKMARK [2][-]{subsection.2.4}{\376\377\0002\000.\0004\000\040\000G\000T\000L\000\040\000s\000t\000r\000u\000c\000t\000u\000r\000e}{section.2}% 12
\BOOKMARK [3][-]{subsubsection.2.4.1}{\376\377\0002\000.\0004\000.\0001\000\040\000D\000a\000t\000a\000\040\0002\000b\000x}{subsection.2.4}% 13
\BOOKMARK [3][-]{subsubsection.2.4.2}{\376\377\0002\000.\0004\000.\0002\000\040\000C\000a\000l\000c\000u\000l\000a\000t\000i\000o\000n\000\040\000o\000f\000\040\000d\000i\000f\000f\000e\000r\000e\000n\000c\000e\000s\000\040\000i\000n\000\040\000\040\000a\000n\000d\000\040}{subsection.2.4}% 14
\BOOKMARK [3][-]{subsubsection.2.4.3}{\376\377\0002\000.\0004\000.\0003\000\040\000C\000a\000l\000o\000r\000i\000m\000e\000t\000e\000r\000\040\000c\000o\000n\000d\000i\000t\000i\000o\000n\000s}{subsection.2.4}% 15
\BOOKMARK [4][-]{paragraph.2.4.3.1}{\376\377\0002\000.\0004\000.\0003\000.\0001\000\040\000C\000a\000l\000o\000r\000i\000m\000e\000t\000e\000r\000\040\000d\000a\000t\000a}{subsubsection.2.4.3}% 16
\BOOKMARK [4][-]{paragraph.2.4.3.2}{\376\377\0002\000.\0004\000.\0003\000.\0002\000\040\000C\000a\000l\000o\000r\000i\000m\000e\000t\000e\000r\000\040\000c\000o\000n\000d\000i\000t\000i\000o\000n\000s\000\040\000d\000e\000f\000i\000n\000i\000t\000i\000o\000n}{subsubsection.2.4.3}% 17
\BOOKMARK [5][-]{subparagraph.2.4.3.2.1}{\376\377\0002\000.\0004\000.\0003\000.\0002\000.\0001\000\040\000C\000a\000l\000o\000r\000i\000m\000e\000t\000e\000r\000\040\000c\000o\000n\000d\000i\000t\000i\000o\000n\000s\000\040\000m\000o\000d\000u\000l\000e}{paragraph.2.4.3.2}% 18
\BOOKMARK [5][-]{subparagraph.2.4.3.2.2}{\376\377\0002\000.\0004\000.\0003\000.\0002\000.\0002\000\040\000C\000a\000l\000o\000r\000i\000m\000e\000t\000e\000r\000\040\000O\000v\000e\000r\000l\000a\000p\000\040\000R\000e\000m\000o\000v\000e\000r\000\040\000c\000o\000n\000d\000i\000t\000i\000o\000n\000s\000\040\000m\000o\000d\000u\000l\000e}{paragraph.2.4.3.2}% 19
\BOOKMARK [5][-]{subparagraph.2.4.3.2.3}{\376\377\0002\000.\0004\000.\0003\000.\0002\000.\0003\000\040\000C\000a\000l\000o\000r\000i\000m\000e\000t\000e\000r\000\040\000c\000o\000m\000p\000a\000r\000a\000t\000o\000r\000s\000\040\000m\000o\000d\000u\000l\000e}{paragraph.2.4.3.2}% 20
\BOOKMARK [3][-]{subsubsection.2.4.4}{\376\377\0002\000.\0004\000.\0004\000\040\000E\000n\000e\000r\000g\000y\000\040\000s\000u\000m\000\040\000q\000u\000a\000n\000t\000i\000t\000i\000e\000s\000\040\000c\000o\000n\000d\000i\000t\000i\000o\000n\000s}{subsection.2.4}% 21
\BOOKMARK [4][-]{paragraph.2.4.4.1}{\376\377\0002\000.\0004\000.\0004\000.\0001\000\040\000E\000n\000e\000r\000g\000y\000\040\000s\000u\000m\000\040\000q\000u\000a\000n\000t\000i\000t\000i\000e\000s\000\040\000d\000a\000t\000a}{subsubsection.2.4.4}% 22
\BOOKMARK [4][-]{paragraph.2.4.4.2}{\376\377\0002\000.\0004\000.\0004\000.\0002\000\040\000E\000n\000e\000r\000g\000y\000\040\000s\000u\000m\000\040\000q\000u\000a\000n\000t\000i\000t\000i\000e\000s\000\040\000c\000o\000n\000d\000i\000t\000i\000o\000n\000s\000\040\000m\000o\000d\000u\000l\000e\000\040\000\050\000i\000n\000c\000l\000u\000d\000i\000n\000g\000\040\000A\000s\000y\000m\000m\000e\000t\000r\000y\000\040\000c\000o\000n\000d\000i\000t\000i\000o\000n\000s\000\051}{subsubsection.2.4.4}% 23
\BOOKMARK [3][-]{subsubsection.2.4.5}{\376\377\0002\000.\0004\000.\0005\000\040\000M\000i\000n\000i\000m\000u\000m\000\040\000b\000i\000a\000s\000\040\000t\000r\000i\000g\000g\000e\000r\000\040\000c\000o\000n\000d\000i\000t\000i\000o\000n\000s}{subsection.2.4}% 24
\BOOKMARK [3][-]{subsubsection.2.4.6}{\376\377\0002\000.\0004\000.\0006\000\040\000T\000o\000w\000e\000r\000c\000o\000u\000n\000t\000\040\000c\000o\000n\000d\000i\000t\000i\000o\000n}{subsection.2.4}% 25
\BOOKMARK [3][-]{subsubsection.2.4.7}{\376\377\0002\000.\0004\000.\0007\000\040\000C\000e\000n\000t\000r\000a\000l\000i\000t\000y\000\040\000c\000o\000n\000d\000i\000t\000i\000o\000n}{subsection.2.4}% 26
\BOOKMARK [3][-]{subsubsection.2.4.8}{\376\377\0002\000.\0004\000.\0008\000\040\000M\000u\000o\000n\000\040\000c\000o\000n\000d\000i\000t\000i\000o\000n\000s}{subsection.2.4}% 27
\BOOKMARK [4][-]{paragraph.2.4.8.1}{\376\377\0002\000.\0004\000.\0008\000.\0001\000\040\000M\000u\000o\000n\000\040\000d\000a\000t\000a}{subsubsection.2.4.8}% 28
\BOOKMARK [4][-]{paragraph.2.4.8.2}{\376\377\0002\000.\0004\000.\0008\000.\0002\000\040\000M\000u\000o\000n\000\040\000c\000h\000a\000r\000g\000e\000\040\000c\000o\000r\000r\000e\000l\000a\000t\000i\000o\000n\000\040\000m\000o\000d\000u\000l\000e}{subsubsection.2.4.8}% 29
\BOOKMARK [4][-]{paragraph.2.4.8.3}{\376\377\0002\000.\0004\000.\0008\000.\0003\000\040\000M\000u\000o\000n\000\040\000c\000o\000n\000d\000i\000t\000i\000o\000n\000s\000\040\000d\000e\000f\000i\000n\000i\000t\000i\000o\000n}{subsubsection.2.4.8}% 30
\BOOKMARK [5][-]{subparagraph.2.4.8.3.1}{\376\377\0002\000.\0004\000.\0008\000.\0003\000.\0001\000\040\000M\000u\000o\000n\000\040\000c\000o\000n\000d\000i\000t\000i\000o\000n\000s\000\040\000m\000o\000d\000u\000l\000e}{paragraph.2.4.8.3}% 31
\BOOKMARK [5][-]{subparagraph.2.4.8.3.2}{\376\377\0002\000.\0004\000.\0008\000.\0003\000.\0002\000\040\000M\000u\000o\000n\000\040\000c\000o\000m\000p\000a\000r\000a\000t\000o\000r\000s\000\040\000m\000o\000d\000u\000l\000e}{paragraph.2.4.8.3}% 32
\BOOKMARK [3][-]{subsubsection.2.4.9}{\376\377\0002\000.\0004\000.\0009\000\040\000C\000o\000r\000r\000e\000l\000a\000t\000i\000o\000n\000\040\000c\000o\000n\000d\000i\000t\000i\000o\000n\000s}{subsection.2.4}% 33
\BOOKMARK [4][-]{paragraph.2.4.9.1}{\376\377\0002\000.\0004\000.\0009\000.\0001\000\040\000C\000a\000l\000c\000u\000l\000a\000t\000i\000o\000n\000\040\000o\000f\000\040\000c\000u\000t\000s}{subsubsection.2.4.9}% 34
\BOOKMARK [5][-]{subparagraph.2.4.9.1.1}{\376\377\0002\000.\0004\000.\0009\000.\0001\000.\0001\000\040\000R\000\040\000c\000a\000l\000c\000u\000l\000a\000t\000i\000o\000n}{paragraph.2.4.9.1}% 35
\BOOKMARK [5][-]{subparagraph.2.4.9.1.2}{\376\377\0002\000.\0004\000.\0009\000.\0001\000.\0002\000\040\000I\000n\000v\000a\000r\000i\000a\000n\000t\000\040\000m\000a\000s\000s\000\040\000c\000a\000l\000c\000u\000l\000a\000t\000i\000o\000n}{paragraph.2.4.9.1}% 36
\BOOKMARK [5][-]{subparagraph.2.4.9.1.3}{\376\377\0002\000.\0004\000.\0009\000.\0001\000.\0003\000\040\000T\000r\000a\000n\000s\000v\000e\000r\000s\000e\000\040\000m\000a\000s\000s\000\040\000c\000a\000l\000c\000u\000l\000a\000t\000i\000o\000n}{paragraph.2.4.9.1}% 37
\BOOKMARK [5][-]{subparagraph.2.4.9.1.4}{\376\377\0002\000.\0004\000.\0009\000.\0001\000.\0004\000\040\000T\000w\000o\000-\000b\000o\000d\000y\000\040\000p\000t\000\040\000c\000a\000l\000c\000u\000l\000a\000t\000i\000o\000n}{paragraph.2.4.9.1}% 38
\BOOKMARK [5][-]{subparagraph.2.4.9.1.5}{\376\377\0002\000.\0004\000.\0009\000.\0001\000.\0005\000\040\000I\000n\000v\000a\000r\000i\000a\000n\000t\000\040\000m\000a\000s\000s\000\040\000d\000i\000v\000i\000d\000e\000d\000\040\000b\000y\000\040\000R\000\040\000c\000a\000l\000c\000u\000l\000a\000t\000i\000o\000n}{paragraph.2.4.9.1}% 39
\BOOKMARK [5][-]{subparagraph.2.4.9.1.6}{\376\377\0002\000.\0004\000.\0009\000.\0001\000.\0006\000\040\000I\000n\000v\000a\000r\000i\000a\000n\000t\000\040\000m\000a\000s\000s\000\040\000c\000a\000l\000c\000u\000l\000a\000t\000i\000o\000n\000\040\000f\000o\000r\000\040\000t\000h\000r\000e\000e\000\040\000o\000b\000j\000e\000c\000t\000s}{paragraph.2.4.9.1}% 40
\BOOKMARK [4][-]{paragraph.2.4.9.2}{\376\377\0002\000.\0004\000.\0009\000.\0002\000\040\000C\000o\000r\000r\000e\000l\000a\000t\000i\000o\000n\000\040\000c\000o\000n\000d\000i\000t\000i\000o\000n\000\040\000m\000o\000d\000u\000l\000e\000s}{subsubsection.2.4.9}% 41
\BOOKMARK [5][-]{subparagraph.2.4.9.2.1}{\376\377\0002\000.\0004\000.\0009\000.\0002\000.\0001\000\040\000O\000v\000e\000r\000v\000i\000e\000w\000\040\000o\000f\000\040\000p\000o\000s\000s\000i\000b\000l\000e\000\040\000c\000o\000r\000r\000e\000l\000a\000t\000i\000o\000n\000\040\000c\000u\000t\000s\000\040\000i\000n\000\040\000c\000o\000n\000d\000i\000t\000i\000o\000n\000s}{paragraph.2.4.9.2}% 42
\BOOKMARK [5][-]{subparagraph.2.4.9.2.2}{\376\377\0002\000.\0004\000.\0009\000.\0002\000.\0002\000\040\000C\000a\000l\000o\000\040\000C\000a\000l\000o\000\040\000C\000o\000r\000r\000e\000l\000a\000t\000i\000o\000n\000\040\000c\000o\000n\000d\000i\000t\000i\000o\000n\000\040\000m\000o\000d\000u\000l\000e}{paragraph.2.4.9.2}% 43
\BOOKMARK [5][-]{subparagraph.2.4.9.2.3}{\376\377\0002\000.\0004\000.\0009\000.\0002\000.\0003\000\040\000C\000a\000l\000o\000\040\000C\000a\000l\000o\000\040\000O\000v\000e\000r\000l\000a\000p\000\040\000R\000e\000m\000o\000v\000e\000r\000\040\000C\000o\000r\000r\000e\000l\000a\000t\000i\000o\000n\000\040\000c\000o\000n\000d\000i\000t\000i\000o\000n\000\040\000m\000o\000d\000u\000l\000e}{paragraph.2.4.9.2}% 44
\BOOKMARK [5][-]{subparagraph.2.4.9.2.4}{\376\377\0002\000.\0004\000.\0009\000.\0002\000.\0004\000\040\000C\000a\000l\000o\000\040\000C\000a\000l\000o\000\040\000C\000o\000r\000r\000e\000l\000a\000t\000i\000o\000n\000\040\000c\000o\000n\000d\000i\000t\000i\000o\000n\000\040\000m\000o\000d\000u\000l\000e\000\040\000f\000o\000r\000\040\000I\000n\000v\000a\000r\000i\000a\000n\000t\000\040\000M\000a\000s\000s\000\040\000D\000i\000v\000i\000d\000e\000d\000\040\000b\000y\000\040\000R}{paragraph.2.4.9.2}% 45
\BOOKMARK [5][-]{subparagraph.2.4.9.2.5}{\376\377\0002\000.\0004\000.\0009\000.\0002\000.\0005\000\040\000C\000a\000l\000o\000\040\000C\000o\000r\000r\000e\000l\000a\000t\000i\000o\000n\000\040\000c\000o\000n\000d\000i\000t\000i\000o\000n\000\040\000m\000o\000d\000u\000l\000e\000\040\000f\000o\000r\000\040\000I\000n\000v\000a\000r\000i\000a\000n\000t\000\040\000M\000a\000s\000s\000\040\000w\000i\000t\000h\000\040\000T\000h\000r\000e\000e\000\040\000O\000b\000j\000e\000c\000t\000s}{paragraph.2.4.9.2}% 46
\BOOKMARK [5][-]{subparagraph.2.4.9.2.6}{\376\377\0002\000.\0004\000.\0009\000.\0002\000.\0006\000\040\000C\000a\000l\000o\000\040\000E\000s\000u\000m\000s\000\040\000C\000o\000r\000r\000e\000l\000a\000t\000i\000o\000n\000\040\000c\000o\000n\000d\000i\000t\000i\000o\000n\000\040\000m\000o\000d\000u\000l\000e}{paragraph.2.4.9.2}% 47
\BOOKMARK [5][-]{subparagraph.2.4.9.2.7}{\376\377\0002\000.\0004\000.\0009\000.\0002\000.\0007\000\040\000C\000a\000l\000o\000\040\000M\000u\000o\000n\000\040\000C\000o\000r\000r\000e\000l\000a\000t\000i\000o\000n\000\040\000c\000o\000n\000d\000i\000t\000i\000o\000n\000\040\000m\000o\000d\000u\000l\000e}{paragraph.2.4.9.2}% 48
\BOOKMARK [5][-]{subparagraph.2.4.9.2.8}{\376\377\0002\000.\0004\000.\0009\000.\0002\000.\0008\000\040\000M\000u\000o\000n\000\040\000M\000u\000o\000n\000\040\000C\000o\000r\000r\000e\000l\000a\000t\000i\000o\000n\000\040\000c\000o\000n\000d\000i\000t\000i\000o\000n\000\040\000m\000o\000d\000u\000l\000e}{paragraph.2.4.9.2}% 49
\BOOKMARK [5][-]{subparagraph.2.4.9.2.9}{\376\377\0002\000.\0004\000.\0009\000.\0002\000.\0009\000\040\000M\000u\000o\000n\000\040\000M\000u\000o\000n\000\040\000C\000o\000r\000r\000e\000l\000a\000t\000i\000o\000n\000\040\000c\000o\000n\000d\000i\000t\000i\000o\000n\000\040\000m\000o\000d\000u\000l\000e\000\040\000f\000o\000r\000\040\000I\000n\000v\000a\000r\000i\000a\000n\000t\000\040\000M\000a\000s\000s\000\040\000D\000i\000v\000i\000d\000e\000d\000\040\000b\000y\000\040\000R}{paragraph.2.4.9.2}% 50
\BOOKMARK [5][-]{subparagraph.2.4.9.2.10}{\376\377\0002\000.\0004\000.\0009\000.\0002\000.\0001\0000\000\040\000M\000u\000o\000n\000\040\000C\000o\000r\000r\000e\000l\000a\000t\000i\000o\000n\000\040\000c\000o\000n\000d\000i\000t\000i\000o\000n\000\040\000m\000o\000d\000u\000l\000e\000\040\000f\000o\000r\000\040\000I\000n\000v\000a\000r\000i\000a\000n\000t\000\040\000M\000a\000s\000s\000\040\000w\000i\000t\000h\000\040\000T\000h\000r\000e\000e\000\040\000O\000b\000j\000e\000c\000t\000s}{paragraph.2.4.9.2}% 51
\BOOKMARK [5][-]{subparagraph.2.4.9.2.11}{\376\377\0002\000.\0004\000.\0009\000.\0002\000.\0001\0001\000\040\000M\000u\000o\000n\000\040\000E\000s\000u\000m\000s\000\040\000C\000o\000r\000r\000e\000l\000a\000t\000i\000o\000n\000\040\000c\000o\000n\000d\000i\000t\000i\000o\000n\000\040\000m\000o\000d\000u\000l\000e}{paragraph.2.4.9.2}% 52
\BOOKMARK [3][-]{subsubsection.2.4.10}{\376\377\0002\000.\0004\000.\0001\0000\000\040\000E\000x\000t\000e\000r\000n\000a\000l\000\040\000C\000o\000n\000d\000i\000t\000i\000o\000n\000s}{subsection.2.4}% 53
\BOOKMARK [3][-]{subsubsection.2.4.11}{\376\377\0002\000.\0004\000.\0001\0001\000\040\000A\000l\000g\000o\000r\000i\000t\000h\000m\000s\000\040\000l\000o\000g\000i\000c}{subsection.2.4}% 54
\BOOKMARK [1][-]{section.3}{\376\377\0003\000\040\000G\000l\000o\000s\000s\000a\000r\000y}{}% 55
