\BOOKMARK [1][-]{section*.1}{\376\377\000L\000i\000s\000t\000\040\000o\000f\000\040\000F\000i\000g\000u\000r\000e\000s}{}% 1
\BOOKMARK [1][-]{section*.2}{\376\377\000L\000i\000s\000t\000\040\000o\000f\000\040\000T\000a\000b\000l\000e\000s}{}% 2
\BOOKMARK [1][-]{section.1}{\376\377\0001\000\040\000G\000l\000o\000b\000a\000l\000\040\000T\000r\000i\000g\000g\000e\000r\000\040\000S\000y\000s\000t\000e\000m\000\040\000o\000v\000e\000r\000v\000i\000e\000w}{}% 3
\BOOKMARK [1][-]{section.2}{\376\377\0002\000\040\000F\000i\000r\000m\000w\000a\000r\000e\000\040\000o\000v\000e\000r\000v\000i\000e\000w}{}% 4
\BOOKMARK [2][-]{subsection.2.1}{\376\377\0002\000.\0001\000\040\000F\000i\000r\000m\000w\000a\000r\000e\000\040\000v\000e\000r\000s\000i\000o\000n}{section.2}% 5
\BOOKMARK [2][-]{subsection.2.2}{\376\377\0002\000.\0002\000\040\000D\000i\000r\000e\000c\000t\000o\000r\000y\000\040\000s\000t\000r\000u\000c\000t\000u\000r\000e\000\040\000o\000f\000\040\000G\000l\000o\000b\000a\000l\000\040\000T\000r\000i\000g\000g\000e\000r\000\040\000f\000i\000r\000m\000w\000a\000r\000e}{section.2}% 6
\BOOKMARK [3][-]{subsubsection.2.2.1}{\376\377\0002\000.\0002\000.\0001\000\040\000P\000a\000c\000k\000a\000g\000e\000:\000\040\000l\000h\000c\000\137\000d\000a\000t\000a\000\137\000p\000k\000g}{subsection.2.2}% 7
\BOOKMARK [1][-]{section.3}{\376\377\0003\000\040\000F\000r\000a\000m\000e\000w\000o\000r\000k}{}% 8
\BOOKMARK [2][-]{subsection.3.1}{\376\377\0003\000.\0001\000\040\000C\000o\000n\000f\000i\000g\000u\000r\000a\000t\000i\000o\000n\000\040\000o\000f\000\040\000o\000p\000t\000i\000c\000a\000l\000\040\000c\000o\000n\000n\000e\000c\000t\000i\000o\000n\000s}{section.3}% 9
\BOOKMARK [2][-]{subsection.3.2}{\376\377\0003\000.\0002\000\040\000D\000e\000m\000u\000x\000\040\000L\000a\000n\000e\000\040\000D\000a\000t\000a}{section.3}% 10
\BOOKMARK [2][-]{subsection.3.3}{\376\377\0003\000.\0003\000\040\000L\000a\000n\000e\000\040\000M\000a\000p\000p\000i\000n\000g\000\040\000P\000r\000o\000c\000e\000s\000s}{section.3}% 11
\BOOKMARK [3][-]{subsubsection.3.3.1}{\376\377\0003\000.\0003\000.\0001\000\040\000I\000m\000p\000l\000e\000m\000e\000n\000t\000a\000t\000i\000o\000n}{subsection.3.3}% 12
\BOOKMARK [2][-]{subsection.3.4}{\376\377\0003\000.\0004\000\040\000D\000e\000l\000a\000y\000\040\000M\000a\000n\000a\000g\000e\000r}{section.3}% 13
\BOOKMARK [3][-]{subsubsection.3.4.1}{\376\377\0003\000.\0004\000.\0001\000\040\000I\000m\000p\000l\000e\000m\000e\000n\000t\000a\000t\000i\000o\000n}{subsection.3.4}% 14
\BOOKMARK [2][-]{subsection.3.5}{\376\377\0003\000.\0005\000\040\000S\000I\000M\000\040\000a\000n\000d\000\040\000S\000P\000Y\000\040\000M\000e\000m\000o\000r\000y}{section.3}% 15
\BOOKMARK [3][-]{subsubsection.3.5.1}{\376\377\0003\000.\0005\000.\0001\000\040\000I\000m\000p\000l\000e\000m\000e\000n\000t\000a\000t\000i\000o\000n}{subsection.3.5}% 16
\BOOKMARK [4][-]{paragraph.3.5.1.1}{\376\377\0003\000.\0005\000.\0001\000.\0001\000\040\000S\000P\000Y\000\040\000T\000r\000i\000g\000g\000e\000r}{subsubsection.3.5.1}% 17
\BOOKMARK [4][-]{paragraph.3.5.1.2}{\376\377\0003\000.\0005\000.\0001\000.\0002\000\040\000S\000I\000M\000/\000S\000P\000Y\000\040\000m\000e\000m\000o\000r\000y}{subsubsection.3.5.1}% 18
\BOOKMARK [4][-]{paragraph.3.5.1.3}{\376\377\0003\000.\0005\000.\0001\000.\0003\000\040\000S\000P\000Y\000\040\000m\000e\000m\000o\000r\000y\000\040\000I\000I}{subsubsection.3.5.1}% 19
\BOOKMARK [4][-]{paragraph.3.5.1.4}{\376\377\0003\000.\0005\000.\0001\000.\0004\000\040\000S\000P\000Y\000\040\000m\000e\000m\000o\000r\000y\000\040\000I\000I\000I}{subsubsection.3.5.1}% 20
\BOOKMARK [3][-]{subsubsection.3.5.2}{\376\377\0003\000.\0005\000.\0002\000\040\000I\000n\000t\000e\000r\000f\000a\000c\000e\000\040\000S\000p\000e\000c\000i\000f\000i\000c\000a\000t\000i\000o\000n}{subsection.3.5}% 21
\BOOKMARK [2][-]{subsection.3.6}{\376\377\0003\000.\0006\000\040\000T\000C\000M}{section.3}% 22
\BOOKMARK [3][-]{subsubsection.3.6.1}{\376\377\0003\000.\0006\000.\0001\000\040\000C\000o\000u\000n\000t\000e\000r\000\040\000O\000v\000e\000r\000v\000i\000e\000w}{subsection.3.6}% 23
\BOOKMARK [3][-]{subsubsection.3.6.2}{\376\377\0003\000.\0006\000.\0002\000\040\000B\000u\000n\000c\000h\000\040\000C\000r\000o\000s\000s\000i\000n\000g\000\040\000N\000u\000m\000b\000e\000r\000\040\000a\000n\000d\000\040\000c\000o\000u\000n\000t\000e\000r\000s\000\040\000d\000e\000r\000i\000v\000e\000d\000\040\000f\000r\000o\000m\000\040\000i\000t}{subsection.3.6}% 24
\BOOKMARK [3][-]{subsubsection.3.6.3}{\376\377\0003\000.\0006\000.\0003\000\040\000S\000p\000e\000c\000i\000a\000l\000\040\000c\000o\000u\000n\000t\000e\000r\000:\000\040\000b\000x\000\137\000n\000r\000\137\000d\000\137\000f\000d\000l}{subsection.3.6}% 25
\BOOKMARK [3][-]{subsubsection.3.6.4}{\376\377\0003\000.\0006\000.\0004\000\040\000C\000o\000u\000n\000t\000e\000r\000s\000\040\000d\000e\000r\000i\000v\000e\000d\000\040\000f\000r\000o\000m\000\040\000l\0001\000a}{subsection.3.6}% 26
\BOOKMARK [3][-]{subsubsection.3.6.5}{\376\377\0003\000.\0006\000.\0005\000\040\000E\000r\000r\000o\000r\000s}{subsection.3.6}% 27
\BOOKMARK [3][-]{subsubsection.3.6.6}{\376\377\0003\000.\0006\000.\0006\000\040\000S\000W\000-\000R\000e\000g\000i\000s\000t\000e\000r\000s}{subsection.3.6}% 28
\BOOKMARK [3][-]{subsubsection.3.6.7}{\376\377\0003\000.\0006\000.\0007\000\040\000H\000a\000r\000d\000w\000a\000r\000e\000\040\000T\000e\000s\000t}{subsection.3.6}% 29
\BOOKMARK [2][-]{subsection.3.7}{\376\377\0003\000.\0007\000\040\000S\000o\000f\000t\000w\000a\000r\000e\000\040\000R\000e\000s\000e\000t}{section.3}% 30
\BOOKMARK [1][-]{section.4}{\376\377\0004\000\040\000G\000l\000o\000b\000a\000l\000\040\000T\000r\000i\000g\000g\000e\000r\000\040\000L\000o\000g\000i\000c}{}% 31
\BOOKMARK [2][-]{subsection.4.1}{\376\377\0004\000.\0001\000\040\000G\000T\000L\000\040\000I\000n\000t\000e\000r\000f\000a\000c\000e}{section.4}% 32
\BOOKMARK [2][-]{subsection.4.2}{\376\377\0004\000.\0002\000\040\000D\000e\000f\000i\000n\000i\000t\000i\000o\000n\000\040\000o\000f\000\040\000o\000p\000t\000i\000c\000a\000l\000\040\000i\000n\000t\000e\000r\000f\000a\000c\000e\000s}{section.4}% 33
\BOOKMARK [3][-]{subsubsection.4.2.1}{\376\377\0004\000.\0002\000.\0001\000\040\000C\000a\000l\000o\000-\000L\000a\000y\000e\000r\0002\000\040\000o\000p\000t\000i\000c\000a\000l\000\040\000i\000n\000t\000e\000r\000f\000a\000c\000e\000s}{subsection.4.2}% 34
\BOOKMARK [3][-]{subsubsection.4.2.2}{\376\377\0004\000.\0002\000.\0002\000\040\000G\000l\000o\000b\000a\000l\000\040\000M\000u\000o\000n\000\040\000T\000r\000i\000g\000g\000e\000r\000\040\000o\000p\000t\000i\000c\000a\000l\000\040\000i\000n\000t\000e\000r\000f\000a\000c\000e\000s}{subsection.4.2}% 35
\BOOKMARK [2][-]{subsection.4.3}{\376\377\0004\000.\0003\000\040\000I\000m\000p\000l\000e\000m\000e\000n\000t\000a\000t\000i\000o\000n\000\040\000i\000n\000\040\000f\000i\000r\000m\000w\000a\000r\000e}{section.4}% 36
\BOOKMARK [3][-]{subsubsection.4.3.1}{\376\377\0004\000.\0003\000.\0001\000\040\000T\000o\000p\000-\000o\000f\000-\000h\000i\000e\000r\000a\000r\000c\000h\000y\000\040\000m\000o\000d\000u\000l\000e}{subsection.4.3}% 37
\BOOKMARK [3][-]{subsubsection.4.3.2}{\376\377\0004\000.\0003\000.\0002\000\040\000P\000a\000c\000k\000a\000g\000e\000\040\000m\000o\000d\000u\000l\000e}{subsection.4.3}% 38
\BOOKMARK [2][-]{subsection.4.4}{\376\377\0004\000.\0004\000\040\000G\000T\000L\000\040\000s\000t\000r\000u\000c\000t\000u\000r\000e}{section.4}% 39
\BOOKMARK [3][-]{subsubsection.4.4.1}{\376\377\0004\000.\0004\000.\0001\000\040\000D\000a\000t\000a\000\040\0002\000b\000x}{subsection.4.4}% 40
\BOOKMARK [3][-]{subsubsection.4.4.2}{\376\377\0004\000.\0004\000.\0002\000\040\000D\000e\000f\000i\000n\000i\000t\000i\000o\000n\000s\000\040\000o\000f\000\040\000C\000a\000l\000o\000r\000i\000m\000e\000t\000e\000r\000\040\000d\000a\000t\000a}{subsection.4.4}% 41
\BOOKMARK [3][-]{subsubsection.4.4.3}{\376\377\0004\000.\0004\000.\0003\000\040\000D\000e\000f\000i\000n\000i\000t\000i\000o\000n\000s\000\040\000o\000f\000\040\000E\000n\000e\000r\000g\000y\000\040\000s\000u\000m\000\040\000q\000u\000a\000n\000t\000i\000t\000i\000e\000s\000\040\000d\000a\000t\000a}{subsection.4.4}% 42
\BOOKMARK [3][-]{subsubsection.4.4.4}{\376\377\0004\000.\0004\000.\0004\000\040\000D\000e\000f\000i\000n\000i\000t\000i\000o\000n\000s\000\040\000o\000f\000\040\000M\000u\000o\000n\000\040\000d\000a\000t\000a}{subsection.4.4}% 43
\BOOKMARK [3][-]{subsubsection.4.4.5}{\376\377\0004\000.\0004\000.\0005\000\040\000C\000a\000l\000c\000u\000l\000a\000t\000i\000o\000n\000\040\000o\000f\000\040\000d\000i\000f\000f\000e\000r\000e\000n\000c\000e\000s\000\040\000i\000n\000\040\000\040\000a\000n\000d\000\040}{subsection.4.4}% 44
\BOOKMARK [3][-]{subsubsection.4.4.6}{\376\377\0004\000.\0004\000.\0006\000\040\000C\000o\000m\000b\000i\000n\000a\000t\000i\000o\000n\000\040\000c\000o\000n\000d\000i\000t\000i\000o\000n\000s}{subsection.4.4}% 45
\BOOKMARK [4][-]{paragraph.4.4.6.1}{\376\377\0004\000.\0004\000.\0006\000.\0001\000\040\000C\000o\000m\000b\000i\000n\000a\000t\000i\000o\000n\000\040\000c\000o\000n\000d\000i\000t\000i\000o\000n\000s\000\040\000d\000e\000f\000i\000n\000i\000t\000i\000o\000n}{subsubsection.4.4.6}% 46
\BOOKMARK [5][-]{subparagraph.4.4.6.1.1}{\376\377\0004\000.\0004\000.\0006\000.\0001\000.\0001\000\040\000C\000o\000m\000b\000i\000n\000a\000t\000i\000o\000n\000\040\000c\000o\000n\000d\000i\000t\000i\000o\000n\000s\000\040\000m\000o\000d\000u\000l\000e}{paragraph.4.4.6.1}% 47
\BOOKMARK [5][-]{subparagraph.4.4.6.1.2}{\376\377\0004\000.\0004\000.\0006\000.\0001\000.\0002\000\040\000C\000a\000l\000o\000r\000i\000m\000e\000t\000e\000r\000\040\000O\000v\000e\000r\000l\000a\000p\000\040\000R\000e\000m\000o\000v\000e\000r\000\040\000c\000o\000n\000d\000i\000t\000i\000o\000n\000s\000\040\000m\000o\000d\000u\000l\000e}{paragraph.4.4.6.1}% 48
\BOOKMARK [5][-]{subparagraph.4.4.6.1.3}{\376\377\0004\000.\0004\000.\0006\000.\0001\000.\0003\000\040\000C\000a\000l\000o\000r\000i\000m\000e\000t\000e\000r\000\040\000c\000o\000m\000p\000a\000r\000a\000t\000o\000r\000s\000\040\000m\000o\000d\000u\000l\000e}{paragraph.4.4.6.1}% 49
\BOOKMARK [5][-]{subparagraph.4.4.6.1.4}{\376\377\0004\000.\0004\000.\0006\000.\0001\000.\0004\000\040\000M\000u\000o\000n\000\040\000c\000o\000m\000p\000a\000r\000a\000t\000o\000r\000s\000\040\000m\000o\000d\000u\000l\000e}{paragraph.4.4.6.1}% 50
\BOOKMARK [3][-]{subsubsection.4.4.7}{\376\377\0004\000.\0004\000.\0007\000\040\000E\000n\000e\000r\000g\000y\000\040\000s\000u\000m\000\040\000q\000u\000a\000n\000t\000i\000t\000i\000e\000s\000\040\000c\000o\000n\000d\000i\000t\000i\000o\000n\000s}{subsection.4.4}% 51
\BOOKMARK [4][-]{paragraph.4.4.7.1}{\376\377\0004\000.\0004\000.\0007\000.\0001\000\040\000E\000n\000e\000r\000g\000y\000\040\000s\000u\000m\000\040\000q\000u\000a\000n\000t\000i\000t\000i\000e\000s\000\040\000c\000o\000n\000d\000i\000t\000i\000o\000n\000s\000\040\000m\000o\000d\000u\000l\000e\000\040\000\050\000i\000n\000c\000l\000u\000d\000i\000n\000g\000\040\000A\000s\000y\000m\000m\000e\000t\000r\000y\000\040\000c\000o\000n\000d\000i\000t\000i\000o\000n\000s\000\051}{subsubsection.4.4.7}% 52
\BOOKMARK [4][-]{paragraph.4.4.7.2}{\376\377\0004\000.\0004\000.\0007\000.\0002\000\040\000E\000n\000e\000r\000g\000y\000\040\000s\000u\000m\000\040\000q\000u\000a\000n\000t\000i\000t\000i\000e\000s\000\040\000c\000o\000n\000d\000i\000t\000i\000o\000n\000s\000\040\000m\000o\000d\000u\000l\000e\000\040\000-\000\040\000t\000e\000m\000p\000l\000a\000t\000e\000\040\000f\000o\000r\000\040\000V\000H\000D\000L\000-\000P\000r\000o\000d\000u\000c\000e\000r}{subsubsection.4.4.7}% 53
\BOOKMARK [3][-]{subsubsection.4.4.8}{\376\377\0004\000.\0004\000.\0008\000\040\000M\000i\000n\000i\000m\000u\000m\000\040\000b\000i\000a\000s\000\040\000t\000r\000i\000g\000g\000e\000r\000\040\000c\000o\000n\000d\000i\000t\000i\000o\000n\000s}{subsection.4.4}% 54
\BOOKMARK [3][-]{subsubsection.4.4.9}{\376\377\0004\000.\0004\000.\0009\000\040\000T\000o\000w\000e\000r\000c\000o\000u\000n\000t\000\040\000c\000o\000n\000d\000i\000t\000i\000o\000n}{subsection.4.4}% 55
\BOOKMARK [3][-]{subsubsection.4.4.10}{\376\377\0004\000.\0004\000.\0001\0000\000\040\000C\000e\000n\000t\000r\000a\000l\000i\000t\000y\000\040\000c\000o\000n\000d\000i\000t\000i\000o\000n}{subsection.4.4}% 56
\BOOKMARK [3][-]{subsubsection.4.4.11}{\376\377\0004\000.\0004\000.\0001\0001\000\040\000M\000u\000o\000n\000\040\000c\000h\000a\000r\000g\000e\000\040\000c\000o\000r\000r\000e\000l\000a\000t\000i\000o\000n\000\040\000m\000o\000d\000u\000l\000e}{subsection.4.4}% 57
\BOOKMARK [3][-]{subsubsection.4.4.12}{\376\377\0004\000.\0004\000.\0001\0002\000\040\000C\000o\000r\000r\000e\000l\000a\000t\000i\000o\000n\000\040\000c\000o\000n\000d\000i\000t\000i\000o\000n\000s}{subsection.4.4}% 58
\BOOKMARK [4][-]{paragraph.4.4.12.1}{\376\377\0004\000.\0004\000.\0001\0002\000.\0001\000\040\000C\000a\000l\000c\000u\000l\000a\000t\000i\000o\000n\000\040\000o\000f\000\040\000c\000u\000t\000s}{subsubsection.4.4.12}% 59
\BOOKMARK [5][-]{subparagraph.4.4.12.1.1}{\376\377\0004\000.\0004\000.\0001\0002\000.\0001\000.\0001\000\040\000R\000\040\000c\000a\000l\000c\000u\000l\000a\000t\000i\000o\000n}{paragraph.4.4.12.1}% 60
\BOOKMARK [5][-]{subparagraph.4.4.12.1.2}{\376\377\0004\000.\0004\000.\0001\0002\000.\0001\000.\0002\000\040\000I\000n\000v\000a\000r\000i\000a\000n\000t\000\040\000m\000a\000s\000s\000\040\000c\000a\000l\000c\000u\000l\000a\000t\000i\000o\000n}{paragraph.4.4.12.1}% 61
\BOOKMARK [5][-]{subparagraph.4.4.12.1.3}{\376\377\0004\000.\0004\000.\0001\0002\000.\0001\000.\0003\000\040\000T\000r\000a\000n\000s\000v\000e\000r\000s\000e\000\040\000m\000a\000s\000s\000\040\000c\000a\000l\000c\000u\000l\000a\000t\000i\000o\000n}{paragraph.4.4.12.1}% 62
\BOOKMARK [5][-]{subparagraph.4.4.12.1.4}{\376\377\0004\000.\0004\000.\0001\0002\000.\0001\000.\0004\000\040\000T\000w\000o\000-\000b\000o\000d\000y\000\040\000p\000t\000\040\000c\000a\000l\000c\000u\000l\000a\000t\000i\000o\000n}{paragraph.4.4.12.1}% 63
\BOOKMARK [5][-]{subparagraph.4.4.12.1.5}{\376\377\0004\000.\0004\000.\0001\0002\000.\0001\000.\0005\000\040\000I\000n\000v\000a\000r\000i\000a\000n\000t\000\040\000m\000a\000s\000s\000\040\000d\000i\000v\000i\000d\000e\000d\000\040\000b\000y\000\040\000R\000\040\000c\000a\000l\000c\000u\000l\000a\000t\000i\000o\000n}{paragraph.4.4.12.1}% 64
\BOOKMARK [5][-]{subparagraph.4.4.12.1.6}{\376\377\0004\000.\0004\000.\0001\0002\000.\0001\000.\0006\000\040\000I\000n\000v\000a\000r\000i\000a\000n\000t\000\040\000m\000a\000s\000s\000\040\000c\000a\000l\000c\000u\000l\000a\000t\000i\000o\000n\000\040\000f\000o\000r\000\040\000t\000h\000r\000e\000e\000\040\000o\000b\000j\000e\000c\000t\000s}{paragraph.4.4.12.1}% 65
\BOOKMARK [5][-]{subparagraph.4.4.12.1.7}{\376\377\0004\000.\0004\000.\0001\0002\000.\0001\000.\0007\000\040\000O\000v\000e\000r\000v\000i\000e\000w\000\040\000o\000f\000\040\000p\000o\000s\000s\000i\000b\000l\000e\000\040\000c\000o\000r\000r\000e\000l\000a\000t\000i\000o\000n\000\040\000c\000u\000t\000s}{paragraph.4.4.12.1}% 66
\BOOKMARK [4][-]{paragraph.4.4.12.2}{\376\377\0004\000.\0004\000.\0001\0002\000.\0002\000\040\000C\000o\000r\000r\000e\000l\000a\000t\000i\000o\000n\000\040\000c\000o\000n\000d\000i\000t\000i\000o\000n\000\040\000m\000o\000d\000u\000l\000e\000s}{subsubsection.4.4.12}% 67
\BOOKMARK [5][-]{subparagraph.4.4.12.2.1}{\376\377\0004\000.\0004\000.\0001\0002\000.\0002\000.\0001\000\040\000C\000a\000l\000o\000\040\000C\000a\000l\000o\000\040\000C\000o\000r\000r\000e\000l\000a\000t\000i\000o\000n\000\040\000c\000o\000n\000d\000i\000t\000i\000o\000n\000\040\000m\000o\000d\000u\000l\000e}{paragraph.4.4.12.2}% 68
\BOOKMARK [5][-]{subparagraph.4.4.12.2.2}{\376\377\0004\000.\0004\000.\0001\0002\000.\0002\000.\0002\000\040\000C\000a\000l\000o\000\040\000C\000a\000l\000o\000\040\000O\000v\000e\000r\000l\000a\000p\000\040\000R\000e\000m\000o\000v\000e\000r\000\040\000C\000o\000r\000r\000e\000l\000a\000t\000i\000o\000n\000\040\000c\000o\000n\000d\000i\000t\000i\000o\000n\000\040\000m\000o\000d\000u\000l\000e}{paragraph.4.4.12.2}% 69
\BOOKMARK [5][-]{subparagraph.4.4.12.2.3}{\376\377\0004\000.\0004\000.\0001\0002\000.\0002\000.\0003\000\040\000C\000a\000l\000o\000\040\000C\000a\000l\000o\000\040\000C\000o\000r\000r\000e\000l\000a\000t\000i\000o\000n\000\040\000c\000o\000n\000d\000i\000t\000i\000o\000n\000\040\000m\000o\000d\000u\000l\000e\000\040\000f\000o\000r\000\040\000I\000n\000v\000a\000r\000i\000a\000n\000t\000\040\000M\000a\000s\000s\000\040\000D\000i\000v\000i\000d\000e\000d\000\040\000b\000y\000\040\000R}{paragraph.4.4.12.2}% 70
\BOOKMARK [5][-]{subparagraph.4.4.12.2.4}{\376\377\0004\000.\0004\000.\0001\0002\000.\0002\000.\0004\000\040\000C\000a\000l\000o\000\040\000C\000o\000r\000r\000e\000l\000a\000t\000i\000o\000n\000\040\000c\000o\000n\000d\000i\000t\000i\000o\000n\000\040\000m\000o\000d\000u\000l\000e\000\040\000f\000o\000r\000\040\000I\000n\000v\000a\000r\000i\000a\000n\000t\000\040\000M\000a\000s\000s\000\040\000w\000i\000t\000h\000\040\000T\000h\000r\000e\000e\000\040\000O\000b\000j\000e\000c\000t\000s}{paragraph.4.4.12.2}% 71
\BOOKMARK [5][-]{subparagraph.4.4.12.2.5}{\376\377\0004\000.\0004\000.\0001\0002\000.\0002\000.\0005\000\040\000C\000a\000l\000o\000\040\000E\000s\000u\000m\000s\000\040\000C\000o\000r\000r\000e\000l\000a\000t\000i\000o\000n\000\040\000c\000o\000n\000d\000i\000t\000i\000o\000n\000\040\000m\000o\000d\000u\000l\000e}{paragraph.4.4.12.2}% 72
\BOOKMARK [5][-]{subparagraph.4.4.12.2.6}{\376\377\0004\000.\0004\000.\0001\0002\000.\0002\000.\0006\000\040\000C\000a\000l\000o\000\040\000M\000u\000o\000n\000\040\000C\000o\000r\000r\000e\000l\000a\000t\000i\000o\000n\000\040\000c\000o\000n\000d\000i\000t\000i\000o\000n\000\040\000m\000o\000d\000u\000l\000e}{paragraph.4.4.12.2}% 73
\BOOKMARK [5][-]{subparagraph.4.4.12.2.7}{\376\377\0004\000.\0004\000.\0001\0002\000.\0002\000.\0007\000\040\000M\000u\000o\000n\000\040\000M\000u\000o\000n\000\040\000C\000o\000r\000r\000e\000l\000a\000t\000i\000o\000n\000\040\000c\000o\000n\000d\000i\000t\000i\000o\000n\000\040\000m\000o\000d\000u\000l\000e}{paragraph.4.4.12.2}% 74
\BOOKMARK [5][-]{subparagraph.4.4.12.2.8}{\376\377\0004\000.\0004\000.\0001\0002\000.\0002\000.\0008\000\040\000M\000u\000o\000n\000\040\000M\000u\000o\000n\000\040\000C\000o\000r\000r\000e\000l\000a\000t\000i\000o\000n\000\040\000c\000o\000n\000d\000i\000t\000i\000o\000n\000\040\000m\000o\000d\000u\000l\000e\000\040\000f\000o\000r\000\040\000I\000n\000v\000a\000r\000i\000a\000n\000t\000\040\000M\000a\000s\000s\000\040\000D\000i\000v\000i\000d\000e\000d\000\040\000b\000y\000\040\000R}{paragraph.4.4.12.2}% 75
\BOOKMARK [5][-]{subparagraph.4.4.12.2.9}{\376\377\0004\000.\0004\000.\0001\0002\000.\0002\000.\0009\000\040\000M\000u\000o\000n\000\040\000C\000o\000r\000r\000e\000l\000a\000t\000i\000o\000n\000\040\000c\000o\000n\000d\000i\000t\000i\000o\000n\000\040\000m\000o\000d\000u\000l\000e\000\040\000f\000o\000r\000\040\000I\000n\000v\000a\000r\000i\000a\000n\000t\000\040\000M\000a\000s\000s\000\040\000w\000i\000t\000h\000\040\000T\000h\000r\000e\000e\000\040\000O\000b\000j\000e\000c\000t\000s}{paragraph.4.4.12.2}% 76
\BOOKMARK [5][-]{subparagraph.4.4.12.2.10}{\376\377\0004\000.\0004\000.\0001\0002\000.\0002\000.\0001\0000\000\040\000M\000u\000o\000n\000\040\000E\000s\000u\000m\000s\000\040\000C\000o\000r\000r\000e\000l\000a\000t\000i\000o\000n\000\040\000c\000o\000n\000d\000i\000t\000i\000o\000n\000\040\000m\000o\000d\000u\000l\000e}{paragraph.4.4.12.2}% 77
\BOOKMARK [3][-]{subsubsection.4.4.13}{\376\377\0004\000.\0004\000.\0001\0003\000\040\000E\000x\000t\000e\000r\000n\000a\000l\000\040\000C\000o\000n\000d\000i\000t\000i\000o\000n\000s}{subsection.4.4}% 78
\BOOKMARK [3][-]{subsubsection.4.4.14}{\376\377\0004\000.\0004\000.\0001\0004\000\040\000A\000l\000g\000o\000r\000i\000t\000h\000m\000s\000\040\000l\000o\000g\000i\000c}{subsection.4.4}% 79
\BOOKMARK [1][-]{section.5}{\376\377\0005\000\040\000F\000i\000n\000a\000l\000\040\000D\000e\000s\000i\000c\000i\000o\000n\000\040\000L\000o\000g\000i\000c}{}% 80
\BOOKMARK [2][-]{subsection.5.1}{\376\377\0005\000.\0001\000\040\000F\000D\000L\000\040\000I\000n\000t\000e\000r\000f\000a\000c\000e}{section.5}% 81
\BOOKMARK [2][-]{subsection.5.2}{\376\377\0005\000.\0002\000\040\000M\000P\0007\000\040\000F\000i\000n\000a\000l\000-\000O\000R\000\040\000h\000a\000r\000d\000w\000a\000r\000e\000\040\000s\000o\000l\000u\000t\000i\000o\000n}{section.5}% 82
\BOOKMARK [2][-]{subsection.5.3}{\376\377\0005\000.\0003\000\040\000D\000a\000t\000a\000\040\000f\000l\000o\000w}{section.5}% 83
\BOOKMARK [2][-]{subsection.5.4}{\376\377\0005\000.\0004\000\040\000M\000a\000i\000n\000\040\000p\000a\000r\000t\000s}{section.5}% 84
\BOOKMARK [3][-]{subsubsection.5.4.1}{\376\377\0005\000.\0004\000.\0001\000\040\000R\000e\000g\000i\000s\000t\000e\000r\000s\000\040\000a\000n\000d\000\040\000m\000e\000m\000o\000r\000i\000e\000s}{subsection.5.4}% 85
\BOOKMARK [4][-]{paragraph.5.4.1.1}{\376\377\0005\000.\0004\000.\0001\000.\0001\000\040\000R\000e\000g\000i\000s\000t\000e\000r\000\040\000m\000a\000p}{subsubsection.5.4.1}% 86
\BOOKMARK [3][-]{subsubsection.5.4.2}{\376\377\0005\000.\0004\000.\0002\000\040\000A\000l\000g\000o\000-\000b\000x\000-\000m\000a\000s\000k\000s}{subsection.5.4}% 87
\BOOKMARK [3][-]{subsubsection.5.4.3}{\376\377\0005\000.\0004\000.\0003\000\040\000R\000a\000t\000e\000-\000c\000o\000u\000n\000t\000e\000r\000s}{subsection.5.4}% 88
\BOOKMARK [3][-]{subsubsection.5.4.4}{\376\377\0005\000.\0004\000.\0004\000\040\000P\000r\000e\000s\000c\000a\000l\000e\000r\000s}{subsection.5.4}% 89
\BOOKMARK [3][-]{subsubsection.5.4.5}{\376\377\0005\000.\0004\000.\0005\000\040\000F\000i\000n\000o\000r\000-\000m\000a\000s\000k\000s}{subsection.5.4}% 90
\BOOKMARK [3][-]{subsubsection.5.4.6}{\376\377\0005\000.\0004\000.\0006\000\040\000V\000e\000t\000o\000-\000m\000a\000s\000k\000s}{subsection.5.4}% 91
\BOOKMARK [3][-]{subsubsection.5.4.7}{\376\377\0005\000.\0004\000.\0007\000\040\000F\000i\000n\000o\000r}{subsection.5.4}% 92
\BOOKMARK [2][-]{subsection.5.5}{\376\377\0005\000.\0005\000\040\000I\000m\000p\000l\000e\000m\000e\000n\000t\000a\000t\000i\000o\000n\000\040\000i\000n\000\040\000f\000i\000r\000m\000w\000a\000r\000e}{section.5}% 93
\BOOKMARK [1][-]{section.6}{\376\377\0006\000\040\000R\000e\000a\000d\000o\000u\000t\000-\000P\000r\000o\000c\000e\000s\000s}{}% 94
\BOOKMARK [1][-]{section.7}{\376\377\0007\000\040\000G\000l\000o\000s\000s\000a\000r\000y}{}% 95
\BOOKMARK [1][-]{section*.3}{\376\377\000B\000i\000b\000l\000i\000o\000g\000r\000a\000p\000h\000y}{}% 96
\BOOKMARK [1][-]{section*.4}{\376\377\000I\000n\000d\000e\000x}{}% 97
