This is pdfTeX, Version 3.1415926-2.5-1.40.14 (TeX Live 2013/Debian) (format=pdflatex 2018.10.12)  24 SEP 2021 11:04
entering extended mode
 \write18 enabled.
 %&-line parsing enabled.
**gt-mp7-firmware-specification
(./gt-mp7-firmware-specification.tex
LaTeX2e <2011/06/27>
Babel <3.9h> and hyphenation patterns for 2 languages loaded.
(/usr/share/texlive/texmf-dist/tex/latex/base/article.cls
Document Class: article 2007/10/19 v1.4h Standard LaTeX document class
(/usr/share/texlive/texmf-dist/tex/latex/base/size11.clo
File: size11.clo 2007/10/19 v1.4h Standard LaTeX file (size option)
)
\c@part=\count79
\c@section=\count80
\c@subsection=\count81
\c@subsubsection=\count82
\c@paragraph=\count83
\c@subparagraph=\count84
\c@figure=\count85
\c@table=\count86
\abovecaptionskip=\skip41
\belowcaptionskip=\skip42
\bibindent=\dimen102
)
(/home/bergauer/GlobalTriggerUpgrade/utils/latex/gtupgrade.sty
(/usr/share/texlive/texmf-dist/tex/latex/base/fontenc.sty
Package: fontenc 2005/09/27 v1.99g Standard LaTeX package

(/usr/share/texlive/texmf-dist/tex/latex/base/t1enc.def
File: t1enc.def 2005/09/27 v1.99g Standard LaTeX file
LaTeX Font Info:    Redeclaring font encoding T1 on input line 43.
))
(/usr/share/texlive/texmf-dist/tex/latex/base/inputenc.sty
Package: inputenc 2008/03/30 v1.1d Input encoding file
\inpenc@prehook=\toks14
\inpenc@posthook=\toks15

(/usr/share/texlive/texmf-dist/tex/latex/ucs/utf8x.def
File: utf8x.def 2004/10/17 UCS: Input encoding UTF-8
))
(/usr/share/texlive/texmf-dist/tex/latex/ucs/ucs.sty
Package: ucs 2013/05/11 v2.2 UCS: Unicode input support

(/usr/share/texlive/texmf-dist/tex/latex/ucs/data/uni-global.def
File: uni-global.def 2013/05/13 UCS: Unicode global data
)
\uc@secondtry=\count87
\uc@combtoks=\toks16
\uc@combtoksb=\toks17
\uc@temptokena=\toks18
)
(/usr/share/texlive/texmf-dist/tex/generic/babel/babel.sty
Package: babel 2013/12/03 3.9h The Babel package

(/usr/share/texlive/texmf-dist/tex/generic/babel-english/english.ldf
Language: english 2012/08/20 v3.3p English support from the babel system

(/usr/share/texlive/texmf-dist/tex/generic/babel/babel.def
File: babel.def 2013/12/03 3.9h Babel common definitions
\babel@savecnt=\count88
\U@D=\dimen103
)
\l@british = a dialect from \language\l@english 
\l@UKenglish = a dialect from \language\l@english 
\l@canadian = a dialect from \language\l@american 
\l@australian = a dialect from \language\l@british 
\l@newzealand = a dialect from \language\l@british 
))
(/usr/share/texlive/texmf-dist/tex/latex/tools/xspace.sty
Package: xspace 2009/10/20 v1.13 Space after command names (DPC,MH)
)
(/usr/share/texmf/tex/latex/lm/lmodern.sty
Package: lmodern 2009/10/30 v1.6 Latin Modern Fonts
LaTeX Font Info:    Overwriting symbol font `operators' in version `normal'
(Font)                  OT1/cmr/m/n --> OT1/lmr/m/n on input line 22.
LaTeX Font Info:    Overwriting symbol font `letters' in version `normal'
(Font)                  OML/cmm/m/it --> OML/lmm/m/it on input line 23.
LaTeX Font Info:    Overwriting symbol font `symbols' in version `normal'
(Font)                  OMS/cmsy/m/n --> OMS/lmsy/m/n on input line 24.
LaTeX Font Info:    Overwriting symbol font `largesymbols' in version `normal'
(Font)                  OMX/cmex/m/n --> OMX/lmex/m/n on input line 25.
LaTeX Font Info:    Overwriting symbol font `operators' in version `bold'
(Font)                  OT1/cmr/bx/n --> OT1/lmr/bx/n on input line 26.
LaTeX Font Info:    Overwriting symbol font `letters' in version `bold'
(Font)                  OML/cmm/b/it --> OML/lmm/b/it on input line 27.
LaTeX Font Info:    Overwriting symbol font `symbols' in version `bold'
(Font)                  OMS/cmsy/b/n --> OMS/lmsy/b/n on input line 28.
LaTeX Font Info:    Overwriting symbol font `largesymbols' in version `bold'
(Font)                  OMX/cmex/m/n --> OMX/lmex/m/n on input line 29.
LaTeX Font Info:    Overwriting math alphabet `\mathbf' in version `normal'
(Font)                  OT1/cmr/bx/n --> OT1/lmr/bx/n on input line 31.
LaTeX Font Info:    Overwriting math alphabet `\mathsf' in version `normal'
(Font)                  OT1/cmss/m/n --> OT1/lmss/m/n on input line 32.
LaTeX Font Info:    Overwriting math alphabet `\mathit' in version `normal'
(Font)                  OT1/cmr/m/it --> OT1/lmr/m/it on input line 33.
LaTeX Font Info:    Overwriting math alphabet `\mathtt' in version `normal'
(Font)                  OT1/cmtt/m/n --> OT1/lmtt/m/n on input line 34.
LaTeX Font Info:    Overwriting math alphabet `\mathbf' in version `bold'
(Font)                  OT1/cmr/bx/n --> OT1/lmr/bx/n on input line 35.
LaTeX Font Info:    Overwriting math alphabet `\mathsf' in version `bold'
(Font)                  OT1/cmss/bx/n --> OT1/lmss/bx/n on input line 36.
LaTeX Font Info:    Overwriting math alphabet `\mathit' in version `bold'
(Font)                  OT1/cmr/bx/it --> OT1/lmr/bx/it on input line 37.
LaTeX Font Info:    Overwriting math alphabet `\mathtt' in version `bold'
(Font)                  OT1/cmtt/m/n --> OT1/lmtt/m/n on input line 38.
)
(/usr/share/texlive/texmf-dist/tex/latex/psnfss/courier.sty
Package: courier 2005/04/12 PSNFSS-v9.2a (WaS) 
)
(/usr/share/texlive/texmf-dist/tex/latex/a4wide/a4wide.sty
Package: a4wide 1994/08/30

(/usr/share/texlive/texmf-dist/tex/latex/ntgclass/a4.sty
Package: a4 2004/04/15 v1.2g A4 based page layout
))
(/usr/share/texlive/texmf-dist/tex/latex/graphics/color.sty
Package: color 2005/11/14 v1.0j Standard LaTeX Color (DPC)

(/usr/share/texlive/texmf-dist/tex/latex/latexconfig/color.cfg
File: color.cfg 2007/01/18 v1.5 color configuration of teTeX/TeXLive
)
Package color Info: Driver file: pdftex.def on input line 130.

(/usr/share/texlive/texmf-dist/tex/latex/pdftex-def/pdftex.def
File: pdftex.def 2011/05/27 v0.06d Graphics/color for pdfTeX

(/usr/share/texlive/texmf-dist/tex/generic/oberdiek/infwarerr.sty
Package: infwarerr 2010/04/08 v1.3 Providing info/warning/error messages (HO)
)
(/usr/share/texlive/texmf-dist/tex/generic/oberdiek/ltxcmds.sty
Package: ltxcmds 2011/11/09 v1.22 LaTeX kernel commands for general use (HO)
)
\Gread@gobject=\count89
))
(/usr/share/texlive/texmf-dist/tex/latex/graphics/graphicx.sty
Package: graphicx 1999/02/16 v1.0f Enhanced LaTeX Graphics (DPC,SPQR)

(/usr/share/texlive/texmf-dist/tex/latex/graphics/keyval.sty
Package: keyval 1999/03/16 v1.13 key=value parser (DPC)
\KV@toks@=\toks19
)
(/usr/share/texlive/texmf-dist/tex/latex/graphics/graphics.sty
Package: graphics 2009/02/05 v1.0o Standard LaTeX Graphics (DPC,SPQR)

(/usr/share/texlive/texmf-dist/tex/latex/graphics/trig.sty
Package: trig 1999/03/16 v1.09 sin cos tan (DPC)
)
(/usr/share/texlive/texmf-dist/tex/latex/latexconfig/graphics.cfg
File: graphics.cfg 2010/04/23 v1.9 graphics configuration of TeX Live
)
Package graphics Info: Driver file: pdftex.def on input line 91.
)
\Gin@req@height=\dimen104
\Gin@req@width=\dimen105
)
(/usr/share/texlive/texmf-dist/tex/latex/tools/tabularx.sty
Package: tabularx 1999/01/07 v2.07 `tabularx' package (DPC)

(/usr/share/texlive/texmf-dist/tex/latex/tools/array.sty
Package: array 2008/09/09 v2.4c Tabular extension package (FMi)
\col@sep=\dimen106
\extrarowheight=\dimen107
\NC@list=\toks20
\extratabsurround=\skip43
\backup@length=\skip44
)
\TX@col@width=\dimen108
\TX@old@table=\dimen109
\TX@old@col=\dimen110
\TX@target=\dimen111
\TX@delta=\dimen112
\TX@cols=\count90
\TX@ftn=\toks21
)
(/usr/share/texlive/texmf-dist/tex/latex/hyphenat/hyphenat.sty
Package: hyphenat 2009/09/02 v2.3c hyphenation utilities
\langwohyphens=\language3
LaTeX Info: Redefining \_ on input line 43.
)
(/usr/share/texlive/texmf-dist/tex/latex/lastpage/lastpage.sty
Package: lastpage 2013/01/28 v1.2l Refers to last page's name (HMM; JPG)
)
(/usr/share/texlive/texmf-dist/tex/latex/listings/listings.sty
\lst@mode=\count91
\lst@gtempboxa=\box26
\lst@token=\toks22
\lst@length=\count92
\lst@currlwidth=\dimen113
\lst@column=\count93
\lst@pos=\count94
\lst@lostspace=\dimen114
\lst@width=\dimen115
\lst@newlines=\count95
\lst@lineno=\count96
\lst@maxwidth=\dimen116

(/usr/share/texlive/texmf-dist/tex/latex/listings/lstmisc.sty
File: lstmisc.sty 2013/08/26 1.5b (Carsten Heinz)
\c@lstnumber=\count97
\lst@skipnumbers=\count98
\lst@framebox=\box27
)
(/usr/share/texlive/texmf-dist/tex/latex/listings/listings.cfg
File: listings.cfg 2013/08/26 1.5b listings configuration
))
Package: listings 2013/08/26 1.5b (Carsten Heinz)

(/usr/share/texlive/texmf-dist/tex/latex/graphics/lscape.sty
Package: lscape 2000/10/22 v3.01 Landscape Pages (DPC)
)
(/usr/share/texlive/texmf-dist/tex/latex/base/textcomp.sty
Package: textcomp 2005/09/27 v1.99g Standard LaTeX package
Package textcomp Info: Sub-encoding information:
(textcomp)               5 = only ISO-Adobe without \textcurrency
(textcomp)               4 = 5 + \texteuro
(textcomp)               3 = 4 + \textohm
(textcomp)               2 = 3 + \textestimated + \textcurrency
(textcomp)               1 = TS1 - \textcircled - \t
(textcomp)               0 = TS1 (full)
(textcomp)             Font families with sub-encoding setting implement
(textcomp)             only a restricted character set as indicated.
(textcomp)             Family '?' is the default used for unknown fonts.
(textcomp)             See the documentation for details.
Package textcomp Info: Setting ? sub-encoding to TS1/1 on input line 71.

(/usr/share/texlive/texmf-dist/tex/latex/base/ts1enc.def
File: ts1enc.def 2001/06/05 v3.0e (jk/car/fm) Standard LaTeX file
)
LaTeX Info: Redefining \oldstylenums on input line 266.
Package textcomp Info: Setting cmr sub-encoding to TS1/0 on input line 281.
Package textcomp Info: Setting cmss sub-encoding to TS1/0 on input line 282.
Package textcomp Info: Setting cmtt sub-encoding to TS1/0 on input line 283.
Package textcomp Info: Setting cmvtt sub-encoding to TS1/0 on input line 284.
Package textcomp Info: Setting cmbr sub-encoding to TS1/0 on input line 285.
Package textcomp Info: Setting cmtl sub-encoding to TS1/0 on input line 286.
Package textcomp Info: Setting ccr sub-encoding to TS1/0 on input line 287.
Package textcomp Info: Setting ptm sub-encoding to TS1/4 on input line 288.
Package textcomp Info: Setting pcr sub-encoding to TS1/4 on input line 289.
Package textcomp Info: Setting phv sub-encoding to TS1/4 on input line 290.
Package textcomp Info: Setting ppl sub-encoding to TS1/3 on input line 291.
Package textcomp Info: Setting pag sub-encoding to TS1/4 on input line 292.
Package textcomp Info: Setting pbk sub-encoding to TS1/4 on input line 293.
Package textcomp Info: Setting pnc sub-encoding to TS1/4 on input line 294.
Package textcomp Info: Setting pzc sub-encoding to TS1/4 on input line 295.
Package textcomp Info: Setting bch sub-encoding to TS1/4 on input line 296.
Package textcomp Info: Setting put sub-encoding to TS1/5 on input line 297.
Package textcomp Info: Setting uag sub-encoding to TS1/5 on input line 298.
Package textcomp Info: Setting ugq sub-encoding to TS1/5 on input line 299.
Package textcomp Info: Setting ul8 sub-encoding to TS1/4 on input line 300.
Package textcomp Info: Setting ul9 sub-encoding to TS1/4 on input line 301.
Package textcomp Info: Setting augie sub-encoding to TS1/5 on input line 302.
Package textcomp Info: Setting dayrom sub-encoding to TS1/3 on input line 303.
Package textcomp Info: Setting dayroms sub-encoding to TS1/3 on input line 304.

Package textcomp Info: Setting pxr sub-encoding to TS1/0 on input line 305.
Package textcomp Info: Setting pxss sub-encoding to TS1/0 on input line 306.
Package textcomp Info: Setting pxtt sub-encoding to TS1/0 on input line 307.
Package textcomp Info: Setting txr sub-encoding to TS1/0 on input line 308.
Package textcomp Info: Setting txss sub-encoding to TS1/0 on input line 309.
Package textcomp Info: Setting txtt sub-encoding to TS1/0 on input line 310.
Package textcomp Info: Setting lmr sub-encoding to TS1/0 on input line 311.
Package textcomp Info: Setting lmdh sub-encoding to TS1/0 on input line 312.
Package textcomp Info: Setting lmss sub-encoding to TS1/0 on input line 313.
Package textcomp Info: Setting lmssq sub-encoding to TS1/0 on input line 314.
Package textcomp Info: Setting lmvtt sub-encoding to TS1/0 on input line 315.
Package textcomp Info: Setting qhv sub-encoding to TS1/0 on input line 316.
Package textcomp Info: Setting qag sub-encoding to TS1/0 on input line 317.
Package textcomp Info: Setting qbk sub-encoding to TS1/0 on input line 318.
Package textcomp Info: Setting qcr sub-encoding to TS1/0 on input line 319.
Package textcomp Info: Setting qcs sub-encoding to TS1/0 on input line 320.
Package textcomp Info: Setting qpl sub-encoding to TS1/0 on input line 321.
Package textcomp Info: Setting qtm sub-encoding to TS1/0 on input line 322.
Package textcomp Info: Setting qzc sub-encoding to TS1/0 on input line 323.
Package textcomp Info: Setting qhvc sub-encoding to TS1/0 on input line 324.
Package textcomp Info: Setting futs sub-encoding to TS1/4 on input line 325.
Package textcomp Info: Setting futx sub-encoding to TS1/4 on input line 326.
Package textcomp Info: Setting futj sub-encoding to TS1/4 on input line 327.
Package textcomp Info: Setting hlh sub-encoding to TS1/3 on input line 328.
Package textcomp Info: Setting hls sub-encoding to TS1/3 on input line 329.
Package textcomp Info: Setting hlst sub-encoding to TS1/3 on input line 330.
Package textcomp Info: Setting hlct sub-encoding to TS1/5 on input line 331.
Package textcomp Info: Setting hlx sub-encoding to TS1/5 on input line 332.
Package textcomp Info: Setting hlce sub-encoding to TS1/5 on input line 333.
Package textcomp Info: Setting hlcn sub-encoding to TS1/5 on input line 334.
Package textcomp Info: Setting hlcw sub-encoding to TS1/5 on input line 335.
Package textcomp Info: Setting hlcf sub-encoding to TS1/5 on input line 336.
Package textcomp Info: Setting pplx sub-encoding to TS1/3 on input line 337.
Package textcomp Info: Setting pplj sub-encoding to TS1/3 on input line 338.
Package textcomp Info: Setting ptmx sub-encoding to TS1/4 on input line 339.
Package textcomp Info: Setting ptmj sub-encoding to TS1/4 on input line 340.
)
(/usr/share/texlive/texmf-dist/tex/latex/titlesec/titlesec.sty
Package: titlesec 2011/12/15 v2.10.0 Sectioning titles
\ttl@box=\box28
\beforetitleunit=\skip45
\aftertitleunit=\skip46
\ttl@plus=\dimen117
\ttl@minus=\dimen118
\ttl@toksa=\toks23
\titlewidth=\dimen119
\titlewidthlast=\dimen120
\titlewidthfirst=\dimen121
)
(/usr/share/texlive/texmf-dist/tex/latex/upquote/upquote.sty
Package: upquote 2012/04/19 v1.3 upright-quote and grave-accent glyphs in verba
tim
)
(/usr/share/texlive/texmf-dist/tex/latex/url/url.sty
\Urlmuskip=\muskip10
Package: url 2013/09/16  ver 3.4  Verb mode for urls, etc.
)
(/usr/share/texlive/texmf-dist/tex/latex/tools/longtable.sty
Package: longtable 2004/02/01 v4.11 Multi-page Table package (DPC)
\LTleft=\skip47
\LTright=\skip48
\LTpre=\skip49
\LTpost=\skip50
\LTchunksize=\count99
\LTcapwidth=\dimen122
\LT@head=\box29
\LT@firsthead=\box30
\LT@foot=\box31
\LT@lastfoot=\box32
\LT@cols=\count100
\LT@rows=\count101
\c@LT@tables=\count102
\c@LT@chunks=\count103
\LT@p@ftn=\toks24
)
(/usr/share/texlive/texmf-dist/tex/latex/amsmath/amsmath.sty
Package: amsmath 2013/01/14 v2.14 AMS math features
\@mathmargin=\skip51

For additional information on amsmath, use the `?' option.
(/usr/share/texlive/texmf-dist/tex/latex/amsmath/amstext.sty
Package: amstext 2000/06/29 v2.01

(/usr/share/texlive/texmf-dist/tex/latex/amsmath/amsgen.sty
File: amsgen.sty 1999/11/30 v2.0
\@emptytoks=\toks25
\ex@=\dimen123
))
(/usr/share/texlive/texmf-dist/tex/latex/amsmath/amsbsy.sty
Package: amsbsy 1999/11/29 v1.2d
\pmbraise@=\dimen124
)
(/usr/share/texlive/texmf-dist/tex/latex/amsmath/amsopn.sty
Package: amsopn 1999/12/14 v2.01 operator names
)
\inf@bad=\count104
LaTeX Info: Redefining \frac on input line 210.
\uproot@=\count105
\leftroot@=\count106
LaTeX Info: Redefining \overline on input line 306.
\classnum@=\count107
\DOTSCASE@=\count108
LaTeX Info: Redefining \ldots on input line 378.
LaTeX Info: Redefining \dots on input line 381.
LaTeX Info: Redefining \cdots on input line 466.
\Mathstrutbox@=\box33
\strutbox@=\box34
\big@size=\dimen125
LaTeX Font Info:    Redeclaring font encoding OML on input line 566.
LaTeX Font Info:    Redeclaring font encoding OMS on input line 567.
\macc@depth=\count109
\c@MaxMatrixCols=\count110
\dotsspace@=\muskip11
\c@parentequation=\count111
\dspbrk@lvl=\count112
\tag@help=\toks26
\row@=\count113
\column@=\count114
\maxfields@=\count115
\andhelp@=\toks27
\eqnshift@=\dimen126
\alignsep@=\dimen127
\tagshift@=\dimen128
\tagwidth@=\dimen129
\totwidth@=\dimen130
\lineht@=\dimen131
\@envbody=\toks28
\multlinegap=\skip52
\multlinetaggap=\skip53
\mathdisplay@stack=\toks29
LaTeX Info: Redefining \[ on input line 2665.
LaTeX Info: Redefining \] on input line 2666.
)
(/usr/share/texlive/texmf-dist/tex/latex/register/register.sty
Package: register 2011/01/11 v1.6 Register macros with hyperref/LyX support

(/usr/share/texlive/texmf-dist/tex/latex/base/ifthen.sty
Package: ifthen 2001/05/26 v1.1c Standard LaTeX ifthen package (DPC)
)
(/usr/share/texlive/texmf-dist/tex/latex/float/float.sty
Package: float 2001/11/08 v1.3d Float enhancements (AL)
\c@float@type=\count116
\float@exts=\toks30
\float@box=\box35
\@float@everytoks=\toks31
\@floatcapt=\box36
)
(/usr/share/texlive/texmf-dist/tex/latex/tools/calc.sty
Package: calc 2007/08/22 v4.3 Infix arithmetic (KKT,FJ)
\calc@Acount=\count117
\calc@Bcount=\count118
\calc@Adimen=\dimen132
\calc@Bdimen=\dimen133
\calc@Askip=\skip54
\calc@Bskip=\skip55
LaTeX Info: Redefining \setlength on input line 76.
LaTeX Info: Redefining \addtolength on input line 77.
\calc@Ccount=\count119
\calc@Cskip=\skip56
)
\@float@every@Regfloat=\toks32
\c@Regfloat=\count120
\regWidth=\skip57
\regFieldLen=\skip58
\regLabelAdjust=\skip59
\regResetHeight=\skip60
\regResetDepth=\skip61
\regResetDrop=\skip62
\regDescSkip=\skip63
\regdescsep=\skip64
\oldregdescsep=\skip65
\Label=\box37
\RotatedLabel=\box38
\c@upperbit=\count121
\c@lowerbit=\count122
\c@T@peReleaseTag=\count123
\TRwidth=\skip66
\T@peReleaseDepth=\skip67
)
\@float@every@table=\toks33

(/home/bergauer/GlobalTriggerUpgrade/utils/latex/acronyms.sty)
(/home/bergauer/GlobalTriggerUpgrade/utils/latex/bytefield.sty
Package: bytefield 2011/06/19 v2.1 Network protocol diagrams
\bytefield@height=\skip68
\bytefield@height@increment=\skip69
\entire@bytefield@picture=\box39
\bf@bitwidth=\skip70
\bf@bitheight=\skip71
\units@wide=\skip72
\units@tall=\skip73
\units@high=\skip74
\header@xpos=\skip75
\c@header@val=\count124
\c@max@header@val=\count125
\curly@box=\box40
\wordlabelr@start=\skip76
\wordlabelr@end=\skip77
\wordlabell@start=\skip78
\wordlabell@end=\skip79
\total@lbox@width=\skip80
\label@box@width=\skip81
\label@box@height=\skip82
\word@label@box=\box41
)
(/home/bergauer/GlobalTriggerUpgrade/utils/latex/multirow.sty
\bigstrutjot=\dimen134
)
(/home/bergauer/GlobalTriggerUpgrade/utils/latex/booktabs.sty
Package: booktabs 2005/04/14 v1.61803 publication quality tables
\heavyrulewidth=\dimen135
\lightrulewidth=\dimen136
\cmidrulewidth=\dimen137
\belowrulesep=\dimen138
\belowbottomsep=\dimen139
\aboverulesep=\dimen140
\abovetopsep=\dimen141
\cmidrulesep=\dimen142
\cmidrulekern=\dimen143
\defaultaddspace=\dimen144
\@cmidla=\count126
\@cmidlb=\count127
\@aboverulesep=\dimen145
\@belowrulesep=\dimen146
\@thisruleclass=\count128
\@lastruleclass=\count129
\@thisrulewidth=\dimen147
)
(/usr/share/texlive/texmf-dist/tex/latex/acronym/acronym.sty
Package: acronym 2012/10/29 v1.38 Support for acronyms (Tobias Oetiker)

(/usr/share/texlive/texmf-dist/tex/latex/bigfoot/suffix.sty
Package: suffix 2006/07/15 1.5 Variant command support
)
(/usr/share/texlive/texmf-dist/tex/generic/xstring/xstring.sty
(/usr/share/texlive/texmf-dist/tex/generic/xstring/xstring.tex
\@xs@message=\write3
\integerpart=\count130
\decimalpart=\count131
)
Package: xstring 2013/10/13  v1.7c  String manipulations (C Tellechea)
)
\AC@clearlist=\toks34
)
(/usr/share/texlive/texmf-dist/tex/latex/fancyhdr/fancyhdr.sty
\fancy@headwidth=\skip83
\f@ncyO@elh=\skip84
\f@ncyO@erh=\skip85
\f@ncyO@olh=\skip86
\f@ncyO@orh=\skip87
\f@ncyO@elf=\skip88
\f@ncyO@erf=\skip89
\f@ncyO@olf=\skip90
\f@ncyO@orf=\skip91
)
(/usr/share/texlive/texmf-dist/tex/latex/oberdiek/epstopdf.sty
Package: epstopdf 2010/02/09 v2.5 Conversion with epstopdf on the fly (HO)

(/usr/share/texlive/texmf-dist/tex/latex/oberdiek/epstopdf-base.sty
Package: epstopdf-base 2010/02/09 v2.5 Base part for package epstopdf

(/usr/share/texlive/texmf-dist/tex/latex/oberdiek/grfext.sty
Package: grfext 2010/08/19 v1.1 Manage graphics extensions (HO)

(/usr/share/texlive/texmf-dist/tex/generic/oberdiek/kvdefinekeys.sty
Package: kvdefinekeys 2011/04/07 v1.3 Define keys (HO)
))
(/usr/share/texlive/texmf-dist/tex/latex/oberdiek/kvoptions.sty
Package: kvoptions 2011/06/30 v3.11 Key value format for package options (HO)

(/usr/share/texlive/texmf-dist/tex/generic/oberdiek/kvsetkeys.sty
Package: kvsetkeys 2012/04/25 v1.16 Key value parser (HO)

(/usr/share/texlive/texmf-dist/tex/generic/oberdiek/etexcmds.sty
Package: etexcmds 2011/02/16 v1.5 Avoid name clashes with e-TeX commands (HO)

(/usr/share/texlive/texmf-dist/tex/generic/oberdiek/ifluatex.sty
Package: ifluatex 2010/03/01 v1.3 Provides the ifluatex switch (HO)
Package ifluatex Info: LuaTeX not detected.
)
Package etexcmds Info: Could not find \expanded.
(etexcmds)             That can mean that you are not using pdfTeX 1.50 or
(etexcmds)             that some package has redefined \expanded.
(etexcmds)             In the latter case, load this package earlier.
)))
(/usr/share/texlive/texmf-dist/tex/generic/oberdiek/pdftexcmds.sty
Package: pdftexcmds 2011/11/29 v0.20 Utility functions of pdfTeX for LuaTeX (HO
)

(/usr/share/texlive/texmf-dist/tex/generic/oberdiek/ifpdf.sty
Package: ifpdf 2011/01/30 v2.3 Provides the ifpdf switch (HO)
Package ifpdf Info: pdfTeX in PDF mode is detected.
)
Package pdftexcmds Info: LuaTeX not detected.
Package pdftexcmds Info: \pdf@primitive is available.
Package pdftexcmds Info: \pdf@ifprimitive is available.
Package pdftexcmds Info: \pdfdraftmode found.
)
Package grfext Info: Graphics extension search list:
(grfext)             [.png,.pdf,.jpg,.mps,.jpeg,.jbig2,.jb2,.PNG,.PDF,.JPG,.JPE
G,.JBIG2,.JB2,.eps]
(grfext)             \AppendGraphicsExtensions on input line 452.

(/usr/share/texlive/texmf-dist/tex/latex/latexconfig/epstopdf-sys.cfg
File: epstopdf-sys.cfg 2010/07/13 v1.3 Configuration of (r)epstopdf for TeX Liv
e
)))
(/usr/share/texlive/texmf-dist/tex/latex/base/makeidx.sty
Package: makeidx 2000/03/29 v1.0m Standard LaTeX package
)
\@indexfile=\write4
\openout4 = `gt-mp7-firmware-specification.idx'.


Writing index file gt-mp7-firmware-specification.idx
(/usr/share/texlive/texmf-dist/tex/latex/hyperref/hyperref.sty
Package: hyperref 2012/11/06 v6.83m Hypertext links for LaTeX

(/usr/share/texlive/texmf-dist/tex/generic/oberdiek/hobsub-hyperref.sty
Package: hobsub-hyperref 2012/05/28 v1.13 Bundle oberdiek, subset hyperref (HO)


(/usr/share/texlive/texmf-dist/tex/generic/oberdiek/hobsub-generic.sty
Package: hobsub-generic 2012/05/28 v1.13 Bundle oberdiek, subset generic (HO)
Package: hobsub 2012/05/28 v1.13 Construct package bundles (HO)
Package hobsub Info: Skipping package `infwarerr' (already loaded).
Package hobsub Info: Skipping package `ltxcmds' (already loaded).
Package hobsub Info: Skipping package `ifluatex' (already loaded).
Package: ifvtex 2010/03/01 v1.5 Detect VTeX and its facilities (HO)
Package ifvtex Info: VTeX not detected.
Package: intcalc 2007/09/27 v1.1 Expandable calculations with integers (HO)
Package hobsub Info: Skipping package `ifpdf' (already loaded).
Package hobsub Info: Skipping package `etexcmds' (already loaded).
Package hobsub Info: Skipping package `kvsetkeys' (already loaded).
Package hobsub Info: Skipping package `kvdefinekeys' (already loaded).
Package hobsub Info: Skipping package `pdftexcmds' (already loaded).
Package: pdfescape 2011/11/25 v1.13 Implements pdfTeX's escape features (HO)
Package: bigintcalc 2012/04/08 v1.3 Expandable calculations on big integers (HO
)
Package: bitset 2011/01/30 v1.1 Handle bit-vector datatype (HO)
Package: uniquecounter 2011/01/30 v1.2 Provide unlimited unique counter (HO)
)
Package hobsub Info: Skipping package `hobsub' (already loaded).
Package: letltxmacro 2010/09/02 v1.4 Let assignment for LaTeX macros (HO)
Package: hopatch 2012/05/28 v1.2 Wrapper for package hooks (HO)
Package: xcolor-patch 2011/01/30 xcolor patch
Package: atveryend 2011/06/30 v1.8 Hooks at the very end of document (HO)
Package atveryend Info: \enddocument detected (standard20110627).
Package: atbegshi 2011/10/05 v1.16 At begin shipout hook (HO)
Package: refcount 2011/10/16 v3.4 Data extraction from label references (HO)
Package: hycolor 2011/01/30 v1.7 Color options for hyperref/bookmark (HO)
)
(/usr/share/texlive/texmf-dist/tex/generic/ifxetex/ifxetex.sty
Package: ifxetex 2010/09/12 v0.6 Provides ifxetex conditional
)
(/usr/share/texlive/texmf-dist/tex/latex/oberdiek/auxhook.sty
Package: auxhook 2011/03/04 v1.3 Hooks for auxiliary files (HO)
)
\@linkdim=\dimen148
\Hy@linkcounter=\count132
\Hy@pagecounter=\count133

(/usr/share/texlive/texmf-dist/tex/latex/hyperref/pd1enc.def
File: pd1enc.def 2012/11/06 v6.83m Hyperref: PDFDocEncoding definition (HO)
)
\Hy@SavedSpaceFactor=\count134

(/usr/share/texlive/texmf-dist/tex/latex/latexconfig/hyperref.cfg
File: hyperref.cfg 2002/06/06 v1.2 hyperref configuration of TeXLive
)

Package hyperref Warning: Option `a4paper' is no longer used.

Package hyperref Info: Option `pdfusetitle' set `true' on input line 4319.
Package hyperref Info: Option `unicode' set `true' on input line 4319.
(/usr/share/texlive/texmf-dist/tex/latex/hyperref/puenc.def
File: puenc.def 2012/11/06 v6.83m Hyperref: PDF Unicode definition (HO)
)
Package hyperref Info: Option `bookmarks' set `true' on input line 4319.
Package hyperref Info: Option `pdfnewwindow' set `true' on input line 4319.
Package hyperref Info: Option `colorlinks' set `true' on input line 4319.
Package hyperref Info: Option `bookmarksnumbered' set `true' on input line 4319
.
Package hyperref Info: Option `bookmarksopen' set `true' on input line 4319.
Package hyperref Info: Option `breaklinks' set `false' on input line 4319.


Package hyperref Warning: Invalid value `000'
(hyperref)                for option `pdfborder'.
(hyperref)                Option setting is ignored on input line 4319.

Package hyperref Info: Hyper figures OFF on input line 4443.
Package hyperref Info: Link nesting OFF on input line 4448.
Package hyperref Info: Hyper index ON on input line 4451.
Package hyperref Info: Plain pages OFF on input line 4458.
Package hyperref Info: Backreferencing ON on input line 4461.
Package hyperref Info: Implicit mode ON; LaTeX internals redefined.
Package hyperref Info: Bookmarks ON on input line 4688.
(/usr/share/texlive/texmf-dist/tex/latex/hyperref/backref.sty
Package: backref 2012/07/25 v1.38 Bibliographical back referencing

(/usr/share/texlive/texmf-dist/tex/latex/oberdiek/rerunfilecheck.sty
Package: rerunfilecheck 2011/04/15 v1.7 Rerun checks for auxiliary files (HO)
Package uniquecounter Info: New unique counter `rerunfilecheck' on input line 2
82.
))
\c@Hy@tempcnt=\count135
LaTeX Info: Redefining \url on input line 5041.
\XeTeXLinkMargin=\dimen149
\Fld@menulength=\count136
\Field@Width=\dimen150
\Fld@charsize=\dimen151
Package hyperref Info: Hyper figures OFF on input line 6295.
Package hyperref Info: Link nesting OFF on input line 6300.
Package hyperref Info: Hyper index ON on input line 6303.
Package hyperref Info: backreferencing ON on input line 6308.
Package hyperref Info: Link coloring ON on input line 6313.
Package hyperref Info: Link coloring with OCG OFF on input line 6320.
Package hyperref Info: PDF/A mode OFF on input line 6325.
LaTeX Info: Redefining \ref on input line 6365.
LaTeX Info: Redefining \pageref on input line 6369.
\Hy@abspage=\count137
\c@Item=\count138
\c@Hfootnote=\count139
)

Package hyperref Message: Driver (autodetected): hpdftex.

(/usr/share/texlive/texmf-dist/tex/latex/hyperref/hpdftex.def
File: hpdftex.def 2012/11/06 v6.83m Hyperref driver for pdfTeX
\Fld@listcount=\count140
\c@bookmark@seq@number=\count141
\Hy@SectionHShift=\skip92
))
(./gt-mp7-firmware-specification.aux

LaTeX Warning: Label `tab:gtl:muon_iso_bits' multiply defined.


LaTeX Warning: Label `sec:gtl:delta_r_calculation' multiply defined.


LaTeX Warning: Label `rate_counter_before_prescaler_regs' multiply defined.


LaTeX Warning: Label `rate_counter_before_prescaler_regs' multiply defined.


LaTeX Warning: Label `gtl_fw_version_reg' multiply defined.


LaTeX Warning: Label `prescale_factor_set_index_updated_reg' multiply defined.

)
\openout1 = `gt-mp7-firmware-specification.aux'.

LaTeX Font Info:    Checking defaults for OML/cmm/m/it on input line 46.
LaTeX Font Info:    ... okay on input line 46.
LaTeX Font Info:    Checking defaults for T1/cmr/m/n on input line 46.
LaTeX Font Info:    ... okay on input line 46.
LaTeX Font Info:    Checking defaults for OT1/cmr/m/n on input line 46.
LaTeX Font Info:    ... okay on input line 46.
LaTeX Font Info:    Checking defaults for OMS/cmsy/m/n on input line 46.
LaTeX Font Info:    ... okay on input line 46.
LaTeX Font Info:    Checking defaults for OMX/cmex/m/n on input line 46.
LaTeX Font Info:    ... okay on input line 46.
LaTeX Font Info:    Checking defaults for U/cmr/m/n on input line 46.
LaTeX Font Info:    ... okay on input line 46.
LaTeX Font Info:    Checking defaults for TS1/cmr/m/n on input line 46.
LaTeX Font Info:    Try loading font information for TS1+cmr on input line 46.
 (/usr/share/texlive/texmf-dist/tex/latex/base/ts1cmr.fd
File: ts1cmr.fd 1999/05/25 v2.5h Standard LaTeX font definitions
)
LaTeX Font Info:    ... okay on input line 46.
LaTeX Font Info:    Checking defaults for PD1/pdf/m/n on input line 46.
LaTeX Font Info:    ... okay on input line 46.
LaTeX Font Info:    Checking defaults for PU/pdf/m/n on input line 46.
LaTeX Font Info:    ... okay on input line 46.
LaTeX Font Info:    Try loading font information for T1+lmr on input line 46.

(/usr/share/texmf/tex/latex/lm/t1lmr.fd
File: t1lmr.fd 2009/10/30 v1.6 Font defs for Latin Modern
)
(/usr/share/texlive/texmf-dist/tex/latex/ucs/ucsencs.def
File: ucsencs.def 2011/01/21 Fixes to fontencodings LGR, T3
)
(/usr/share/texlive/texmf-dist/tex/context/base/supp-pdf.mkii
[Loading MPS to PDF converter (version 2006.09.02).]
\scratchcounter=\count142
\scratchdimen=\dimen152
\scratchbox=\box42
\nofMPsegments=\count143
\nofMParguments=\count144
\everyMPshowfont=\toks35
\MPscratchCnt=\count145
\MPscratchDim=\dimen153
\MPnumerator=\count146
\makeMPintoPDFobject=\count147
\everyMPtoPDFconversion=\toks36
)
Package lastpage Info: Please have a look at the pageslts package at
(lastpage)             http://www.ctan.org/tex-archive/ 
(lastpage)             macros/latex/contrib/pageslts/ 
(lastpage)             or
(lastpage)             http://www.ctan.org/tex-archive/ 
(lastpage)             install/macros/latex/contrib/pageslts.tds.zip
(lastpage)             ! on input line 46.
\c@lstlisting=\count148
\AtBeginShipoutBox=\box43
Package hyperref Info: Link coloring ON on input line 46.
 (/usr/share/texlive/texmf-dist/tex/latex/hyperref/nameref.sty
Package: nameref 2012/10/27 v2.43 Cross-referencing by name of section

(/usr/share/texlive/texmf-dist/tex/generic/oberdiek/gettitlestring.sty
Package: gettitlestring 2010/12/03 v1.4 Cleanup title references (HO)
)
\c@section@level=\count149
)
LaTeX Info: Redefining \ref on input line 46.
LaTeX Info: Redefining \pageref on input line 46.
LaTeX Info: Redefining \nameref on input line 46.

(./gt-mp7-firmware-specification.out) (./gt-mp7-firmware-specification.out)
\@outlinefile=\write5
\openout5 = `gt-mp7-firmware-specification.out'.


<figures/cmslogo.pdf, id=325, 68.255pt x 68.255pt>
File: figures/cmslogo.pdf Graphic file (type pdf)
 <use figures/cmslogo.pdf>
Package pdftex.def Info: figures/cmslogo.pdf used on input line 49.
(pdftex.def)             Requested size: 88.52939pt x 88.53462pt.
LaTeX Font Info:    Try loading font information for OT1+lmr on input line 49.

(/usr/share/texmf/tex/latex/lm/ot1lmr.fd
File: ot1lmr.fd 2009/10/30 v1.6 Font defs for Latin Modern
)
LaTeX Font Info:    Try loading font information for OML+lmm on input line 49.

(/usr/share/texmf/tex/latex/lm/omllmm.fd
File: omllmm.fd 2009/10/30 v1.6 Font defs for Latin Modern
)
LaTeX Font Info:    Try loading font information for OMS+lmsy on input line 49.


(/usr/share/texmf/tex/latex/lm/omslmsy.fd
File: omslmsy.fd 2009/10/30 v1.6 Font defs for Latin Modern
)
LaTeX Font Info:    Try loading font information for OMX+lmex on input line 49.


(/usr/share/texmf/tex/latex/lm/omxlmex.fd
File: omxlmex.fd 2009/10/30 v1.6 Font defs for Latin Modern
)
LaTeX Font Info:    External font `lmex10' loaded for size
(Font)              <12> on input line 49.
LaTeX Font Info:    External font `lmex10' loaded for size
(Font)              <8> on input line 49.
LaTeX Font Info:    External font `lmex10' loaded for size
(Font)              <6> on input line 49.


Package hyperref Warning: Token not allowed in a PDF string (Unicode):
(hyperref)                removing `\begingroup' on input line 49.


Package hyperref Warning: Token not allowed in a PDF string (Unicode):
(hyperref)                removing `\catcode' on input line 49.


Package hyperref Warning: Token not allowed in a PDF string (Unicode):
(hyperref)                removing `\active' on input line 49.


Package hyperref Warning: Token not allowed in a PDF string (Unicode):
(hyperref)                removing `\<def>-command' on input line 49.


Package hyperref Warning: Token not allowed in a PDF string (Unicode):
(hyperref)                removing `\csname\endcsname' on input line 49.


Package hyperref Warning: Token not allowed in a PDF string (Unicode):
(hyperref)                removing `\catcode' on input line 49.


Package hyperref Warning: Token not allowed in a PDF string (Unicode):
(hyperref)                removing `\active' on input line 49.


Package hyperref Warning: Token not allowed in a PDF string (Unicode):
(hyperref)                removing `\<let>-command' on input line 49.


Package hyperref Warning: Token not allowed in a PDF string (Unicode):
(hyperref)                removing `\csname\endcsname' on input line 49.


Package hyperref Warning: Token not allowed in a PDF string (Unicode):
(hyperref)                removing `\<let>-command' on input line 49.


Package hyperref Warning: Token not allowed in a PDF string (Unicode):
(hyperref)                removing `\%' on input line 49.


Package hyperref Warning: Token not allowed in a PDF string (Unicode):
(hyperref)                removing `\catcode' on input line 49.


Package hyperref Warning: Token not allowed in a PDF string (Unicode):
(hyperref)                removing `\active' on input line 49.


Package hyperref Warning: Token not allowed in a PDF string (Unicode):
(hyperref)                removing `\<def>-command' on input line 49.


Package hyperref Warning: Token not allowed in a PDF string (Unicode):
(hyperref)                removing `\csname\endcsname' on input line 49.


Package hyperref Warning: Token not allowed in a PDF string (Unicode):
(hyperref)                removing `\<def>-command' on input line 49.


Package hyperref Warning: Token not allowed in a PDF string (Unicode):
(hyperref)                removing `\#' on input line 49.


Package hyperref Warning: Token not allowed in a PDF string (Unicode):
(hyperref)                removing `\catcode' on input line 49.


Package hyperref Warning: Token not allowed in a PDF string (Unicode):
(hyperref)                removing `\<def>-command' on input line 49.


Package hyperref Warning: Token not allowed in a PDF string (Unicode):
(hyperref)                removing `\csname\endcsname' on input line 49.


Package hyperref Warning: Token not allowed in a PDF string (Unicode):
(hyperref)                removing `\<def>-command' on input line 49.


Package hyperref Warning: Token not allowed in a PDF string (Unicode):
(hyperref)                removing `\&' on input line 49.


Package hyperref Warning: Token not allowed in a PDF string (Unicode):
(hyperref)                removing `\<def>-command' on input line 49.


Package hyperref Warning: Token not allowed in a PDF string (Unicode):
(hyperref)                removing `\textunderscore' on input line 49.


Package hyperref Warning: Token not allowed in a PDF string (Unicode):
(hyperref)                removing `\<let>-command' on input line 49.


Package hyperref Warning: Token not allowed in a PDF string (Unicode):
(hyperref)                removing `\_' on input line 49.


Package hyperref Warning: Token not allowed in a PDF string (Unicode):
(hyperref)                removing `\catcode' on input line 49.


Package hyperref Warning: Token not allowed in a PDF string (Unicode):
(hyperref)                removing `\active' on input line 49.


Package hyperref Warning: Token not allowed in a PDF string (Unicode):
(hyperref)                removing `\<let>-command' on input line 49.


Package hyperref Warning: Token not allowed in a PDF string (Unicode):
(hyperref)                removing `\csname\endcsname' on input line 49.


Package hyperref Warning: Token not allowed in a PDF string (Unicode):
(hyperref)                removing `\<let>-command' on input line 49.


Package hyperref Warning: Token not allowed in a PDF string (Unicode):
(hyperref)                removing `\csname\endcsname' on input line 49.


Package hyperref Warning: Token not allowed in a PDF string (Unicode):
(hyperref)                removing `\<let>-command' on input line 49.


Package hyperref Warning: Token not allowed in a PDF string (Unicode):
(hyperref)                removing `\~' on input line 49.


Package hyperref Warning: Token not allowed in a PDF string (Unicode):
(hyperref)                removing `\<let>-command' on input line 49.


Package hyperref Warning: Token not allowed in a PDF string (Unicode):
(hyperref)                removing `\textasciitilde' on input line 49.


Package hyperref Warning: Token not allowed in a PDF string (Unicode):
(hyperref)                removing `\<let>-command' on input line 49.


Package hyperref Warning: Token not allowed in a PDF string (Unicode):
(hyperref)                removing `\\' on input line 49.


Package hyperref Warning: Token not allowed in a PDF string (Unicode):
(hyperref)                removing `\<def>-command' on input line 49.


Package hyperref Warning: Token not allowed in a PDF string (Unicode):
(hyperref)                removing `\csname\endcsname' on input line 49.


Package hyperref Warning: Token not allowed in a PDF string (Unicode):
(hyperref)                removing `\<def>-command' on input line 49.


Package hyperref Warning: Token not allowed in a PDF string (Unicode):
(hyperref)                removing `\Hy@tempa' on input line 49.


Package hyperref Warning: Token not allowed in a PDF string (Unicode):
(hyperref)                removing `\<def>-command' on input line 49.


Package hyperref Warning: Token not allowed in a PDF string (Unicode):
(hyperref)                removing `\Hy@tempa' on input line 49.


Package hyperref Warning: Token not allowed in a PDF string (Unicode):
(hyperref)                removing `\begingroup' on input line 49.


Package hyperref Warning: Token not allowed in a PDF string (Unicode):
(hyperref)                removing `\catcode' on input line 49.


Package hyperref Warning: Token not allowed in a PDF string (Unicode):
(hyperref)                removing `\active' on input line 49.


Package hyperref Warning: Token not allowed in a PDF string (Unicode):
(hyperref)                removing `\<def>-command' on input line 49.


Package hyperref Warning: Token not allowed in a PDF string (Unicode):
(hyperref)                removing `\csname\endcsname' on input line 49.


Package hyperref Warning: Token not allowed in a PDF string (Unicode):
(hyperref)                removing `\catcode' on input line 49.


Package hyperref Warning: Token not allowed in a PDF string (Unicode):
(hyperref)                removing `\active' on input line 49.


Package hyperref Warning: Token not allowed in a PDF string (Unicode):
(hyperref)                removing `\<let>-command' on input line 49.


Package hyperref Warning: Token not allowed in a PDF string (Unicode):
(hyperref)                removing `\csname\endcsname' on input line 49.


Package hyperref Warning: Token not allowed in a PDF string (Unicode):
(hyperref)                removing `\<let>-command' on input line 49.


Package hyperref Warning: Token not allowed in a PDF string (Unicode):
(hyperref)                removing `\%' on input line 49.


Package hyperref Warning: Token not allowed in a PDF string (Unicode):
(hyperref)                removing `\catcode' on input line 49.


Package hyperref Warning: Token not allowed in a PDF string (Unicode):
(hyperref)                removing `\active' on input line 49.


Package hyperref Warning: Token not allowed in a PDF string (Unicode):
(hyperref)                removing `\<def>-command' on input line 49.


Package hyperref Warning: Token not allowed in a PDF string (Unicode):
(hyperref)                removing `\csname\endcsname' on input line 49.


Package hyperref Warning: Token not allowed in a PDF string (Unicode):
(hyperref)                removing `\<def>-command' on input line 49.


Package hyperref Warning: Token not allowed in a PDF string (Unicode):
(hyperref)                removing `\#' on input line 49.


Package hyperref Warning: Token not allowed in a PDF string (Unicode):
(hyperref)                removing `\catcode' on input line 49.


Package hyperref Warning: Token not allowed in a PDF string (Unicode):
(hyperref)                removing `\<def>-command' on input line 49.


Package hyperref Warning: Token not allowed in a PDF string (Unicode):
(hyperref)                removing `\csname\endcsname' on input line 49.


Package hyperref Warning: Token not allowed in a PDF string (Unicode):
(hyperref)                removing `\<def>-command' on input line 49.


Package hyperref Warning: Token not allowed in a PDF string (Unicode):
(hyperref)                removing `\&' on input line 49.


Package hyperref Warning: Token not allowed in a PDF string (Unicode):
(hyperref)                removing `\<def>-command' on input line 49.


Package hyperref Warning: Token not allowed in a PDF string (Unicode):
(hyperref)                removing `\textunderscore' on input line 49.


Package hyperref Warning: Token not allowed in a PDF string (Unicode):
(hyperref)                removing `\<let>-command' on input line 49.


Package hyperref Warning: Token not allowed in a PDF string (Unicode):
(hyperref)                removing `\_' on input line 49.


Package hyperref Warning: Token not allowed in a PDF string (Unicode):
(hyperref)                removing `\catcode' on input line 49.


Package hyperref Warning: Token not allowed in a PDF string (Unicode):
(hyperref)                removing `\active' on input line 49.


Package hyperref Warning: Token not allowed in a PDF string (Unicode):
(hyperref)                removing `\<let>-command' on input line 49.


Package hyperref Warning: Token not allowed in a PDF string (Unicode):
(hyperref)                removing `\csname\endcsname' on input line 49.


Package hyperref Warning: Token not allowed in a PDF string (Unicode):
(hyperref)                removing `\<let>-command' on input line 49.


Package hyperref Warning: Token not allowed in a PDF string (Unicode):
(hyperref)                removing `\csname\endcsname' on input line 49.


Package hyperref Warning: Token not allowed in a PDF string (Unicode):
(hyperref)                removing `\<let>-command' on input line 49.


Package hyperref Warning: Token not allowed in a PDF string (Unicode):
(hyperref)                removing `\~' on input line 49.


Package hyperref Warning: Token not allowed in a PDF string (Unicode):
(hyperref)                removing `\<let>-command' on input line 49.


Package hyperref Warning: Token not allowed in a PDF string (Unicode):
(hyperref)                removing `\textasciitilde' on input line 49.


Package hyperref Warning: Token not allowed in a PDF string (Unicode):
(hyperref)                removing `\<let>-command' on input line 49.


Package hyperref Warning: Token not allowed in a PDF string (Unicode):
(hyperref)                removing `\\' on input line 49.


Package hyperref Warning: Token not allowed in a PDF string (Unicode):
(hyperref)                removing `\<def>-command' on input line 49.


Package hyperref Warning: Token not allowed in a PDF string (Unicode):
(hyperref)                removing `\csname\endcsname' on input line 49.


Package hyperref Warning: Token not allowed in a PDF string (Unicode):
(hyperref)                removing `\<def>-command' on input line 49.


Package hyperref Warning: Token not allowed in a PDF string (Unicode):
(hyperref)                removing `\Hy@tempa' on input line 49.


Package hyperref Warning: Token not allowed in a PDF string (Unicode):
(hyperref)                removing `\<def>-command' on input line 49.


Package hyperref Warning: Token not allowed in a PDF string (Unicode):
(hyperref)                removing `\Hy@tempa' on input line 49.

[1

{/var/lib/texmf/fonts/map/pdftex/updmap/pdftex.map}

 </home/bergauer/GlobalTriggerUpgrade/utils/latex/figures/cmslogo.pdf>] (./cont
ent/revision_history.tex
Underfull \hbox (badness 1406) in paragraph at lines 14--14
[]|\T1/lmr/m/n/10.95 Updated text in sec-tion "VHDL-Templates for VHDL-
 []


Underfull \hbox (badness 1152) in paragraph at lines 26--26
[]|\T1/lmr/m/n/10.95 Updated text in sec-tion "Frame-work" ([][]3[][]) ac-cord-
ing to
 []

LaTeX Font Info:    External font `lmex10' loaded for size
(Font)              <10.95> on input line 27.

Underfull \hbox (badness 1221) in paragraph at lines 45--47
[]|\T1/lmr/m/n/10.95 Updated Fig-ure [][]13[][] and Ta-bles [][]20[][]. Re-mane
d sec-tion
 []


Underfull \hbox (badness 2409) in paragraph at lines 51--51
[]|\T1/lmr/m/n/10.95 Updated text, ta-bles and list-ings of sec-tion "VHDL-
 []

pdfTeX warning (ext4): destination with the same identifier (name{page.1}) has 
been already used, duplicate ignored
<to be read again> 
                   \relax 
l.61 2
      .0 & Added text for "Energy sum conditions" (\ref{sec:gtl:esums_condit...
[1]
Underfull \hbox (badness 1019) in paragraph at lines 64--64
[]|\T1/lmr/m/n/10.95 Edited Sec-tion "En-ergy sum quan-ti-ties con-di-tions" (s
ee
 []

[2] [3] [4]) (./gt-mp7-firmware-specification.toc [5

] [6])
\tf@toc=\write6
\openout6 = `gt-mp7-firmware-specification.toc'.

 [7]
(./gt-mp7-firmware-specification.lof)
\tf@lof=\write7
\openout7 = `gt-mp7-firmware-specification.lof'.

 [8

] (./gt-mp7-firmware-specification.lot)
\tf@lot=\write8
\openout8 = `gt-mp7-firmware-specification.lot'.

[9

] (./content/firmware.tex
(/usr/share/texlive/texmf-dist/tex/latex/ucs/data/uni-32.def
File: uni-32.def 2013/05/13 UCS: Unicode data U+2000..U+20FF
)
Package epstopdf Info: Source file: <figures/mGT_payload.eps>
(epstopdf)                    date: 2021-09-24 11:04:42
(epstopdf)                    size: 230317 bytes
(epstopdf)             Output file: <figures/mGT_payload-eps-converted-to.pdf>
(epstopdf)                    date: 2021-09-24 11:04:53
(epstopdf)                    size: 94594 bytes
(epstopdf)             Command: <epstopdf --outfile=figures/mGT_payload-eps-con
verted-to.pdf figures/mGT_payload.eps>
(epstopdf)             \includegraphics on input line 21.
Package epstopdf Info: Output file is already uptodate.


pdfTeX warning: pdflatex (file ./figures/mGT_payload-eps-converted-to.pdf): PDF
 inclusion: found PDF version <1.7>, but at most version <1.5> allowed
<figures/mGT_payload-eps-converted-to.pdf, id=605, 684.5575pt x 334.24875pt>
File: figures/mGT_payload-eps-converted-to.pdf Graphic file (type pdf)

<use figures/mGT_payload-eps-converted-to.pdf>
Package pdftex.def Info: figures/mGT_payload-eps-converted-to.pdf used on input
 line 21.
(pdftex.def)             Requested size: 442.65375pt x 216.14215pt.
 [10

 <./figures/mGT_payload-eps-converted-to.pdf>]
LaTeX Font Info:    Try loading font information for TS1+lmr on input line 29.
 (/usr/share/texmf/tex/latex/lm/ts1lmr.fd
File: ts1lmr.fd 2009/10/30 v1.6 Font defs for Latin Modern
)
LaTeX Font Info:    Try loading font information for T1+pcr on input line 40.

(/usr/share/texlive/texmf-dist/tex/latex/psnfss/t1pcr.fd
File: t1pcr.fd 2001/06/04 font definitions for T1/pcr.
)
(/usr/share/texlive/texmf-dist/tex/latex/listings/lstlang1.sty
File: lstlang1.sty 2013/08/26 1.5b listings language file
)
(./interfaces/lhc_data_t.vhd
LaTeX Font Info:    Font shape `T1/pcr/bx/n' in size <9> not available
(Font)              Font shape `T1/pcr/b/n' tried instead on input line 1.
) [11]) (./content/framework.tex
Underfull \hbox (badness 10000) in paragraph at lines 2--6

 []

Package epstopdf Info: Source file: <./figures/system_overview.eps>
(epstopdf)                    date: 2021-09-24 11:04:50
(epstopdf)                    size: 138358 bytes
(epstopdf)             Output file: <./figures/system_overview-eps-converted-to
.pdf>
(epstopdf)                    date: 2021-09-24 11:04:53
(epstopdf)                    size: 58408 bytes
(epstopdf)             Command: <epstopdf --outfile=./figures/system_overview-e
ps-converted-to.pdf ./figures/system_overview.eps>
(epstopdf)             \includegraphics on input line 10.
Package epstopdf Info: Output file is already uptodate.


pdfTeX warning: pdflatex (file ./figures/system_overview-eps-converted-to.pdf):
 PDF inclusion: found PDF version <1.7>, but at most version <1.5> allowed

<./figures/system_overview-eps-converted-to.pdf, id=645, 1419.3025pt x 976.6487
4pt>
File: ./figures/system_overview-eps-converted-to.pdf Graphic file (type pdf)
 <use ./figures/system_overview-eps-converted-to.pdf>
Package pdftex.def Info: ./figures/system_overview-eps-converted-to.pdf used on
 input line 10.
(pdftex.def)             Requested size: 442.65375pt x 304.59097pt.

Underfull \hbox (badness 10000) in paragraph at lines 69--69
[]|\T1/lmr/m/n/10.95 electron/$\OML/lmm/m/it/10.95 ^^M$
 []


Underfull \hbox (badness 10000) in paragraph at lines 69--69
[]|\T1/lmr/m/n/10.95 electron/$\OML/lmm/m/it/10.95 ^^M$
 []


Underfull \hbox (badness 10000) in paragraph at lines 69--69
[]|\T1/lmr/m/n/10.95 electron/$\OML/lmm/m/it/10.95 ^^M$
 []


Underfull \hbox (badness 10000) in paragraph at lines 69--69
[]|\T1/lmr/m/n/10.95 electron/$\OML/lmm/m/it/10.95 ^^M$
 []


Underfull \hbox (badness 10000) in paragraph at lines 69--69
[]|\T1/lmr/m/n/10.95 electron/$\OML/lmm/m/it/10.95 ^^M$
 []


Underfull \hbox (badness 10000) in paragraph at lines 69--69
[]|\T1/lmr/m/n/10.95 electron/$\OML/lmm/m/it/10.95 ^^M$
 []


Underfull \hbox (badness 10000) in paragraph at lines 70--70
[]|\T1/lmr/m/n/10.95 electron/$\OML/lmm/m/it/10.95 ^^M$
 []


Underfull \hbox (badness 10000) in paragraph at lines 70--70
[]|\T1/lmr/m/n/10.95 electron/$\OML/lmm/m/it/10.95 ^^M$
 []


Underfull \hbox (badness 10000) in paragraph at lines 70--70
[]|\T1/lmr/m/n/10.95 electron/$\OML/lmm/m/it/10.95 ^^M$
 []


Underfull \hbox (badness 10000) in paragraph at lines 70--70
[]|\T1/lmr/m/n/10.95 electron/$\OML/lmm/m/it/10.95 ^^M$
 []


Underfull \hbox (badness 10000) in paragraph at lines 70--70
[]|\T1/lmr/m/n/10.95 electron/$\OML/lmm/m/it/10.95 ^^M$
 []


Underfull \hbox (badness 10000) in paragraph at lines 70--70
[]|\T1/lmr/m/n/10.95 electron/$\OML/lmm/m/it/10.95 ^^M$
 []


Underfull \hbox (badness 10000) in paragraph at lines 78--78
[]|\T1/lmr/m/n/10.95 TOWER-
 []


Underfull \hbox (badness 10000) in paragraph at lines 78--78
[]|\T1/lmr/m/n/10.95 ASYM-
 []


Underfull \hbox (badness 10000) in paragraph at lines 78--79
[]|\T1/lmr/m/n/10.95 ASYM-
 []


Underfull \hbox (badness 10000) in paragraph at lines 82--82
[]|\T1/lmr/m/n/10.95 external-
 []


Underfull \hbox (badness 10000) in paragraph at lines 82--82
\T1/lmr/m/n/10.95 conditions
 []


Underfull \hbox (badness 10000) in paragraph at lines 82--82
[]|\T1/lmr/m/n/10.95 external-
 []


Underfull \hbox (badness 10000) in paragraph at lines 82--82
\T1/lmr/m/n/10.95 conditions
 []


Underfull \hbox (badness 10000) in paragraph at lines 83--83
[]|\T1/lmr/m/n/10.95 external-
 []


Underfull \hbox (badness 10000) in paragraph at lines 83--83
\T1/lmr/m/n/10.95 conditions
 []


Underfull \hbox (badness 10000) in paragraph at lines 83--83
[]|\T1/lmr/m/n/10.95 external-
 []


Underfull \hbox (badness 10000) in paragraph at lines 83--83
\T1/lmr/m/n/10.95 conditions
 []


Underfull \hbox (badness 10000) in paragraph at lines 84--84
[]|\T1/lmr/m/n/10.95 external-
 []


Underfull \hbox (badness 10000) in paragraph at lines 84--84
\T1/lmr/m/n/10.95 conditions
 []


Underfull \hbox (badness 10000) in paragraph at lines 84--84
[]|\T1/lmr/m/n/10.95 external-
 []


Underfull \hbox (badness 10000) in paragraph at lines 84--84
\T1/lmr/m/n/10.95 conditions
 []


Underfull \hbox (badness 10000) in paragraph at lines 85--85
[]|\T1/lmr/m/n/10.95 external-
 []


Underfull \hbox (badness 10000) in paragraph at lines 85--85
\T1/lmr/m/n/10.95 conditions
 []


Underfull \hbox (badness 10000) in paragraph at lines 85--85
[]|\T1/lmr/m/n/10.95 external-
 []


Underfull \hbox (badness 10000) in paragraph at lines 85--85
\T1/lmr/m/n/10.95 conditions
 []


Overfull \hbox (10.55283pt too wide) in paragraph at lines 61--87
 [] 
 []

[12

 <./figures/system_overview-eps-converted-to.pdf>] [13]
Underfull \hbox (badness 10000) in paragraph at lines 230--233

 []

[14]

LaTeX Warning: Hyper reference `sec_dm' on page 15 undefined on input line 237.



LaTeX Warning: Hyper reference `sec_rop' on page 15 undefined on input line 238
.

Package epstopdf Info: Source file: <./figures/simspy.eps>
(epstopdf)                    date: 2021-09-24 11:04:49
(epstopdf)                    size: 154478 bytes
(epstopdf)             Output file: <./figures/simspy-eps-converted-to.pdf>
(epstopdf)                    date: 2021-09-24 11:04:53
(epstopdf)                    size: 67550 bytes
(epstopdf)             Command: <epstopdf --outfile=./figures/simspy-eps-conver
ted-to.pdf ./figures/simspy.eps>
(epstopdf)             \includegraphics on input line 252.
Package epstopdf Info: Output file is already uptodate.


pdfTeX warning: pdflatex (file ./figures/simspy-eps-converted-to.pdf): PDF incl
usion: found PDF version <1.7>, but at most version <1.5> allowed
<./figures/simspy-eps-converted-to.pdf, id=668, 1128.215pt x 769.87625pt>
File: ./figures/simspy-eps-converted-to.pdf Graphic file (type pdf)

<use ./figures/simspy-eps-converted-to.pdf>
Package pdftex.def Info: ./figures/simspy-eps-converted-to.pdf used on input li
ne 252.
(pdftex.def)             Requested size: 442.65375pt x 302.05962pt.


LaTeX Warning: Hyper reference `sec_rb' on page 15 undefined on input line 259.


Package hyperref Info: bookmark level for unknown Regfloat defaults to 0 on inp
ut line 261.
LaTeX Font Info:    Try loading font information for T1+lmss on input line 263.

(/usr/share/texmf/tex/latex/lm/t1lmss.fd
File: t1lmss.fd 2009/10/30 v1.6 Font defs for Latin Modern
) [15 <./figures/simspy-eps-converted-to.pdf>] [16] [17] [18] (./interfaces/spy
trig.vhd)
LaTeX Font Info:    External font `lmex10' loaded for size
(Font)              <5> on input line 562.
 [19]
<./figures/bx_start.png, id=729, 772.5077pt x 106.45175pt>
File: ./figures/bx_start.png Graphic file (type png)

<use ./figures/bx_start.png>
Package pdftex.def Info: ./figures/bx_start.png used on input line 580.
(pdftex.def)             Requested size: 442.65375pt x 60.99811pt.

<./figures/bx_normal_operation.png, id=730, 752.97527pt x 114.26472pt>
File: ./figures/bx_normal_operation.png Graphic file (type png)

<use ./figures/bx_normal_operation.png>
Package pdftex.def Info: ./figures/bx_normal_operation.png used on input line 5
86.
(pdftex.def)             Requested size: 442.65375pt x 67.17323pt.

<./figures/err_det.png, id=735, 802.78297pt x 152.35297pt>
File: ./figures/err_det.png Graphic file (type png)

<use ./figures/err_det.png>
Package pdftex.def Info: ./figures/err_det.png used on input line 601.
(pdftex.def)             Requested size: 442.65375pt x 84.00826pt.

<./figures/err_det_reset.png, id=736, 652.38324pt x 147.46986pt>
File: ./figures/err_det_reset.png Graphic file (type png)

<use ./figures/err_det_reset.png>
Package pdftex.def Info: ./figures/err_det_reset.png used on input line 607.
(pdftex.def)             Requested size: 442.65375pt x 100.05989pt.
 [20 <./figures/bx_start.png> <./figures/bx_normal_operation.png>] [21 <./figur
es/err_det.png> <./figures/err_det_reset.png>] [22] [23] [24]
Overfull \hbox (9.33757pt too wide) in paragraph at lines 756--766
[][][]
 []

[25]) (./content/gtl.tex
Underfull \hbox (badness 10000) in paragraph at lines 4--5

 []


Underfull \hbox (badness 10000) in paragraph at lines 6--8

 []

Package epstopdf Info: Source file: <figures/mGTL_firmware.eps>
(epstopdf)                    date: 2021-09-24 11:04:41
(epstopdf)                    size: 212972 bytes
(epstopdf)             Output file: <figures/mGTL_firmware-eps-converted-to.pdf
>
(epstopdf)                    date: 2021-09-24 11:04:54
(epstopdf)                    size: 84806 bytes
(epstopdf)             Command: <epstopdf --outfile=figures/mGTL_firmware-eps-c
onverted-to.pdf figures/mGTL_firmware.eps>
(epstopdf)             \includegraphics on input line 13.
Package epstopdf Info: Output file is already uptodate.


pdfTeX warning: pdflatex (file ./figures/mGTL_firmware-eps-converted-to.pdf): P
DF inclusion: found PDF version <1.7>, but at most version <1.5> allowed
<figures/mGTL_firmware-eps-converted-to.pdf, id=779, 684.5575pt x 277.035pt>
File: figures/mGTL_firmware-eps-converted-to.pdf Graphic file (type pdf)

<use figures/mGTL_firmware-eps-converted-to.pdf>
Package pdftex.def Info: figures/mGTL_firmware-eps-converted-to.pdf used on inp
ut line 13.
(pdftex.def)             Requested size: 426.79134pt x 172.72372pt.
LaTeX Font Info:    External font `lmex10' loaded for size
(Font)              <14.4> on input line 18.
LaTeX Font Info:    External font `lmex10' loaded for size
(Font)              <10> on input line 18.
LaTeX Font Info:    External font `lmex10' loaded for size
(Font)              <7> on input line 18.


Package hyperref Warning: Token not allowed in a PDF string (Unicode):
(hyperref)                removing `\mu' on input line 18.


Overfull \hbox (2.59499pt too wide) in paragraph at lines 37--38
[]\T1/lmr/m/n/10.95 "Asymmetry" in-for-ma-tion (ASYMET, ASYMHT, ASYMETHF, ASYMH
THF) 
 []

[26

 <./figures/mGTL_firmware-eps-converted-to.pdf>]
Overfull \hbox (4.8916pt too wide) in paragraph at lines 54--56
\T1/lmr/m/n/10.95 in-puts to $\OML/lmm/m/it/10.95 ^^V$\T1/lmr/m/n/10.95 GT" (se
e ac-tual ver-sion in [][]$https : / / raw . githubusercontent . com / cms-[]l1
-[]globaltrigger /
 []


Underfull \hbox (badness 10000) in paragraph at lines 60--61

 []

\height=\dimen154 (locally)
\depth=\dimen155 (locally)
\totalheight=\dimen156 (locally)
\width=\dimen157 (locally)
LaTeX Font Info:    Font shape `T1/pcr/m/it' in size <10.95> not available
(Font)              Font shape `T1/pcr/m/sl' tried instead on input line 66.
\height=\dimen154 (locally)
\depth=\dimen155 (locally)
\totalheight=\dimen156 (locally)
\width=\dimen157 (locally)
\height=\dimen154 (locally)
\depth=\dimen155 (locally)
\totalheight=\dimen156 (locally)
\width=\dimen157 (locally)
\height=\dimen154 (locally)
\depth=\dimen155 (locally)
\totalheight=\dimen156 (locally)
\width=\dimen157 (locally)
\height=\dimen154 (locally)
\depth=\dimen155 (locally)
\totalheight=\dimen156 (locally)
\width=\dimen157 (locally)
\height=\dimen154 (locally)
\depth=\dimen155 (locally)
\totalheight=\dimen156 (locally)
\width=\dimen157 (locally)
\height=\dimen154 (locally)
\depth=\dimen155 (locally)
\totalheight=\dimen156 (locally)
\width=\dimen157 (locally)
\height=\dimen154 (locally)
\depth=\dimen155 (locally)
\totalheight=\dimen156 (locally)
\width=\dimen157 (locally)
\height=\dimen154 (locally)
\depth=\dimen155 (locally)
\totalheight=\dimen156 (locally)
\width=\dimen157 (locally)
\height=\dimen154 (locally)
\depth=\dimen155 (locally)
\totalheight=\dimen156 (locally)
\width=\dimen157 (locally)
\height=\dimen154 (locally)
\depth=\dimen155 (locally)
\totalheight=\dimen156 (locally)
\width=\dimen157 (locally)
\height=\dimen154 (locally)
\depth=\dimen155 (locally)
\totalheight=\dimen156 (locally)
\width=\dimen157 (locally)
\height=\dimen154 (locally)
\depth=\dimen155 (locally)
\totalheight=\dimen156 (locally)
\width=\dimen157 (locally)
\height=\dimen154 (locally)
\depth=\dimen155 (locally)
\totalheight=\dimen156 (locally)
\width=\dimen157 (locally)
\height=\dimen154 (locally)
\depth=\dimen155 (locally)
\totalheight=\dimen156 (locally)
\width=\dimen157 (locally)
\height=\dimen154 (locally)
\depth=\dimen155 (locally)
\totalheight=\dimen156 (locally)
\width=\dimen157 (locally)
\height=\dimen154 (locally)
\depth=\dimen155 (locally)
\totalheight=\dimen156 (locally)
\width=\dimen157 (locally)
\height=\dimen154 (locally)
\depth=\dimen155 (locally)
\totalheight=\dimen156 (locally)
\width=\dimen157 (locally)
[27]
\height=\dimen154 (locally)
\depth=\dimen155 (locally)
\totalheight=\dimen156 (locally)
\width=\dimen157 (locally)
\height=\dimen154 (locally)
\depth=\dimen155 (locally)
\totalheight=\dimen156 (locally)
\width=\dimen157 (locally)
\height=\dimen154 (locally)
\depth=\dimen155 (locally)
\totalheight=\dimen156 (locally)
\width=\dimen157 (locally)
\height=\dimen154 (locally)
\depth=\dimen155 (locally)
\totalheight=\dimen156 (locally)
\width=\dimen157 (locally)
\height=\dimen154 (locally)
\depth=\dimen155 (locally)
\totalheight=\dimen156 (locally)
\width=\dimen157 (locally)
\height=\dimen154 (locally)
\depth=\dimen155 (locally)
\totalheight=\dimen156 (locally)
\width=\dimen157 (locally)
\height=\dimen154 (locally)
\depth=\dimen155 (locally)
\totalheight=\dimen156 (locally)
\width=\dimen157 (locally)
\height=\dimen154 (locally)
\depth=\dimen155 (locally)
\totalheight=\dimen156 (locally)
\width=\dimen157 (locally)
\height=\dimen154 (locally)
\depth=\dimen155 (locally)
\totalheight=\dimen156 (locally)
\width=\dimen157 (locally)
\height=\dimen154 (locally)
\depth=\dimen155 (locally)
\totalheight=\dimen156 (locally)
\width=\dimen157 (locally)
\height=\dimen154 (locally)
\depth=\dimen155 (locally)
\totalheight=\dimen156 (locally)
\width=\dimen157 (locally)
\height=\dimen154 (locally)
\depth=\dimen155 (locally)
\totalheight=\dimen156 (locally)
\width=\dimen157 (locally)
\height=\dimen154 (locally)
\depth=\dimen155 (locally)
\totalheight=\dimen156 (locally)
\width=\dimen157 (locally)
LaTeX Font Info:    Font shape `T1/pcr/m/it' in size <10> not available
(Font)              Font shape `T1/pcr/m/sl' tried instead on input line 145.

Overfull \hbox (1.44019pt too wide) in paragraph at lines 145--145
 []\T1/pcr/m/sl/10 [CENT3:0] 
 []

\height=\dimen154 (locally)
\depth=\dimen155 (locally)
\totalheight=\dimen156 (locally)
\width=\dimen157 (locally)
\height=\dimen154 (locally)
\depth=\dimen155 (locally)
\totalheight=\dimen156 (locally)
\width=\dimen157 (locally)
\height=\dimen154 (locally)
\depth=\dimen155 (locally)
\totalheight=\dimen156 (locally)
\width=\dimen157 (locally)
\height=\dimen154 (locally)
\depth=\dimen155 (locally)
\totalheight=\dimen156 (locally)
\width=\dimen157 (locally)

Overfull \hbox (1.44019pt too wide) in paragraph at lines 156--156
 []\T1/pcr/m/sl/10 CENT[7:4] 
 []

\height=\dimen154 (locally)
\depth=\dimen155 (locally)
\totalheight=\dimen156 (locally)
\width=\dimen157 (locally)
\height=\dimen154 (locally)
\depth=\dimen155 (locally)
\totalheight=\dimen156 (locally)
\width=\dimen157 (locally)
\height=\dimen154 (locally)
\depth=\dimen155 (locally)
\totalheight=\dimen156 (locally)
\width=\dimen157 (locally)
\height=\dimen154 (locally)
\depth=\dimen155 (locally)
\totalheight=\dimen156 (locally)
\width=\dimen157 (locally)
\height=\dimen154 (locally)
\depth=\dimen155 (locally)
\totalheight=\dimen156 (locally)
\width=\dimen157 (locally)
\height=\dimen154 (locally)
\depth=\dimen155 (locally)
\totalheight=\dimen156 (locally)
\width=\dimen157 (locally)
\height=\dimen154 (locally)
\depth=\dimen155 (locally)
\totalheight=\dimen156 (locally)
\width=\dimen157 (locally)
\height=\dimen154 (locally)
\depth=\dimen155 (locally)
\totalheight=\dimen156 (locally)
\width=\dimen157 (locally)
\height=\dimen154 (locally)
\depth=\dimen155 (locally)
\totalheight=\dimen156 (locally)
\width=\dimen157 (locally)
\height=\dimen154 (locally)
\depth=\dimen155 (locally)
\totalheight=\dimen156 (locally)
\width=\dimen157 (locally)
\height=\dimen154 (locally)
\depth=\dimen155 (locally)
\totalheight=\dimen156 (locally)
\width=\dimen157 (locally)
\height=\dimen154 (locally)
\depth=\dimen155 (locally)
\totalheight=\dimen156 (locally)
\width=\dimen157 (locally)
\height=\dimen154 (locally)
\depth=\dimen155 (locally)
\totalheight=\dimen156 (locally)
\width=\dimen157 (locally)
\height=\dimen154 (locally)
\depth=\dimen155 (locally)
\totalheight=\dimen156 (locally)
\width=\dimen157 (locally)
[28]
Overfull \hbox (25.51822pt too wide) in paragraph at lines 194--198
\T1/lmr/m/n/10.95 VHDL snip-pets files (\T1/pcr/m/n/10.95 algo_-index.vhd\T1/lm
r/m/n/10.95 , \T1/pcr/m/n/10.95 gtl_-module_-instances.vhd\T1/lmr/m/n/10.95 , \
T1/pcr/m/n/10.95 gtl_-module_-
 []


Overfull \hbox (10.1895pt too wide) in paragraph at lines 194--198
\T1/pcr/m/n/10.95 gtl_-module.vhd \T1/lmr/m/n/10.95 ([][]\T1/pcr/m/n/10.95 gtl_
-module_-tpl.vhd[][]\T1/lmr/m/n/10.95 ) and \T1/pcr/m/n/10.95 gtl_-pkg.vhd \T1/
lmr/m/n/10.95 ([][]\T1/pcr/m/n/10.95 gtl_-pkg_-tpl.vhd[][]\T1/lmr/m/n/10.95 )
 []

Package epstopdf Info: Source file: <figures/tme_gtl.eps>
(epstopdf)                    date: 2021-09-24 11:04:51
(epstopdf)                    size: 930726 bytes
(epstopdf)             Output file: <figures/tme_gtl-eps-converted-to.pdf>
(epstopdf)                    date: 2021-09-24 11:04:55
(epstopdf)                    size: 367720 bytes
(epstopdf)             Command: <epstopdf --outfile=figures/tme_gtl-eps-convert
ed-to.pdf figures/tme_gtl.eps>
(epstopdf)             \includegraphics on input line 203.
Package epstopdf Info: Output file is already uptodate.


pdfTeX warning: pdflatex (file ./figures/tme_gtl-eps-converted-to.pdf): PDF inc
lusion: found PDF version <1.7>, but at most version <1.5> allowed
<figures/tme_gtl-eps-converted-to.pdf, id=804, 383.4325pt x 437.635pt>
File: figures/tme_gtl-eps-converted-to.pdf Graphic file (type pdf)

<use figures/tme_gtl-eps-converted-to.pdf>
Package pdftex.def Info: figures/tme_gtl-eps-converted-to.pdf used on input lin
e 203.
(pdftex.def)             Requested size: 426.79134pt x 487.14954pt.

Underfull \hbox (badness 10000) in paragraph at lines 208--210

 []

(./interfaces/gtl_module_tpl.vhd [29

]
LaTeX Font Info:    Font shape `T1/pcr/m/it' in size <9> not available
(Font)              Font shape `T1/pcr/m/sl' tried instead on input line 11.

Overfull \hbox (52.55109pt too wide) in paragraph at lines 11--12
[][][][] 
 []


Overfull \hbox (52.55109pt too wide) in paragraph at lines 29--30
[][][][] 
 []

) [30] [31 <./figures/tme_gtl-eps-converted-to.pdf>]

Package hyperref Warning: Token not allowed in a PDF string (Unicode):
(hyperref)                removing `\mu' on input line 232.


Package hyperref Warning: Token not allowed in a PDF string (Unicode):
(hyperref)                removing `math shift' on input line 235.


Package hyperref Warning: Token not allowed in a PDF string (Unicode):
(hyperref)                removing `\pm' on input line 235.


Package hyperref Warning: Token not allowed in a PDF string (Unicode):
(hyperref)                removing `math shift' on input line 235.

Package epstopdf Info: Source file: <figures/gtl_pipeline.eps>
(epstopdf)                    date: 2021-09-24 11:04:35
(epstopdf)                    size: 229426 bytes
(epstopdf)             Output file: <figures/gtl_pipeline-eps-converted-to.pdf>

(epstopdf)                    date: 2021-09-24 11:04:55
(epstopdf)                    size: 87632 bytes
(epstopdf)             Command: <epstopdf --outfile=figures/gtl_pipeline-eps-co
nverted-to.pdf figures/gtl_pipeline.eps>
(epstopdf)             \includegraphics on input line 246.
Package epstopdf Info: Output file is already uptodate.


pdfTeX warning: pdflatex (file ./figures/gtl_pipeline-eps-converted-to.pdf): PD
F inclusion: found PDF version <1.7>, but at most version <1.5> allowed
<figures/gtl_pipeline-eps-converted-to.pdf, id=858, 498.86375pt x 437.635pt>
File: figures/gtl_pipeline-eps-converted-to.pdf Graphic file (type pdf)

<use figures/gtl_pipeline-eps-converted-to.pdf>
Package pdftex.def Info: figures/gtl_pipeline-eps-converted-to.pdf used on inpu
t line 246.
(pdftex.def)             Requested size: 426.79134pt x 374.42221pt.

Underfull \hbox (badness 10000) in paragraph at lines 255--256

 []

[32

 <./figures/gtl_pipeline-eps-converted-to.pdf>]
(/usr/share/texlive/texmf-dist/tex/latex/ucs/data/uni-0.def
File: uni-0.def 2013/05/13 UCS: Unicode data U+0000..U+00FF
)
\height=\dimen154 (locally)
\depth=\dimen155 (locally)
\totalheight=\dimen156 (locally)
\width=\dimen157 (locally)
\height=\dimen154 (locally)
\depth=\dimen155 (locally)
\totalheight=\dimen156 (locally)
\width=\dimen157 (locally)
\height=\dimen154 (locally)
\depth=\dimen155 (locally)
\totalheight=\dimen156 (locally)
\width=\dimen157 (locally)
\height=\dimen154 (locally)
\depth=\dimen155 (locally)
\totalheight=\dimen156 (locally)
\width=\dimen157 (locally)
\height=\dimen154 (locally)
\depth=\dimen155 (locally)
\totalheight=\dimen156 (locally)
\width=\dimen157 (locally)
\height=\dimen154 (locally)
\depth=\dimen155 (locally)
\totalheight=\dimen156 (locally)
\width=\dimen157 (locally)
\height=\dimen154 (locally)
\depth=\dimen155 (locally)
\totalheight=\dimen156 (locally)
\width=\dimen157 (locally)
\height=\dimen154 (locally)
\depth=\dimen155 (locally)
\totalheight=\dimen156 (locally)
\width=\dimen157 (locally)
\height=\dimen154 (locally)
\depth=\dimen155 (locally)
\totalheight=\dimen156 (locally)
\width=\dimen157 (locally)
 [33]
\height=\dimen154 (locally)
\depth=\dimen155 (locally)
\totalheight=\dimen156 (locally)
\width=\dimen157 (locally)
\height=\dimen154 (locally)
\depth=\dimen155 (locally)
\totalheight=\dimen156 (locally)
\width=\dimen157 (locally)
\height=\dimen154 (locally)
\depth=\dimen155 (locally)
\totalheight=\dimen156 (locally)
\width=\dimen157 (locally)
\height=\dimen154 (locally)
\depth=\dimen155 (locally)
\totalheight=\dimen156 (locally)
\width=\dimen157 (locally)
\height=\dimen154 (locally)
\depth=\dimen155 (locally)
\totalheight=\dimen156 (locally)
\width=\dimen157 (locally)

Underfull \hbox (badness 10000) in paragraph at lines 321--322

 []


Underfull \hbox (badness 10000) in paragraph at lines 340--341

 []


Underfull \hbox (badness 10000) in paragraph at lines 356--357

 []

[34] [35]
\height=\dimen154 (locally)
\depth=\dimen155 (locally)
\totalheight=\dimen156 (locally)
\width=\dimen157 (locally)
\height=\dimen154 (locally)
\depth=\dimen155 (locally)
\totalheight=\dimen156 (locally)
\width=\dimen157 (locally)
\height=\dimen154 (locally)
\depth=\dimen155 (locally)
\totalheight=\dimen156 (locally)
\width=\dimen157 (locally)
\height=\dimen154 (locally)
\depth=\dimen155 (locally)
\totalheight=\dimen156 (locally)
\width=\dimen157 (locally)
\height=\dimen154 (locally)
\depth=\dimen155 (locally)
\totalheight=\dimen156 (locally)
\width=\dimen157 (locally)
\height=\dimen154 (locally)
\depth=\dimen155 (locally)
\totalheight=\dimen156 (locally)
\width=\dimen157 (locally)
\height=\dimen154 (locally)
\depth=\dimen155 (locally)
\totalheight=\dimen156 (locally)
\width=\dimen157 (locally)
\height=\dimen154 (locally)
\depth=\dimen155 (locally)
\totalheight=\dimen156 (locally)
\width=\dimen157 (locally)

Overfull \hbox (11.14815pt too wide) in paragraph at lines 424--425
[]\T1/lmr/m/n/10.95 Frame2: The data struc-ture of "miss-ing Et" ($\OML/lmm/m/i
t/10.95 ET[]$\T1/lmr/m/n/10.95 ) quan-tity [in-clud-ing "Asym-me-try" ASYMET
 []

\height=\dimen154 (locally)
\depth=\dimen155 (locally)
\totalheight=\dimen156 (locally)
\width=\dimen157 (locally)
\height=\dimen154 (locally)
\depth=\dimen155 (locally)
\totalheight=\dimen156 (locally)
\width=\dimen157 (locally)
\height=\dimen154 (locally)
\depth=\dimen155 (locally)
\totalheight=\dimen156 (locally)
\width=\dimen157 (locally)
\height=\dimen154 (locally)
\depth=\dimen155 (locally)
\totalheight=\dimen156 (locally)
\width=\dimen157 (locally)

Overfull \hbox (13.9466pt too wide) in paragraph at lines 435--436
[]\T1/lmr/m/n/10.95 Frame3: The data struc-ture of "miss-ing Ht" ($\OML/lmm/m/i
t/10.95 HT[]$\T1/lmr/m/n/10.95 ) quan-tity [in-clud-ing "Asym-me-try" ASYMHT
 []

\height=\dimen154 (locally)
\depth=\dimen155 (locally)
\totalheight=\dimen156 (locally)
\width=\dimen157 (locally)
\height=\dimen154 (locally)
\depth=\dimen155 (locally)
\totalheight=\dimen156 (locally)
\width=\dimen157 (locally)
\height=\dimen154 (locally)
\depth=\dimen155 (locally)
\totalheight=\dimen156 (locally)
\width=\dimen157 (locally)
\height=\dimen154 (locally)
\depth=\dimen155 (locally)
\totalheight=\dimen156 (locally)
\width=\dimen157 (locally)
\height=\dimen154 (locally)
\depth=\dimen155 (locally)
\totalheight=\dimen156 (locally)
\width=\dimen157 (locally)

Overfull \hbox (1.44019pt too wide) in paragraph at lines 450--450
 []\T1/pcr/m/sl/10 CENT[3:0] 
 []

\height=\dimen154 (locally)
\depth=\dimen155 (locally)
\totalheight=\dimen156 (locally)
\width=\dimen157 (locally)
\height=\dimen154 (locally)
\depth=\dimen155 (locally)
\totalheight=\dimen156 (locally)
\width=\dimen157 (locally)
\height=\dimen154 (locally)
\depth=\dimen155 (locally)
\totalheight=\dimen156 (locally)
\width=\dimen157 (locally)
\height=\dimen154 (locally)
\depth=\dimen155 (locally)
\totalheight=\dimen156 (locally)
\width=\dimen157 (locally)

Overfull \hbox (1.44019pt too wide) in paragraph at lines 461--461
 []\T1/pcr/m/sl/10 CENT[7:4] 
 []

\height=\dimen154 (locally)
\depth=\dimen155 (locally)
\totalheight=\dimen156 (locally)
\width=\dimen157 (locally)
\height=\dimen154 (locally)
\depth=\dimen155 (locally)
\totalheight=\dimen156 (locally)
\width=\dimen157 (locally)
\height=\dimen154 (locally)
\depth=\dimen155 (locally)
\totalheight=\dimen156 (locally)
\width=\dimen157 (locally)
[36]
\height=\dimen154 (locally)
\depth=\dimen155 (locally)
\totalheight=\dimen156 (locally)
\width=\dimen157 (locally)
\height=\dimen154 (locally)
\depth=\dimen155 (locally)
\totalheight=\dimen156 (locally)
\width=\dimen157 (locally)
\height=\dimen154 (locally)
\depth=\dimen155 (locally)
\totalheight=\dimen156 (locally)
\width=\dimen157 (locally)
\height=\dimen154 (locally)
\depth=\dimen155 (locally)
\totalheight=\dimen156 (locally)
\width=\dimen157 (locally)
\height=\dimen154 (locally)
\depth=\dimen155 (locally)
\totalheight=\dimen156 (locally)
\width=\dimen157 (locally)
\height=\dimen154 (locally)
\depth=\dimen155 (locally)
\totalheight=\dimen156 (locally)
\width=\dimen157 (locally)
\height=\dimen154 (locally)
\depth=\dimen155 (locally)
\totalheight=\dimen156 (locally)
\width=\dimen157 (locally)
\height=\dimen154 (locally)
\depth=\dimen155 (locally)
\totalheight=\dimen156 (locally)
\width=\dimen157 (locally)
\height=\dimen154 (locally)
\depth=\dimen155 (locally)
\totalheight=\dimen156 (locally)
\width=\dimen157 (locally)
\height=\dimen154 (locally)
\depth=\dimen155 (locally)
\totalheight=\dimen156 (locally)
\width=\dimen157 (locally)
\height=\dimen154 (locally)
\depth=\dimen155 (locally)
\totalheight=\dimen156 (locally)
\width=\dimen157 (locally)
 [37]
Underfull \hbox (badness 10000) in paragraph at lines 506--509

 []


Underfull \hbox (badness 10000) in paragraph at lines 529--530

 []


Underfull \hbox (badness 10000) in paragraph at lines 545--546

 []


Underfull \hbox (badness 10000) in paragraph at lines 573--574

 []


Underfull \hbox (badness 10000) in paragraph at lines 589--590

 []

[38]

Package hyperref Warning: Token not allowed in a PDF string (Unicode):
(hyperref)                removing `math shift' on input line 605.


Package hyperref Warning: Token not allowed in a PDF string (Unicode):
(hyperref)                removing `\eta' on input line 605.


Package hyperref Warning: Token not allowed in a PDF string (Unicode):
(hyperref)                removing `math shift' on input line 605.


Package hyperref Warning: Token not allowed in a PDF string (Unicode):
(hyperref)                removing `math shift' on input line 605.


Package hyperref Warning: Token not allowed in a PDF string (Unicode):
(hyperref)                removing `\varphi' on input line 605.


Package hyperref Warning: Token not allowed in a PDF string (Unicode):
(hyperref)                removing `math shift' on input line 605.

[39] [40]
LaTeX Font Info:    External font `lmex10' loaded for size
(Font)              <9> on input line 663.
 [41]
LaTeX Font Info:    Try loading font information for TS1+pcr on input line 806.

 (/usr/share/texlive/texmf-dist/tex/latex/psnfss/ts1pcr.fd
File: ts1pcr.fd 2001/06/04 font definitions for TS1/pcr.
)
Package epstopdf Info: Source file: <figures/phi_windows_comparator.eps>
(epstopdf)                    date: 2021-09-24 11:04:46
(epstopdf)                    size: 86720 bytes
(epstopdf)             Output file: <figures/phi_windows_comparator-eps-convert
ed-to.pdf>
(epstopdf)                    date: 2021-09-24 11:04:56
(epstopdf)                    size: 34804 bytes
(epstopdf)             Command: <epstopdf --outfile=figures/phi_windows_compara
tor-eps-converted-to.pdf figures/phi_windows_comparator.eps>
(epstopdf)             \includegraphics on input line 815.
Package epstopdf Info: Output file is already uptodate.


pdfTeX warning: pdflatex (file ./figures/phi_windows_comparator-eps-converted-t
o.pdf): PDF inclusion: found PDF version <1.7>, but at most version <1.5> allow
ed

<figures/phi_windows_comparator-eps-converted-to.pdf, id=915, 684.5575pt x 274.
02374pt>
File: figures/phi_windows_comparator-eps-converted-to.pdf Graphic file (type pd
f)
 <use figures/phi_windows_comparator-eps-converted-to.pdf>
Package pdftex.def Info: figures/phi_windows_comparator-eps-converted-to.pdf us
ed on input line 815.
(pdftex.def)             Requested size: 426.79134pt x 170.84628pt.
 [42 <./figures/phi_windows_comparator-eps-converted-to.pdf>] [43

]
Underfull \hbox (badness 10000) in paragraph at lines 904--905

 []

[44

] [45] [46] (./interfaces/esums_conditions.vhd) [47

]
Underfull \hbox (badness 10000) in paragraph at lines 985--993

 []

[48] [49]
Package epstopdf Info: Source file: <figures/scheme_vhdl_cuts_correllation_cond
ition.eps>
(epstopdf)                    date: 2021-09-24 11:04:48
(epstopdf)                    size: 293900 bytes
(epstopdf)             Output file: <figures/scheme_vhdl_cuts_correllation_cond
ition-eps-converted-to.pdf>
(epstopdf)                    date: 2021-09-24 11:04:56
(epstopdf)                    size: 117918 bytes
(epstopdf)             Command: <epstopdf --outfile=figures/scheme_vhdl_cuts_co
rrellation_condition-eps-converted-to.pdf figures/scheme_vhdl_cuts_correllation
_condition.eps>
(epstopdf)             \includegraphics on input line 1107.
Package epstopdf Info: Output file is already uptodate.


pdfTeX warning: pdflatex (file ./figures/scheme_vhdl_cuts_correllation_conditio
n-eps-converted-to.pdf): PDF inclusion: found PDF version <1.7>, but at most ve
rsion <1.5> allowed

<figures/scheme_vhdl_cuts_correllation_condition-eps-converted-to.pdf, id=988, 
538.01pt x 437.635pt>
File: figures/scheme_vhdl_cuts_correllation_condition-eps-converted-to.pdf Grap
hic file (type pdf)

<use figures/scheme_vhdl_cuts_correllation_condition-eps-converted-to.pdf>
Package pdftex.def Info: figures/scheme_vhdl_cuts_correllation_condition-eps-co
nverted-to.pdf used on input line 1107.
(pdftex.def)             Requested size: 426.79134pt x 347.17026pt.


Package hyperref Warning: Token not allowed in a PDF string (Unicode):
(hyperref)                removing `math shift' on input line 1117.


Package hyperref Warning: Token not allowed in a PDF string (Unicode):
(hyperref)                removing `\Delta' on input line 1117.


Package hyperref Warning: Token not allowed in a PDF string (Unicode):
(hyperref)                removing `math shift' on input line 1117.


Underfull \hbox (badness 10000) in paragraph at lines 1120--1121

 []


Underfull \hbox (badness 10000) in paragraph at lines 1122--1123

 []


Underfull \hbox (badness 10000) in paragraph at lines 1131--1132

 []

[50

]
Underfull \hbox (badness 10000) in paragraph at lines 1133--1134

 []


Underfull \hbox (badness 10000) in paragraph at lines 1141--1142

 []


Underfull \hbox (badness 10000) in paragraph at lines 1143--1144

 []

[51 <./figures/scheme_vhdl_cuts_correllation_condition-eps-converted-to.pdf>]
Underfull \hbox (badness 10000) in paragraph at lines 1151--1152

 []


Underfull \hbox (badness 10000) in paragraph at lines 1153--1154

 []


Package hyperref Warning: Token not allowed in a PDF string (Unicode):
(hyperref)                removing `math shift' on input line 1158.


Package hyperref Warning: Token not allowed in a PDF string (Unicode):
(hyperref)                removing `\Delta' on input line 1158.


Package hyperref Warning: Token not allowed in a PDF string (Unicode):
(hyperref)                removing `math shift' on input line 1158.


Underfull \hbox (badness 10000) in paragraph at lines 1161--1162

 []


Underfull \hbox (badness 10000) in paragraph at lines 1163--1164

 []


Underfull \hbox (badness 10000) in paragraph at lines 1165--1166

 []

[52]
Underfull \hbox (badness 10000) in paragraph at lines 1206--1207

 []

[53] [54]
Overfull \hbox (4.94235pt too wide) in paragraph at lines 1320--1322
[]\T1/lmr/m/n/10.95 Correlation con-di-tion with calorime-ter ob-jects and en-e
rgy sum quan-ti-ties ($\OML/lmm/m/it/10.95 ET[]$\T1/lmr/m/n/10.95 , ET$[]$
 []


Underfull \hbox (badness 10000) in paragraph at lines 1324--1325

 []

[55]
Underfull \hbox (badness 10000) in paragraph at lines 1331--1332

 []


Underfull \hbox (badness 10000) in paragraph at lines 1332--1333

 []

) (./content/fdl.tex
Package epstopdf Info: Source file: <figures/mFDL_firmware.eps>
(epstopdf)                    date: 2021-09-24 11:04:37
(epstopdf)                    size: 223249 bytes
(epstopdf)             Output file: <figures/mFDL_firmware-eps-converted-to.pdf
>
(epstopdf)                    date: 2021-09-24 11:04:57
(epstopdf)                    size: 96525 bytes
(epstopdf)             Command: <epstopdf --outfile=figures/mFDL_firmware-eps-c
onverted-to.pdf figures/mFDL_firmware.eps>
(epstopdf)             \includegraphics on input line 8.
Package epstopdf Info: Output file is already uptodate.


pdfTeX warning: pdflatex (file ./figures/mFDL_firmware-eps-converted-to.pdf): P
DF inclusion: found PDF version <1.7>, but at most version <1.5> allowed

<figures/mFDL_firmware-eps-converted-to.pdf, id=1026, 684.5575pt x 326.21875pt>
File: figures/mFDL_firmware-eps-converted-to.pdf Graphic file (type pdf)
<use figures/mFDL_firmware-eps-converted-to.pdf>
Package pdftex.def Info: figures/mFDL_firmware-eps-converted-to.pdf used on inp
ut line 8.
(pdftex.def)             Requested size: 426.79134pt x 203.38844pt.


Package hyperref Warning: Token not allowed in a PDF string (Unicode):
(hyperref)                removing `\mu' on input line 13.

[56] [57 <./figures/mFDL_firmware-eps-converted-to.pdf>]
Package epstopdf Info: Source file: <figures/fdl_pipeline.eps>
(epstopdf)                    date: 2021-09-24 11:04:33
(epstopdf)                    size: 128249 bytes
(epstopdf)             Output file: <figures/fdl_pipeline-eps-converted-to.pdf>

(epstopdf)                    date: 2021-09-24 11:04:57
(epstopdf)                    size: 50988 bytes
(epstopdf)             Command: <epstopdf --outfile=figures/fdl_pipeline-eps-co
nverted-to.pdf figures/fdl_pipeline.eps>
(epstopdf)             \includegraphics on input line 56.
Package epstopdf Info: Output file is already uptodate.


pdfTeX warning: pdflatex (file ./figures/fdl_pipeline-eps-converted-to.pdf): PD
F inclusion: found PDF version <1.7>, but at most version <1.5> allowed

<figures/fdl_pipeline-eps-converted-to.pdf, id=1037, 684.5575pt x 380.42125pt>
File: figures/fdl_pipeline-eps-converted-to.pdf Graphic file (type pdf)

<use figures/fdl_pipeline-eps-converted-to.pdf>
Package pdftex.def Info: figures/fdl_pipeline-eps-converted-to.pdf used on inpu
t line 56.
(pdftex.def)             Requested size: 426.79134pt x 237.1822pt.
 [58 <./figures/fdl_pipeline-eps-converted-to.pdf>] [59]
Overfull \hbox (19.54956pt too wide) in alignment at lines 132--138
 [] [] [] [] 
 []


Underfull \hbox (badness 5726) in paragraph at lines 139--140
[]|\T1/lmr/m/n/10.95 4096 mem-ory ad-dresses of
 []


Underfull \hbox (badness 5726) in paragraph at lines 140--141
[]|\T1/lmr/m/n/10.95 4096 mem-ory ad-dresses of
 []


Underfull \hbox (badness 5726) in paragraph at lines 142--143
[]|\T1/lmr/m/n/10.95 4096 mem-ory ad-dresses of
 []


Overfull \hbox (13.47098pt too wide) in paragraph at lines 143--143
[]|[]\T1/pcr/m/n/10.95 Rate counter before prescaler| 
 []


Underfull \hbox (badness 5726) in paragraph at lines 143--144
[]|\T1/lmr/m/n/10.95 512 read-only reg-is-ters for
 []


Underfull \hbox (badness 10000) in paragraph at lines 143--144
\T1/lmr/m/n/10.95 rate-counter val-ues be-fore
 []


Overfull \hbox (6.90099pt too wide) in paragraph at lines 145--145
[]|[]\T1/pcr/m/n/10.95 Rate counter after prescaler| 
 []


Underfull \hbox (badness 5726) in paragraph at lines 145--146
[]|\T1/lmr/m/n/10.95 512 read-only reg-is-ters for
 []


Underfull \hbox (badness 10000) in paragraph at lines 145--146
\T1/lmr/m/n/10.95 rate-counter val-ues af-ter
 []


Underfull \hbox (badness 5726) in paragraph at lines 146--147
[]|\T1/lmr/m/n/10.95 512 read-only reg-is-ters for
 []


Underfull \hbox (badness 10000) in paragraph at lines 146--147
\T1/lmr/m/n/10.95 post-dead-time rate-counter
 []


Underfull \hbox (badness 2359) in paragraph at lines 150--151
[]|\T1/lmr/m/n/10.95 32 reg-is-ters for L1 Trig-ger
 []


Overfull \hbox (19.54956pt too wide) in alignment at lines 138--160
 [] [] [] [] 
 []


Underfull \hbox (badness 3590) in paragraph at lines 163--164
[]|\T1/lmr/m/n/10.95 One read-only reg-is-ters for
 []


Underfull \hbox (badness 3590) in paragraph at lines 164--165
[]|\T1/lmr/m/n/10.95 One read-only reg-is-ters for
 []


Underfull \hbox (badness 10000) in paragraph at lines 165--166
\T1/lmr/m/n/10.95 fac-tors set in-dex, which
 []


Underfull \hbox (badness 10000) in paragraph at lines 165--166
\T1/lmr/m/n/10.95 was "up-dated" with be-
 []


Underfull \hbox (badness 4454) in paragraph at lines 165--166
\T1/lmr/m/n/10.95 gin of cur-rent lumi-section
 []


Underfull \hbox (badness 10000) in paragraph at lines 165--166
\T1/lmr/m/n/10.95 ("prescale_-fac-tors_-set_-
 []


Underfull \hbox (badness 10000) in paragraph at lines 165--166
\T1/lmr/m/n/10.95 in-dex_-reg_-up-dated(0)" in
 []


Underfull \hbox (badness 10000) in paragraph at lines 166--167
\T1/lmr/m/n/10.95 "up-dated" with be-gin of
 []


Underfull \hbox (badness 10000) in paragraph at lines 166--167
\T1/lmr/m/n/10.95 i-tor-ing "prescale_-fac-tors_-
 []


Underfull \hbox (badness 10000) in paragraph at lines 166--167
\T1/lmr/m/n/10.95 set_-in-dex_-reg_-up-dated(1)"
 []


Overfull \hbox (19.54956pt too wide) in alignment at lines 160--170
 [] [] [] [] 
 []

[60] [61] [62] [63] [64] [65] [66] [67] [68

]
Underfull \hbox (badness 10000) in paragraph at lines 514--515

 []


Underfull \hbox (badness 10000) in paragraph at lines 516--517

 []

(./interfaces/fdl_module.vhd [69]) [70]) (./content/rop.tex [71

])
(./content/glossary.tex
Overfull \hbox (21.71692pt too wide) in paragraph at lines 20--21
[]\T1/lmr/m/n/10.95 = Min-i-mum bias HF bits (VHDL: MBT0HFP, MBT0HFM, MBT1HFP, 
MBT1HFM) 
 []

[72

]) (./content/acronyms.tex) [73

] (./gt-mp7-firmware-specification.bbl
(./gt-mp7-firmware-specification.brf)
\tf@brf=\write9
\openout9 = `gt-mp7-firmware-specification.brf'.



LaTeX Warning: Empty `thebibliography' environment on input line 3.

)
No file gt-mp7-firmware-specification.ind.

AED: lastpage setting LastPage
[74

]
Package atveryend Info: Empty hook `BeforeClearDocument' on input line 89.
Package atveryend Info: Empty hook `AfterLastShipout' on input line 89.
 (./gt-mp7-firmware-specification.aux)
Package atveryend Info: Executing hook `AtVeryEndDocument' on input line 89.
Package atveryend Info: Executing hook `AtEndAfterFileList' on input line 89.
Package rerunfilecheck Info: File `gt-mp7-firmware-specification.out' has not c
hanged.
(rerunfilecheck)             Checksum: 660E6A93798C5387AB5C76E2131E7F97;16482.
Package rerunfilecheck Info: File `gt-mp7-firmware-specification.brf' has not c
hanged.
(rerunfilecheck)             Checksum: D41D8CD98F00B204E9800998ECF8427E;0.


LaTeX Warning: There were undefined references.


LaTeX Warning: There were multiply-defined labels.

Package atveryend Info: Empty hook `AtVeryVeryEnd' on input line 89.
 ) 
Here is how much of TeX's memory you used:
 15731 strings out of 495028
 222907 string characters out of 6181496
 442117 words of memory out of 5000000
 18192 multiletter control sequences out of 15000+600000
 106571 words of font info for 81 fonts, out of 8000000 for 9000
 14 hyphenation exceptions out of 8191
 49i,14n,45p,1107b,1920s stack positions out of 5000i,500n,10000p,200000b,80000s
{/usr/share/texmf/fonts/enc/dvips/lm/lm-rm.enc}{/usr/share/texmf/fonts/enc/dv
ips/lm/lm-mathit.enc}{/usr/share/texmf/fonts/enc/dvips/lm/lm-mathex.enc}{/usr/s
hare/texmf/fonts/enc/dvips/lm/lm-ec.enc}{/usr/share/texlive/texmf-dist/fonts/en
c/dvips/base/8r.enc}{/usr/share/texmf/fonts/enc/dvips/lm/lm-mathsy.enc}{/usr/sh
are/texmf/fonts/enc/dvips/lm/lm-ts1.enc}</usr/share/texmf/fonts/type1/public/lm
/lmbx10.pfb></usr/share/texmf/fonts/type1/public/lm/lmbx12.pfb></usr/share/texm
f/fonts/type1/public/lm/lmbxi10.pfb></usr/share/texmf/fonts/type1/public/lm/lmc
sc10.pfb></usr/share/texmf/fonts/type1/public/lm/lmex10.pfb></usr/share/texmf/f
onts/type1/public/lm/lmmi10.pfb></usr/share/texmf/fonts/type1/public/lm/lmmi12.
pfb></usr/share/texmf/fonts/type1/public/lm/lmmi6.pfb></usr/share/texmf/fonts/t
ype1/public/lm/lmmi8.pfb></usr/share/texmf/fonts/type1/public/lm/lmmi9.pfb></us
r/share/texmf/fonts/type1/public/lm/lmr10.pfb></usr/share/texmf/fonts/type1/pub
lic/lm/lmr12.pfb></usr/share/texmf/fonts/type1/public/lm/lmr5.pfb></usr/share/t
exmf/fonts/type1/public/lm/lmr6.pfb></usr/share/texmf/fonts/type1/public/lm/lmr
8.pfb></usr/share/texmf/fonts/type1/public/lm/lmr9.pfb></usr/share/texmf/fonts/
type1/public/lm/lmri10.pfb></usr/share/texmf/fonts/type1/public/lm/lmss8.pfb></
usr/share/texmf/fonts/type1/public/lm/lmss9.pfb></usr/share/texmf/fonts/type1/p
ublic/lm/lmsy10.pfb></usr/share/texmf/fonts/type1/public/lm/lmsy8.pfb></usr/sha
re/texlive/texmf-dist/fonts/type1/urw/courier/ucrb8a.pfb></usr/share/texlive/te
xmf-dist/fonts/type1/urw/courier/ucrr8a.pfb></usr/share/texlive/texmf-dist/font
s/type1/urw/courier/ucrro8a.pfb>
Output written on gt-mp7-firmware-specification.pdf (75 pages, 1606380 bytes).
PDF statistics:
 1356 PDF objects out of 1440 (max. 8388607)
 1227 compressed objects within 13 object streams
 378 named destinations out of 1000 (max. 500000)
 716 words of extra memory for PDF output out of 10000 (max. 10000000)

